
> @protofire/dia-cardano-oracle-cli@0.1.0 cli
> tsx src/index.ts preview:update --intent ./state/preview_rerun_20260513-161549/intents/btc-usd.signed.json --protocol-state ./state/preview_rerun_20260513-161549/config-bootstrap.json --client-state ./state/preview_rerun_20260513-161549/clients/client-a.json --state ./state/preview_rerun_20260513-161549/clients/client-a/pairs/btc-usd.json

[1G[0K[preview:update] Loading signed intent from /home/manuelpadilla/sources/reposUbuntu/PROTOFIRE/DIA/dia-cardano-oracle/offchain/cli/state/preview_rerun_20260513-161549/intents/btc-usd.signed.json
[preview:update] Loading client and protocol state
[preview:update] Connecting to Preview and selecting the configured wallet
[preview:update] Building Preview oracle update transaction
[preview:update] Tx resources: fee=0.786173 ADA (786173 lovelace), cpu=696022842, mem=1913724
[preview:update] Output[0] | addr=addr_test1wrjg...cjxpl5 | lovelace=5.000000 ADA (5000000) | assets=e48068e7cd05...c2a497=1 | datum=inline(95B)
[preview:update] Output[1] | addr=addr_test1wplc...whskwl | lovelace=35.000000 ADA (35000000) | assets=7f822870de6f...545f41=1 | datum=inline(19B)
[preview:update] Output[2] | addr=addr_test1qpgp...quxj3j | lovelace=3697.914470 ADA (3697914470)
[preview:update] Unsigned transaction ready: b31701ba5e8422c5c28ac885e74fde98b31d9cee6fea5d2be595e02b5484423c
[preview:update] Submitted transaction hash: b31701ba5e8422c5c28ac885e74fde98b31d9cee6fea5d2be595e02b5484423c
[preview:update] Confirmed by Blockfrost: oracle update transaction b31701ba5e8422c5c28ac885e74fde98b31d9cee6fea5d2be595e02b5484423c.
[cli] Wrote JSON output to /home/manuelpadilla/sources/reposUbuntu/PROTOFIRE/DIA/dia-cardano-oracle/offchain/cli/state/preview_rerun_20260513-161549/clients/client-a/pairs/btc-usd.json
{
  "wallet": {
    "source": "seed",
    "address": "addr_test1qpgpsm75w7l9u6au7shqzsaulrtxz2gp6xw9zhun70es6tt4t3wsjavx26kmh586erf8xxhqc2y7urq5az32sjv56nyqquxj3j"
  },
  "pair": {
    "tokenName": "8a3859b168b77160150b13c200392328254c3758f082050fd7ec5c340ac2a497",
    "pairId": "4254432f555344",
    "pairUnit": "e48068e7cd0596c27f9613853aea5e857f320a27b4918639a7cd2a288a3859b168b77160150b13c200392328254c3758f082050fd7ec5c340ac2a497",
    "pairValidatorAddress": "addr_test1wrjgq688e5zedsnljcfc2wh2t6zh7vs2y76frp3e5lxj52qcjxpl5"
  },
  "pairState": {
    "pairId": "4254432f555344",
    "price": "6000000000000",
    "timestamp": "1778690278",
    "nonce": "1778690278000",
    "intentHash": "f1eea820fda1be370893ed3ae887a165c60028159f628c07dd2b7d09b61d774f",
    "signer": "2b1c7eff297766569966b630a6862947a8e5285a",
    "minUtxoLovelace": "5000000",
    "intent": {
      "intentType": "OracleUpdate",
      "version": "1.0",
      "chainId": "100640",
      "nonce": "1778690278000",
      "expiry": "1778693878",
      "symbol": "BTC/USD",
      "price": "6000000000000",
      "timestamp": "1778690278",
      "source": "DIA Oracle",
      "signature": "8877e3841b57df8e910f52be276b565e2ba8e6b6e9094ddcddfd967f17d3e33b44c84c62ed12a1d2a00e7c92b50c36f5a1ed9412c1defef20e316496b81560f71b",
      "signer": "0x2b1c7eff297766569966b630a6862947a8e5285a"
    }
  },
  "datum": {
    "pairCbor": "d8799f474254432f5553441b00000574fbde60001a6a04a8e61b0000019e2233c2705820f1eea820fda1be370893ed3ae887a165c60028159f628c07dd2b7d09b61d774f542b1c7eff297766569966b630a6862947a8e5285a1a004c4b40ff"
  },
  "transactions": [
    {
      "step": "preview:update",
      "submittedTxHash": "b31701ba5e8422c5c28ac885e74fde98b31d9cee6fea5d2be595e02b5484423c",
      "confirmed": true
    }
  ]
}
[1G[0K⠙[1G[0K