[rerun] preview:intent:create-and-sign --state ./state/preview_rerun_20260513-161549/config-bootstrap.json --intent-type OracleUpdate --symbol BTC/USD --price 6000000000000 --source "DIA Oracle" --out ./state/preview_rerun_20260513-161549/intents/btc-usd.signed.json

> @protofire/dia-cardano-oracle-cli@0.1.0 cli
> tsx src/index.ts preview:intent:create-and-sign --state ./state/preview_rerun_20260513-161549/config-bootstrap.json --intent-type OracleUpdate --symbol BTC/USD --price 6000000000000 --source DIA Oracle --out ./state/preview_rerun_20260513-161549/intents/btc-usd.signed.json

[1G[0K[cli] Wrote JSON output to /home/manuelpadilla/sources/reposUbuntu/PROTOFIRE/DIA/dia-cardano-oracle/offchain/cli/state/preview_rerun_20260513-161549/intents/btc-usd.signed.json
{
  "intent": {
    "intentType": "OracleUpdate",
    "version": "1.0",
    "chainId": "100640",
    "nonce": "1778690278000",
    "expiry": "1778693878",
    "symbol": "BTC/USD",
    "price": "6000000000000",
    "timestamp": "1778690278",
    "source": "DIA Oracle",
    "signature": "0x8877e3841b57df8e910f52be276b565e2ba8e6b6e9094ddcddfd967f17d3e33b44c84c62ed12a1d2a00e7c92b50c36f5a1ed9412c1defef20e316496b81560f71b",
    "signer": "0x2b1c7eff297766569966b630a6862947a8e5285a"
  },
  "witness": {
    "signerPublicKey": "02d78ade9f8a9c064c8c588dba903df0cc0118596b9ec65f665dea1b448519f531",
    "signerAddress": "0x2b1c7eff297766569966b630a6862947a8e5285a",
    "intentHash": "f1eea820fda1be370893ed3ae887a165c60028159f628c07dd2b7d09b61d774f",
    "compactSignature": "8877e3841b57df8e910f52be276b565e2ba8e6b6e9094ddcddfd967f17d3e33b44c84c62ed12a1d2a00e7c92b50c36f5a1ed9412c1defef20e316496b81560f7"
  }
}
[1G[0K⠙[1G[0K