
> @protofire/dia-cardano-oracle-cli@0.1.0 cli
> tsx src/index.ts preview:update --intent ./state/preview_rerun_20260513-161549/intents/eth-usd.signed.json --protocol-state ./state/preview_rerun_20260513-161549/config-bootstrap.json --client-state ./state/preview_rerun_20260513-161549/clients/client-a.json --state ./state/preview_rerun_20260513-161549/clients/client-a/pairs/eth-usd.json

[1G[0K[preview:update] Loading signed intent from /home/manuelpadilla/sources/reposUbuntu/PROTOFIRE/DIA/dia-cardano-oracle/offchain/cli/state/preview_rerun_20260513-161549/intents/eth-usd.signed.json
[preview:update] Loading client and protocol state
[preview:update] Connecting to Preview and selecting the configured wallet
[preview:update] Building Preview oracle update transaction
[preview:update] Tx resources: fee=0.786173 ADA (786173 lovelace), cpu=696022842, mem=1913724
[preview:update] Output[0] | addr=addr_test1wrjg...cjxpl5 | lovelace=5.000000 ADA (5000000) | assets=e48068e7cd05...3849f4=1 | datum=inline(95B)
[preview:update] Output[1] | addr=addr_test1wplc...whskwl | lovelace=35.000000 ADA (35000000) | assets=7f822870de6f...545f41=1 | datum=inline(19B)
[preview:update] Output[2] | addr=addr_test1qpgp...quxj3j | lovelace=3692.128297 ADA (3692128297)
[preview:update] Unsigned transaction ready: bebef78112adaa5cae7d35ec46d3fac1519f1b98662cd894341c2ef4402f1655
[preview:update] Submitted transaction hash: bebef78112adaa5cae7d35ec46d3fac1519f1b98662cd894341c2ef4402f1655
[preview:update] Confirmed by Blockfrost: oracle update transaction bebef78112adaa5cae7d35ec46d3fac1519f1b98662cd894341c2ef4402f1655.
[cli] Wrote JSON output to /home/manuelpadilla/sources/reposUbuntu/PROTOFIRE/DIA/dia-cardano-oracle/offchain/cli/state/preview_rerun_20260513-161549/clients/client-a/pairs/eth-usd.json
{
  "wallet": {
    "source": "seed",
    "address": "addr_test1qpgpsm75w7l9u6au7shqzsaulrtxz2gp6xw9zhun70es6tt4t3wsjavx26kmh586erf8xxhqc2y7urq5az32sjv56nyqquxj3j"
  },
  "pair": {
    "tokenName": "3d7739c2406edbe3bb594b8f762cf67a2c889a162f2234dc17841f61d33849f4",
    "pairId": "4554482f555344",
    "pairUnit": "e48068e7cd0596c27f9613853aea5e857f320a27b4918639a7cd2a283d7739c2406edbe3bb594b8f762cf67a2c889a162f2234dc17841f61d33849f4",
    "pairValidatorAddress": "addr_test1wrjgq688e5zedsnljcfc2wh2t6zh7vs2y76frp3e5lxj52qcjxpl5"
  },
  "pairState": {
    "pairId": "4554482f555344",
    "price": "250000000000",
    "timestamp": "1778690408",
    "nonce": "1778690408000",
    "intentHash": "5fbd67f89ac698fdc03315c73aad32bb44ab708dd5f84aca66f50f557ca80836",
    "signer": "2b1c7eff297766569966b630a6862947a8e5285a",
    "minUtxoLovelace": "5000000",
    "intent": {
      "intentType": "OracleUpdate",
      "version": "1.0",
      "chainId": "100640",
      "nonce": "1778690408000",
      "expiry": "1778694008",
      "symbol": "ETH/USD",
      "price": "250000000000",
      "timestamp": "1778690408",
      "source": "DIA Oracle",
      "signature": "4714bf9efad4213dd9533ba5159d2a31b269d8e762ec9fd8cc1f639f2bc4b8306604ffa2a8517a747a2d6a849e53ea27eb080bf68c2ce6856a89999025926f291c",
      "signer": "0x2b1c7eff297766569966b630a6862947a8e5285a"
    }
  },
  "datum": {
    "pairCbor": "d8799f474554482f5553441b0000003a352944001a6a04a9681b0000019e2235be4058205fbd67f89ac698fdc03315c73aad32bb44ab708dd5f84aca66f50f557ca80836542b1c7eff297766569966b630a6862947a8e5285a1a004c4b40ff"
  },
  "transactions": [
    {
      "step": "preview:update",
      "submittedTxHash": "bebef78112adaa5cae7d35ec46d3fac1519f1b98662cd894341c2ef4402f1655",
      "confirmed": true
    }
  ]
}
[1G[0K⠙[1G[0K