[rerun] preview:intent:create-and-sign --state ./state/preview_rerun_20260513-161549/config-bootstrap.json --intent-type OracleUpdate --symbol ETH/USD --price 250000000000 --source "DIA Oracle" --out ./state/preview_rerun_20260513-161549/intents/eth-usd.signed.json

> @protofire/dia-cardano-oracle-cli@0.1.0 cli
> tsx src/index.ts preview:intent:create-and-sign --state ./state/preview_rerun_20260513-161549/config-bootstrap.json --intent-type OracleUpdate --symbol ETH/USD --price 250000000000 --source DIA Oracle --out ./state/preview_rerun_20260513-161549/intents/eth-usd.signed.json

[1G[0K[cli] Wrote JSON output to /home/manuelpadilla/sources/reposUbuntu/PROTOFIRE/DIA/dia-cardano-oracle/offchain/cli/state/preview_rerun_20260513-161549/intents/eth-usd.signed.json
{
  "intent": {
    "intentType": "OracleUpdate",
    "version": "1.0",
    "chainId": "100640",
    "nonce": "1778690408000",
    "expiry": "1778694008",
    "symbol": "ETH/USD",
    "price": "250000000000",
    "timestamp": "1778690408",
    "source": "DIA Oracle",
    "signature": "0x4714bf9efad4213dd9533ba5159d2a31b269d8e762ec9fd8cc1f639f2bc4b8306604ffa2a8517a747a2d6a849e53ea27eb080bf68c2ce6856a89999025926f291c",
    "signer": "0x2b1c7eff297766569966b630a6862947a8e5285a"
  },
  "witness": {
    "signerPublicKey": "02d78ade9f8a9c064c8c588dba903df0cc0118596b9ec65f665dea1b448519f531",
    "signerAddress": "0x2b1c7eff297766569966b630a6862947a8e5285a",
    "intentHash": "5fbd67f89ac698fdc03315c73aad32bb44ab708dd5f84aca66f50f557ca80836",
    "compactSignature": "4714bf9efad4213dd9533ba5159d2a31b269d8e762ec9fd8cc1f639f2bc4b8306604ffa2a8517a747a2d6a849e53ea27eb080bf68c2ce6856a89999025926f29"
  }
}
[1G[0K⠙[1G[0K