
> @protofire/dia-cardano-oracle-cli@0.1.0 cli
> tsx src/index.ts preview:update --intent ./state/preview_rerun_20260513-161549/intents/ada-usd.signed.json --protocol-state ./state/preview_rerun_20260513-161549/config-bootstrap.json --client-state ./state/preview_rerun_20260513-161549/clients/client-a.json --state ./state/preview_rerun_20260513-161549/clients/client-a/pairs/ada-usd.json

[1G[0K[preview:update] Loading signed intent from /home/manuelpadilla/sources/reposUbuntu/PROTOFIRE/DIA/dia-cardano-oracle/offchain/cli/state/preview_rerun_20260513-161549/intents/ada-usd.signed.json
[preview:update] Loading client and protocol state
[preview:update] Connecting to Preview and selecting the configured wallet
[preview:update] Building Preview oracle update transaction
[preview:update] Tx resources: fee=0.785821 ADA (785821 lovelace), cpu=696022842, mem=1913724
[preview:update] Output[0] | addr=addr_test1wrjg...cjxpl5 | lovelace=5.000000 ADA (5000000) | assets=e48068e7cd05...5e32b4=1 | datum=inline(91B)
[preview:update] Output[1] | addr=addr_test1wplc...whskwl | lovelace=35.000000 ADA (35000000) | assets=7f822870de6f...545f41=1 | datum=inline(19B)
[preview:update] Output[2] | addr=addr_test1qpgp...quxj3j | lovelace=3686.342476 ADA (3686342476)
[preview:update] Unsigned transaction ready: a9b927776db7870389a29a69280c41f0497ef62a1a830c00eb1cbed09542618f
[preview:update] Submitted transaction hash: a9b927776db7870389a29a69280c41f0497ef62a1a830c00eb1cbed09542618f
[preview:update] Confirmed by Blockfrost: oracle update transaction a9b927776db7870389a29a69280c41f0497ef62a1a830c00eb1cbed09542618f.
[cli] Wrote JSON output to /home/manuelpadilla/sources/reposUbuntu/PROTOFIRE/DIA/dia-cardano-oracle/offchain/cli/state/preview_rerun_20260513-161549/clients/client-a/pairs/ada-usd.json
{
  "wallet": {
    "source": "seed",
    "address": "addr_test1qpgpsm75w7l9u6au7shqzsaulrtxz2gp6xw9zhun70es6tt4t3wsjavx26kmh586erf8xxhqc2y7urq5az32sjv56nyqquxj3j"
  },
  "pair": {
    "tokenName": "04e5366fb69cdc906d0e8841d641628f09a50f7618e944de5cdb7a26b95e32b4",
    "pairId": "4144412f555344",
    "pairUnit": "e48068e7cd0596c27f9613853aea5e857f320a27b4918639a7cd2a2804e5366fb69cdc906d0e8841d641628f09a50f7618e944de5cdb7a26b95e32b4",
    "pairValidatorAddress": "addr_test1wrjgq688e5zedsnljcfc2wh2t6zh7vs2y76frp3e5lxj52qcjxpl5"
  },
  "pairState": {
    "pairId": "4144412f555344",
    "price": "750000000",
    "timestamp": "1778690551",
    "nonce": "1778690551000",
    "intentHash": "eada39142b91183d64a2b08de23e2f13e5402849713f2bd518085d072a7b91f0",
    "signer": "2b1c7eff297766569966b630a6862947a8e5285a",
    "minUtxoLovelace": "5000000",
    "intent": {
      "intentType": "OracleUpdate",
      "version": "1.0",
      "chainId": "100640",
      "nonce": "1778690551000",
      "expiry": "1778694151",
      "symbol": "ADA/USD",
      "price": "750000000",
      "timestamp": "1778690551",
      "source": "DIA Oracle",
      "signature": "5304761a3a780d6a5dbc6fd9eb9b0aedef153bbf36119075a2a94b62704744654c814c16bfc15c12870bb80f35809c1e99f6f38a7f702feee02ecdc440082eee1c",
      "signer": "0x2b1c7eff297766569966b630a6862947a8e5285a"
    }
  },
  "datum": {
    "pairCbor": "d8799f474144412f5553441a2cb417801a6a04a9f71b0000019e2237ecd85820eada39142b91183d64a2b08de23e2f13e5402849713f2bd518085d072a7b91f0542b1c7eff297766569966b630a6862947a8e5285a1a004c4b40ff"
  },
  "transactions": [
    {
      "step": "preview:update",
      "submittedTxHash": "a9b927776db7870389a29a69280c41f0497ef62a1a830c00eb1cbed09542618f",
      "confirmed": true
    }
  ]
}
[1G[0K⠙[1G[0K