
> @protofire/dia-cardano-oracle-cli@0.1.0 cli
> tsx src/index.ts preview:update --intent ./state/preview_rerun_20260513-161549/intents/usdt-usd.signed.json --protocol-state ./state/preview_rerun_20260513-161549/config-bootstrap.json --client-state ./state/preview_rerun_20260513-161549/clients/client-a.json --state ./state/preview_rerun_20260513-161549/clients/client-a/pairs/usdt-usd.json

[1G[0K[preview:update] Loading signed intent from /home/manuelpadilla/sources/reposUbuntu/PROTOFIRE/DIA/dia-cardano-oracle/offchain/cli/state/preview_rerun_20260513-161549/intents/usdt-usd.signed.json
[preview:update] Loading client and protocol state
[preview:update] Connecting to Preview and selecting the configured wallet
[preview:update] Building Preview oracle update transaction
[preview:update] Tx resources: fee=0.785909 ADA (785909 lovelace), cpu=696022842, mem=1913724
[preview:update] Output[0] | addr=addr_test1wrjg...cjxpl5 | lovelace=5.000000 ADA (5000000) | assets=e48068e7cd05...29d315=1 | datum=inline(92B)
[preview:update] Output[1] | addr=addr_test1wplc...whskwl | lovelace=35.000000 ADA (35000000) | assets=7f822870de6f...545f41=1 | datum=inline(19B)
[preview:update] Output[2] | addr=addr_test1qpgp...quxj3j | lovelace=3680.556567 ADA (3680556567)
[preview:update] Unsigned transaction ready: 1fc861c5be93785394f58127c9d63baf9c3dea0c19949c8b017cd4d4a98fafc7
[preview:update] Submitted transaction hash: 1fc861c5be93785394f58127c9d63baf9c3dea0c19949c8b017cd4d4a98fafc7
[preview:update] Confirmed by Blockfrost: oracle update transaction 1fc861c5be93785394f58127c9d63baf9c3dea0c19949c8b017cd4d4a98fafc7.
[cli] Wrote JSON output to /home/manuelpadilla/sources/reposUbuntu/PROTOFIRE/DIA/dia-cardano-oracle/offchain/cli/state/preview_rerun_20260513-161549/clients/client-a/pairs/usdt-usd.json
{
  "wallet": {
    "source": "seed",
    "address": "addr_test1qpgpsm75w7l9u6au7shqzsaulrtxz2gp6xw9zhun70es6tt4t3wsjavx26kmh586erf8xxhqc2y7urq5az32sjv56nyqquxj3j"
  },
  "pair": {
    "tokenName": "5ec9fa6a8337c83985882517e4865a68763912f37490cffe992a26abfd29d315",
    "pairId": "555344542f555344",
    "pairUnit": "e48068e7cd0596c27f9613853aea5e857f320a27b4918639a7cd2a285ec9fa6a8337c83985882517e4865a68763912f37490cffe992a26abfd29d315",
    "pairValidatorAddress": "addr_test1wrjgq688e5zedsnljcfc2wh2t6zh7vs2y76frp3e5lxj52qcjxpl5"
  },
  "pairState": {
    "pairId": "555344542f555344",
    "price": "100001234",
    "timestamp": "1778690697",
    "nonce": "1778690697000",
    "intentHash": "7b83867a9181c13a2e83bf6894ea693df705c2c47f40db130b3cff530cb5c770",
    "signer": "2b1c7eff297766569966b630a6862947a8e5285a",
    "minUtxoLovelace": "5000000",
    "intent": {
      "intentType": "OracleUpdate",
      "version": "1.0",
      "chainId": "100640",
      "nonce": "1778690697000",
      "expiry": "1778694297",
      "symbol": "USDT/USD",
      "price": "100001234",
      "timestamp": "1778690697",
      "source": "DIA Oracle",
      "signature": "a584939a314997d27a686c88ac3c2ecc9bae34b1354d9bf1e020c8fe09457a783ef45ea53c4dc3824e9aabf1840a39c404c59e4594122fa188e5d71fbf4aea7d1b",
      "signer": "0x2b1c7eff297766569966b630a6862947a8e5285a"
    }
  },
  "datum": {
    "pairCbor": "d8799f48555344542f5553441a05f5e5d21a6a04aa891b0000019e223a272858207b83867a9181c13a2e83bf6894ea693df705c2c47f40db130b3cff530cb5c770542b1c7eff297766569966b630a6862947a8e5285a1a004c4b40ff"
  },
  "transactions": [
    {
      "step": "preview:update",
      "submittedTxHash": "1fc861c5be93785394f58127c9d63baf9c3dea0c19949c8b017cd4d4a98fafc7",
      "confirmed": true
    }
  ]
}
[1G[0K⠙[1G[0K