[rerun] preview:intent:create-and-sign --state ./state/preview_rerun_20260513-161549/config-bootstrap.json --intent-type OracleUpdate --symbol USDT/USD --price 100001234 --source "DIA Oracle" --out ./state/preview_rerun_20260513-161549/intents/usdt-usd.signed.json

> @protofire/dia-cardano-oracle-cli@0.1.0 cli
> tsx src/index.ts preview:intent:create-and-sign --state ./state/preview_rerun_20260513-161549/config-bootstrap.json --intent-type OracleUpdate --symbol USDT/USD --price 100001234 --source DIA Oracle --out ./state/preview_rerun_20260513-161549/intents/usdt-usd.signed.json

[1G[0K[cli] Wrote JSON output to /home/manuelpadilla/sources/reposUbuntu/PROTOFIRE/DIA/dia-cardano-oracle/offchain/cli/state/preview_rerun_20260513-161549/intents/usdt-usd.signed.json
{
  "intent": {
    "intentType": "OracleUpdate",
    "version": "1.0",
    "chainId": "100640",
    "nonce": "1778690697000",
    "expiry": "1778694297",
    "symbol": "USDT/USD",
    "price": "100001234",
    "timestamp": "1778690697",
    "source": "DIA Oracle",
    "signature": "0xa584939a314997d27a686c88ac3c2ecc9bae34b1354d9bf1e020c8fe09457a783ef45ea53c4dc3824e9aabf1840a39c404c59e4594122fa188e5d71fbf4aea7d1b",
    "signer": "0x2b1c7eff297766569966b630a6862947a8e5285a"
  },
  "witness": {
    "signerPublicKey": "02d78ade9f8a9c064c8c588dba903df0cc0118596b9ec65f665dea1b448519f531",
    "signerAddress": "0x2b1c7eff297766569966b630a6862947a8e5285a",
    "intentHash": "7b83867a9181c13a2e83bf6894ea693df705c2c47f40db130b3cff530cb5c770",
    "compactSignature": "a584939a314997d27a686c88ac3c2ecc9bae34b1354d9bf1e020c8fe09457a783ef45ea53c4dc3824e9aabf1840a39c404c59e4594122fa188e5d71fbf4aea7d"
  }
}
[1G[0K⠙[1G[0K