
> @protofire/dia-cardano-oracle-cli@0.1.0 cli
> tsx src/index.ts preview:update --intent ./state/preview_rerun_20260513-161549/intents/dai-usd.signed.json --protocol-state ./state/preview_rerun_20260513-161549/config-bootstrap.json --client-state ./state/preview_rerun_20260513-161549/clients/client-a.json --state ./state/preview_rerun_20260513-161549/clients/client-a/pairs/dai-usd.json

[1G[0K[preview:update] Loading signed intent from /home/manuelpadilla/sources/reposUbuntu/PROTOFIRE/DIA/dia-cardano-oracle/offchain/cli/state/preview_rerun_20260513-161549/intents/dai-usd.signed.json
[preview:update] Loading client and protocol state
[preview:update] Connecting to Preview and selecting the configured wallet
[preview:update] Building Preview oracle update transaction
[preview:update] Tx resources: fee=0.785821 ADA (785821 lovelace), cpu=696022842, mem=1913724
[preview:update] Output[0] | addr=addr_test1wrjg...cjxpl5 | lovelace=5.000000 ADA (5000000) | assets=e48068e7cd05...ff2852=1 | datum=inline(91B)
[preview:update] Output[1] | addr=addr_test1wplc...whskwl | lovelace=35.000000 ADA (35000000) | assets=7f822870de6f...545f41=1 | datum=inline(19B)
[preview:update] Output[2] | addr=addr_test1qpgp...quxj3j | lovelace=3674.770746 ADA (3674770746)
[preview:update] Unsigned transaction ready: d1059163f805924220550069130e45ac60d0b41abb52d0cbf2b15f07ec2506f1
[preview:update] Submitted transaction hash: d1059163f805924220550069130e45ac60d0b41abb52d0cbf2b15f07ec2506f1
[preview:update] Confirmed by Blockfrost: oracle update transaction d1059163f805924220550069130e45ac60d0b41abb52d0cbf2b15f07ec2506f1.
[cli] Wrote JSON output to /home/manuelpadilla/sources/reposUbuntu/PROTOFIRE/DIA/dia-cardano-oracle/offchain/cli/state/preview_rerun_20260513-161549/clients/client-a/pairs/dai-usd.json
{
  "wallet": {
    "source": "seed",
    "address": "addr_test1qpgpsm75w7l9u6au7shqzsaulrtxz2gp6xw9zhun70es6tt4t3wsjavx26kmh586erf8xxhqc2y7urq5az32sjv56nyqquxj3j"
  },
  "pair": {
    "tokenName": "0ae6401fc15363e085cf3d2f90ae10566e797d8686ab048ba30f5914c7ff2852",
    "pairId": "4441492f555344",
    "pairUnit": "e48068e7cd0596c27f9613853aea5e857f320a27b4918639a7cd2a280ae6401fc15363e085cf3d2f90ae10566e797d8686ab048ba30f5914c7ff2852",
    "pairValidatorAddress": "addr_test1wrjgq688e5zedsnljcfc2wh2t6zh7vs2y76frp3e5lxj52qcjxpl5"
  },
  "pairState": {
    "pairId": "4441492f555344",
    "price": "100000345",
    "timestamp": "1778690841",
    "nonce": "1778690841000",
    "intentHash": "9f7f47876b39e505d90a254e97e705c33ecb2b316bdb15d68e9f3c3799a39206",
    "signer": "2b1c7eff297766569966b630a6862947a8e5285a",
    "minUtxoLovelace": "5000000",
    "intent": {
      "intentType": "OracleUpdate",
      "version": "1.0",
      "chainId": "100640",
      "nonce": "1778690841000",
      "expiry": "1778694441",
      "symbol": "DAI/USD",
      "price": "100000345",
      "timestamp": "1778690841",
      "source": "DIA Oracle",
      "signature": "7bf537466fff8f5648d60a17fcb6858a40eeec4f89495aabb3756f621b262dad2f8e2bd63ae4e032f7e91d63aa07a3966e658710529e111f4dc933f49c5bad801b",
      "signer": "0x2b1c7eff297766569966b630a6862947a8e5285a"
    }
  },
  "datum": {
    "pairCbor": "d8799f474441492f5553441a05f5e2591a6a04ab191b0000019e223c59a858209f7f47876b39e505d90a254e97e705c33ecb2b316bdb15d68e9f3c3799a39206542b1c7eff297766569966b630a6862947a8e5285a1a004c4b40ff"
  },
  "transactions": [
    {
      "step": "preview:update",
      "submittedTxHash": "d1059163f805924220550069130e45ac60d0b41abb52d0cbf2b15f07ec2506f1",
      "confirmed": true
    }
  ]
}
[1G[0K⠙[1G[0K