[rerun] preview:intent:create-and-sign --state ./state/preview_rerun_20260513-161549/config-bootstrap.json --intent-type OracleUpdate --symbol DAI/USD --price 100000345 --source "DIA Oracle" --out ./state/preview_rerun_20260513-161549/intents/dai-usd.signed.json

> @protofire/dia-cardano-oracle-cli@0.1.0 cli
> tsx src/index.ts preview:intent:create-and-sign --state ./state/preview_rerun_20260513-161549/config-bootstrap.json --intent-type OracleUpdate --symbol DAI/USD --price 100000345 --source DIA Oracle --out ./state/preview_rerun_20260513-161549/intents/dai-usd.signed.json

[1G[0K[cli] Wrote JSON output to /home/manuelpadilla/sources/reposUbuntu/PROTOFIRE/DIA/dia-cardano-oracle/offchain/cli/state/preview_rerun_20260513-161549/intents/dai-usd.signed.json
{
  "intent": {
    "intentType": "OracleUpdate",
    "version": "1.0",
    "chainId": "100640",
    "nonce": "1778690841000",
    "expiry": "1778694441",
    "symbol": "DAI/USD",
    "price": "100000345",
    "timestamp": "1778690841",
    "source": "DIA Oracle",
    "signature": "0x7bf537466fff8f5648d60a17fcb6858a40eeec4f89495aabb3756f621b262dad2f8e2bd63ae4e032f7e91d63aa07a3966e658710529e111f4dc933f49c5bad801b",
    "signer": "0x2b1c7eff297766569966b630a6862947a8e5285a"
  },
  "witness": {
    "signerPublicKey": "02d78ade9f8a9c064c8c588dba903df0cc0118596b9ec65f665dea1b448519f531",
    "signerAddress": "0x2b1c7eff297766569966b630a6862947a8e5285a",
    "intentHash": "9f7f47876b39e505d90a254e97e705c33ecb2b316bdb15d68e9f3c3799a39206",
    "compactSignature": "7bf537466fff8f5648d60a17fcb6858a40eeec4f89495aabb3756f621b262dad2f8e2bd63ae4e032f7e91d63aa07a3966e658710529e111f4dc933f49c5bad80"
  }
}
[1G[0K⠙[1G[0K