
> @protofire/dia-cardano-oracle-cli@0.1.0 cli
> tsx src/index.ts preview:update --intent ./state/preview_rerun_20260513-161549/intents/sol-usd.signed.json --protocol-state ./state/preview_rerun_20260513-161549/config-bootstrap.json --client-state ./state/preview_rerun_20260513-161549/clients/client-a.json --state ./state/preview_rerun_20260513-161549/clients/client-a/pairs/sol-usd.json

[1G[0K[preview:update] Loading signed intent from /home/manuelpadilla/sources/reposUbuntu/PROTOFIRE/DIA/dia-cardano-oracle/offchain/cli/state/preview_rerun_20260513-161549/intents/sol-usd.signed.json
[preview:update] Loading client and protocol state
[preview:update] Connecting to Preview and selecting the configured wallet
[preview:update] Building Preview oracle update transaction
[preview:update] Tx resources: fee=0.786173 ADA (786173 lovelace), cpu=696022842, mem=1913724
[preview:update] Output[0] | addr=addr_test1wrjg...cjxpl5 | lovelace=5.000000 ADA (5000000) | assets=e48068e7cd05...bbbe64=1 | datum=inline(95B)
[preview:update] Output[1] | addr=addr_test1wplc...whskwl | lovelace=35.000000 ADA (35000000) | assets=7f822870de6f...545f41=1 | datum=inline(19B)
[preview:update] Output[2] | addr=addr_test1qpgp...quxj3j | lovelace=3668.984573 ADA (3668984573)
[preview:update] Unsigned transaction ready: 76cf01111d538e9e7fbf1d487d6bd76400c79f1ed12e57ffa2f8d092b00d4e46
[preview:update] Submitted transaction hash: 76cf01111d538e9e7fbf1d487d6bd76400c79f1ed12e57ffa2f8d092b00d4e46
[preview:update] Confirmed by Blockfrost: oracle update transaction 76cf01111d538e9e7fbf1d487d6bd76400c79f1ed12e57ffa2f8d092b00d4e46.
[cli] Wrote JSON output to /home/manuelpadilla/sources/reposUbuntu/PROTOFIRE/DIA/dia-cardano-oracle/offchain/cli/state/preview_rerun_20260513-161549/clients/client-a/pairs/sol-usd.json
{
  "wallet": {
    "source": "seed",
    "address": "addr_test1qpgpsm75w7l9u6au7shqzsaulrtxz2gp6xw9zhun70es6tt4t3wsjavx26kmh586erf8xxhqc2y7urq5az32sjv56nyqquxj3j"
  },
  "pair": {
    "tokenName": "396545cb87b0103c8ddb5ff4329eeff88e2aef114f76b0807b21ce3d68bbbe64",
    "pairId": "534f4c2f555344",
    "pairUnit": "e48068e7cd0596c27f9613853aea5e857f320a27b4918639a7cd2a28396545cb87b0103c8ddb5ff4329eeff88e2aef114f76b0807b21ce3d68bbbe64",
    "pairValidatorAddress": "addr_test1wrjgq688e5zedsnljcfc2wh2t6zh7vs2y76frp3e5lxj52qcjxpl5"
  },
  "pairState": {
    "pairId": "534f4c2f555344",
    "price": "18500000000",
    "timestamp": "1778691006",
    "nonce": "1778691006000",
    "intentHash": "78b1e325355cc05ad2d973f507950de46c6513a93a74b0dea39f97938630f65d",
    "signer": "2b1c7eff297766569966b630a6862947a8e5285a",
    "minUtxoLovelace": "5000000",
    "intent": {
      "intentType": "OracleUpdate",
      "version": "1.0",
      "chainId": "100640",
      "nonce": "1778691006000",
      "expiry": "1778694606",
      "symbol": "SOL/USD",
      "price": "18500000000",
      "timestamp": "1778691006",
      "source": "DIA Oracle",
      "signature": "0bad73903a3a2fb70f510f1cee23ae878868a7ccdad28658789855fca357887957026f96b8aa45085bd81aa57c8e46d748562ed3245f8973be3af0580ef64cbd1c",
      "signer": "0x2b1c7eff297766569966b630a6862947a8e5285a"
    }
  },
  "datum": {
    "pairCbor": "d8799f47534f4c2f5553441b000000044eaf99001a6a04abbe1b0000019e223ede30582078b1e325355cc05ad2d973f507950de46c6513a93a74b0dea39f97938630f65d542b1c7eff297766569966b630a6862947a8e5285a1a004c4b40ff"
  },
  "transactions": [
    {
      "step": "preview:update",
      "submittedTxHash": "76cf01111d538e9e7fbf1d487d6bd76400c79f1ed12e57ffa2f8d092b00d4e46",
      "confirmed": true
    }
  ]
}
[1G[0K⠙[1G[0K