
> @protofire/dia-cardano-oracle-cli@0.1.0 cli
> tsx src/index.ts preview:update --intent ./state/preview_rerun_20260513-161549/intents/bnb-usd.signed.json --protocol-state ./state/preview_rerun_20260513-161549/config-bootstrap.json --client-state ./state/preview_rerun_20260513-161549/clients/client-a.json --state ./state/preview_rerun_20260513-161549/clients/client-a/pairs/bnb-usd.json

[1G[0K[preview:update] Loading signed intent from /home/manuelpadilla/sources/reposUbuntu/PROTOFIRE/DIA/dia-cardano-oracle/offchain/cli/state/preview_rerun_20260513-161549/intents/bnb-usd.signed.json
[preview:update] Loading client and protocol state
[preview:update] Connecting to Preview and selecting the configured wallet
[preview:update] Building Preview oracle update transaction
[preview:update] Tx resources: fee=0.786173 ADA (786173 lovelace), cpu=696022842, mem=1913724
[preview:update] Output[0] | addr=addr_test1wrjg...cjxpl5 | lovelace=5.000000 ADA (5000000) | assets=e48068e7cd05...30b101=1 | datum=inline(95B)
[preview:update] Output[1] | addr=addr_test1wplc...whskwl | lovelace=35.000000 ADA (35000000) | assets=7f822870de6f...545f41=1 | datum=inline(19B)
[preview:update] Output[2] | addr=addr_test1qpgp...quxj3j | lovelace=3663.198400 ADA (3663198400)
[preview:update] Unsigned transaction ready: 5df2374c12ac3696bf6c8994cd2fe281160b41533a5d2a8092eef487d70c03cf
[preview:update] Submitted transaction hash: 5df2374c12ac3696bf6c8994cd2fe281160b41533a5d2a8092eef487d70c03cf
[preview:update] Confirmed by Blockfrost: oracle update transaction 5df2374c12ac3696bf6c8994cd2fe281160b41533a5d2a8092eef487d70c03cf.
[cli] Wrote JSON output to /home/manuelpadilla/sources/reposUbuntu/PROTOFIRE/DIA/dia-cardano-oracle/offchain/cli/state/preview_rerun_20260513-161549/clients/client-a/pairs/bnb-usd.json
{
  "wallet": {
    "source": "seed",
    "address": "addr_test1qpgpsm75w7l9u6au7shqzsaulrtxz2gp6xw9zhun70es6tt4t3wsjavx26kmh586erf8xxhqc2y7urq5az32sjv56nyqquxj3j"
  },
  "pair": {
    "tokenName": "09da81653014451f3a86d96589f6a9e5d97b4e8236a461c7b2edbe1bab30b101",
    "pairId": "424e422f555344",
    "pairUnit": "e48068e7cd0596c27f9613853aea5e857f320a27b4918639a7cd2a2809da81653014451f3a86d96589f6a9e5d97b4e8236a461c7b2edbe1bab30b101",
    "pairValidatorAddress": "addr_test1wrjgq688e5zedsnljcfc2wh2t6zh7vs2y76frp3e5lxj52qcjxpl5"
  },
  "pairState": {
    "pairId": "424e422f555344",
    "price": "61500000000",
    "timestamp": "1778691173",
    "nonce": "1778691173000",
    "intentHash": "1964db13da08c6a6b72ffdec2527ed32f4d50f6d411f595fbd8d1f573f3ea5cf",
    "signer": "2b1c7eff297766569966b630a6862947a8e5285a",
    "minUtxoLovelace": "5000000",
    "intent": {
      "intentType": "OracleUpdate",
      "version": "1.0",
      "chainId": "100640",
      "nonce": "1778691173000",
      "expiry": "1778694773",
      "symbol": "BNB/USD",
      "price": "61500000000",
      "timestamp": "1778691173",
      "source": "DIA Oracle",
      "signature": "1b9551441f497dd7040f8ffedb0206d6a99ffc6666c685ee2a2837bfcc4fd67e6f18becaac6db7283338400a054a9feff2766b711d2d7a05b868098275088b4f1b",
      "signer": "0x2b1c7eff297766569966b630a6862947a8e5285a"
    }
  },
  "datum": {
    "pairCbor": "d8799f47424e422f5553441b0000000e51af87001a6a04ac651b0000019e22416a8858201964db13da08c6a6b72ffdec2527ed32f4d50f6d411f595fbd8d1f573f3ea5cf542b1c7eff297766569966b630a6862947a8e5285a1a004c4b40ff"
  },
  "transactions": [
    {
      "step": "preview:update",
      "submittedTxHash": "5df2374c12ac3696bf6c8994cd2fe281160b41533a5d2a8092eef487d70c03cf",
      "confirmed": true
    }
  ]
}
[1G[0K⠙[1G[0K