[rerun] preview:intent:create-and-sign --state ./state/preview_rerun_20260513-161549/config-bootstrap.json --intent-type OracleUpdate --symbol BNB/USD --price 61500000000 --source "DIA Oracle" --out ./state/preview_rerun_20260513-161549/intents/bnb-usd.signed.json

> @protofire/dia-cardano-oracle-cli@0.1.0 cli
> tsx src/index.ts preview:intent:create-and-sign --state ./state/preview_rerun_20260513-161549/config-bootstrap.json --intent-type OracleUpdate --symbol BNB/USD --price 61500000000 --source DIA Oracle --out ./state/preview_rerun_20260513-161549/intents/bnb-usd.signed.json

[1G[0K[cli] Wrote JSON output to /home/manuelpadilla/sources/reposUbuntu/PROTOFIRE/DIA/dia-cardano-oracle/offchain/cli/state/preview_rerun_20260513-161549/intents/bnb-usd.signed.json
{
  "intent": {
    "intentType": "OracleUpdate",
    "version": "1.0",
    "chainId": "100640",
    "nonce": "1778691173000",
    "expiry": "1778694773",
    "symbol": "BNB/USD",
    "price": "61500000000",
    "timestamp": "1778691173",
    "source": "DIA Oracle",
    "signature": "0x1b9551441f497dd7040f8ffedb0206d6a99ffc6666c685ee2a2837bfcc4fd67e6f18becaac6db7283338400a054a9feff2766b711d2d7a05b868098275088b4f1b",
    "signer": "0x2b1c7eff297766569966b630a6862947a8e5285a"
  },
  "witness": {
    "signerPublicKey": "02d78ade9f8a9c064c8c588dba903df0cc0118596b9ec65f665dea1b448519f531",
    "signerAddress": "0x2b1c7eff297766569966b630a6862947a8e5285a",
    "intentHash": "1964db13da08c6a6b72ffdec2527ed32f4d50f6d411f595fbd8d1f573f3ea5cf",
    "compactSignature": "1b9551441f497dd7040f8ffedb0206d6a99ffc6666c685ee2a2837bfcc4fd67e6f18becaac6db7283338400a054a9feff2766b711d2d7a05b868098275088b4f"
  }
}
[1G[0K⠙[1G[0K