[rerun] preview:intent:create-and-sign --state ./state/preview_rerun_20260513-161549/config-bootstrap.json --intent-type OracleUpdate --symbol XRP/USD --price 520000000 --source "DIA Oracle" --out ./state/preview_rerun_20260513-161549/intents/xrp-usd.signed.json

> @protofire/dia-cardano-oracle-cli@0.1.0 cli
> tsx src/index.ts preview:intent:create-and-sign --state ./state/preview_rerun_20260513-161549/config-bootstrap.json --intent-type OracleUpdate --symbol XRP/USD --price 520000000 --source DIA Oracle --out ./state/preview_rerun_20260513-161549/intents/xrp-usd.signed.json

[1G[0K[cli] Wrote JSON output to /home/manuelpadilla/sources/reposUbuntu/PROTOFIRE/DIA/dia-cardano-oracle/offchain/cli/state/preview_rerun_20260513-161549/intents/xrp-usd.signed.json
{
  "intent": {
    "intentType": "OracleUpdate",
    "version": "1.0",
    "chainId": "100640",
    "nonce": "1778691327000",
    "expiry": "1778694927",
    "symbol": "XRP/USD",
    "price": "520000000",
    "timestamp": "1778691327",
    "source": "DIA Oracle",
    "signature": "0x37b26299f0b421a2f94ccc306ea680a473753d3f21bf5c6bcc7d1ba548753c133d3dc9087d34d21f7b8d343fb224b0f35147a8cda62695471446581cec7ad01e1c",
    "signer": "0x2b1c7eff297766569966b630a6862947a8e5285a"
  },
  "witness": {
    "signerPublicKey": "02d78ade9f8a9c064c8c588dba903df0cc0118596b9ec65f665dea1b448519f531",
    "signerAddress": "0x2b1c7eff297766569966b630a6862947a8e5285a",
    "intentHash": "7c9d1331e7f0aac38a69259b07df4e7aab59348a4eb91798e7d87ab28c6ae1cf",
    "compactSignature": "37b26299f0b421a2f94ccc306ea680a473753d3f21bf5c6bcc7d1ba548753c133d3dc9087d34d21f7b8d343fb224b0f35147a8cda62695471446581cec7ad01e"
  }
}
[1G[0K⠙[1G[0K