
> @protofire/dia-cardano-oracle-cli@0.1.0 cli
> tsx src/index.ts preview:update --intent ./state/preview_rerun_20260513-161549/intents/matic-usd.signed.json --protocol-state ./state/preview_rerun_20260513-161549/config-bootstrap.json --client-state ./state/preview_rerun_20260513-161549/clients/client-a.json --state ./state/preview_rerun_20260513-161549/clients/client-a/pairs/matic-usd.json

[1G[0K[preview:update] Loading signed intent from /home/manuelpadilla/sources/reposUbuntu/PROTOFIRE/DIA/dia-cardano-oracle/offchain/cli/state/preview_rerun_20260513-161549/intents/matic-usd.signed.json
[preview:update] Loading client and protocol state
[preview:update] Connecting to Preview and selecting the configured wallet
[preview:update] Building Preview oracle update transaction
[preview:update] Tx resources: fee=0.786002 ADA (786002 lovelace), cpu=696104200, mem=1913724
[preview:update] Output[0] | addr=addr_test1wrjg...cjxpl5 | lovelace=5.000000 ADA (5000000) | assets=e48068e7cd05...57e571=1 | datum=inline(93B)
[preview:update] Output[1] | addr=addr_test1wplc...whskwl | lovelace=35.000000 ADA (35000000) | assets=7f822870de6f...545f41=1 | datum=inline(19B)
[preview:update] Output[2] | addr=addr_test1qpgp...quxj3j | lovelace=3651.626577 ADA (3651626577)
[preview:update] Unsigned transaction ready: c2825170cd323631feeab4b6a2bdebc1fb6f5cebb91acbfe3e153078b9798613
[preview:update] Submitted transaction hash: c2825170cd323631feeab4b6a2bdebc1fb6f5cebb91acbfe3e153078b9798613
[preview:update] Confirmed by Blockfrost: oracle update transaction c2825170cd323631feeab4b6a2bdebc1fb6f5cebb91acbfe3e153078b9798613.
[cli] Wrote JSON output to /home/manuelpadilla/sources/reposUbuntu/PROTOFIRE/DIA/dia-cardano-oracle/offchain/cli/state/preview_rerun_20260513-161549/clients/client-a/pairs/matic-usd.json
{
  "wallet": {
    "source": "seed",
    "address": "addr_test1qpgpsm75w7l9u6au7shqzsaulrtxz2gp6xw9zhun70es6tt4t3wsjavx26kmh586erf8xxhqc2y7urq5az32sjv56nyqquxj3j"
  },
  "pair": {
    "tokenName": "d2a1402553abe60aecdea3464be08e7ced64530fea0989b8fdfd49351157e571",
    "pairId": "4d415449432f555344",
    "pairUnit": "e48068e7cd0596c27f9613853aea5e857f320a27b4918639a7cd2a28d2a1402553abe60aecdea3464be08e7ced64530fea0989b8fdfd49351157e571",
    "pairValidatorAddress": "addr_test1wrjgq688e5zedsnljcfc2wh2t6zh7vs2y76frp3e5lxj52qcjxpl5"
  },
  "pairState": {
    "pairId": "4d415449432f555344",
    "price": "980000000",
    "timestamp": "1778691476",
    "nonce": "1778691476000",
    "intentHash": "70fac431cf190fc96d1b7e0f1172d0770f2278481a987e719da1838d85742b2d",
    "signer": "2b1c7eff297766569966b630a6862947a8e5285a",
    "minUtxoLovelace": "5000000",
    "intent": {
      "intentType": "OracleUpdate",
      "version": "1.0",
      "chainId": "100640",
      "nonce": "1778691476000",
      "expiry": "1778695076",
      "symbol": "MATIC/USD",
      "price": "980000000",
      "timestamp": "1778691476",
      "source": "DIA Oracle",
      "signature": "8c511a83a47ac3a047ba61877ca49eb65be699e34feb3bfb2608c294df697dc67ef5e6d78e2b19913b696cfe9b9e81178cca9a98208e9b2db301b947b7aa8f2b1c",
      "signer": "0x2b1c7eff297766569966b630a6862947a8e5285a"
    }
  },
  "datum": {
    "pairCbor": "d8799f494d415449432f5553441a3a699d001a6a04ad941b0000019e22460a20582070fac431cf190fc96d1b7e0f1172d0770f2278481a987e719da1838d85742b2d542b1c7eff297766569966b630a6862947a8e5285a1a004c4b40ff"
  },
  "transactions": [
    {
      "step": "preview:update",
      "submittedTxHash": "c2825170cd323631feeab4b6a2bdebc1fb6f5cebb91acbfe3e153078b9798613",
      "confirmed": true
    }
  ]
}
[1G[0K⠙[1G[0K