
> @protofire/dia-cardano-oracle-cli@0.1.0 cli
> tsx src/index.ts preview:update --intent ./state/preview_rerun_20260513-161549/intents/dot-usd.signed.json --protocol-state ./state/preview_rerun_20260513-161549/config-bootstrap.json --client-state ./state/preview_rerun_20260513-161549/clients/client-a.json --state ./state/preview_rerun_20260513-161549/clients/client-a/pairs/dot-usd.json

[1G[0K[preview:update] Loading signed intent from /home/manuelpadilla/sources/reposUbuntu/PROTOFIRE/DIA/dia-cardano-oracle/offchain/cli/state/preview_rerun_20260513-161549/intents/dot-usd.signed.json
[preview:update] Loading client and protocol state
[preview:update] Connecting to Preview and selecting the configured wallet
[preview:update] Building Preview oracle update transaction
[preview:update] Tx resources: fee=0.785821 ADA (785821 lovelace), cpu=696022842, mem=1913724
[preview:update] Output[0] | addr=addr_test1wrjg...cjxpl5 | lovelace=5.000000 ADA (5000000) | assets=e48068e7cd05...52daee=1 | datum=inline(91B)
[preview:update] Output[1] | addr=addr_test1wplc...whskwl | lovelace=35.000000 ADA (35000000) | assets=7f822870de6f...545f41=1 | datum=inline(19B)
[preview:update] Output[2] | addr=addr_test1qpgp...quxj3j | lovelace=3645.840756 ADA (3645840756)
[preview:update] Unsigned transaction ready: 7f2220e977dfb6239ebdc4a7f0fc0a49421aa86055026f09dad5888d5089ee72
[preview:update] Submitted transaction hash: 7f2220e977dfb6239ebdc4a7f0fc0a49421aa86055026f09dad5888d5089ee72
[preview:update] Confirmed by Blockfrost: oracle update transaction 7f2220e977dfb6239ebdc4a7f0fc0a49421aa86055026f09dad5888d5089ee72.
[cli] Wrote JSON output to /home/manuelpadilla/sources/reposUbuntu/PROTOFIRE/DIA/dia-cardano-oracle/offchain/cli/state/preview_rerun_20260513-161549/clients/client-a/pairs/dot-usd.json
{
  "wallet": {
    "source": "seed",
    "address": "addr_test1qpgpsm75w7l9u6au7shqzsaulrtxz2gp6xw9zhun70es6tt4t3wsjavx26kmh586erf8xxhqc2y7urq5az32sjv56nyqquxj3j"
  },
  "pair": {
    "tokenName": "ff3f796230b336b4e5c8d3af0440cbe0346a64cdab5e9cba4a8e2f476152daee",
    "pairId": "444f542f555344",
    "pairUnit": "e48068e7cd0596c27f9613853aea5e857f320a27b4918639a7cd2a28ff3f796230b336b4e5c8d3af0440cbe0346a64cdab5e9cba4a8e2f476152daee",
    "pairValidatorAddress": "addr_test1wrjgq688e5zedsnljcfc2wh2t6zh7vs2y76frp3e5lxj52qcjxpl5"
  },
  "pairState": {
    "pairId": "444f542f555344",
    "price": "420000000",
    "timestamp": "1778691552",
    "nonce": "1778691552000",
    "intentHash": "156cb14db388321a694cbc0f99ec78230a6c6b5773595c1ba45f9b0a5d3a70aa",
    "signer": "2b1c7eff297766569966b630a6862947a8e5285a",
    "minUtxoLovelace": "5000000",
    "intent": {
      "intentType": "OracleUpdate",
      "version": "1.0",
      "chainId": "100640",
      "nonce": "1778691552000",
      "expiry": "1778695152",
      "symbol": "DOT/USD",
      "price": "420000000",
      "timestamp": "1778691552",
      "source": "DIA Oracle",
      "signature": "b765301d5242d8144d075b46c049805b6a00866deb52570ec673dcdc974abcd4736471e97d8181cd224612cb5ca7414ce28a0cc9da5ffeabcb2af7228940d92b1c",
      "signer": "0x2b1c7eff297766569966b630a6862947a8e5285a"
    }
  },
  "datum": {
    "pairCbor": "d8799f47444f542f5553441a1908b1001a6a04ade01b0000019e224733005820156cb14db388321a694cbc0f99ec78230a6c6b5773595c1ba45f9b0a5d3a70aa542b1c7eff297766569966b630a6862947a8e5285a1a004c4b40ff"
  },
  "transactions": [
    {
      "step": "preview:update",
      "submittedTxHash": "7f2220e977dfb6239ebdc4a7f0fc0a49421aa86055026f09dad5888d5089ee72",
      "confirmed": true
    }
  ]
}
[1G[0K⠙[1G[0K