[rerun] preview:intent:create-and-sign --state ./state/preview_rerun_20260513-161549/config-bootstrap.json --intent-type OracleUpdate --symbol BTC/USD --price 6001000000000 --source "DIA Oracle" --out ./state/preview_rerun_20260513-161549/intents/btc-usd-batch.signed.json

> @protofire/dia-cardano-oracle-cli@0.1.0 cli
> tsx src/index.ts preview:intent:create-and-sign --state ./state/preview_rerun_20260513-161549/config-bootstrap.json --intent-type OracleUpdate --symbol BTC/USD --price 6001000000000 --source DIA Oracle --out ./state/preview_rerun_20260513-161549/intents/btc-usd-batch.signed.json

[1G[0K[cli] Wrote JSON output to /home/manuelpadilla/sources/reposUbuntu/PROTOFIRE/DIA/dia-cardano-oracle/offchain/cli/state/preview_rerun_20260513-161549/intents/btc-usd-batch.signed.json
{
  "intent": {
    "intentType": "OracleUpdate",
    "version": "1.0",
    "chainId": "100640",
    "nonce": "1778691908000",
    "expiry": "1778695508",
    "symbol": "BTC/USD",
    "price": "6001000000000",
    "timestamp": "1778691908",
    "source": "DIA Oracle",
    "signature": "0x3da266419c0e9560b19fa448966223448c32682157c78f45b37c948590cf2c605b5229ef20e5c5c11568692e7cb05034293aec5d327672510d7c98e50e2646c61b",
    "signer": "0x2b1c7eff297766569966b630a6862947a8e5285a"
  },
  "witness": {
    "signerPublicKey": "02d78ade9f8a9c064c8c588dba903df0cc0118596b9ec65f665dea1b448519f531",
    "signerAddress": "0x2b1c7eff297766569966b630a6862947a8e5285a",
    "intentHash": "5aa2243e001b55e92cf437ffbce42b6def7b6ff3494ff4b57854089adee91366",
    "compactSignature": "3da266419c0e9560b19fa448966223448c32682157c78f45b37c948590cf2c605b5229ef20e5c5c11568692e7cb05034293aec5d327672510d7c98e50e2646c6"
  }
}
[1G[0K⠙[1G[0K[rerun] preview:intent:create-and-sign --state ./state/preview_rerun_20260513-161549/config-bootstrap.json --intent-type OracleUpdate --symbol ETH/USD --price 250100000000 --source "DIA Oracle" --out ./state/preview_rerun_20260513-161549/intents/eth-usd-batch.signed.json

> @protofire/dia-cardano-oracle-cli@0.1.0 cli
> tsx src/index.ts preview:intent:create-and-sign --state ./state/preview_rerun_20260513-161549/config-bootstrap.json --intent-type OracleUpdate --symbol ETH/USD --price 250100000000 --source DIA Oracle --out ./state/preview_rerun_20260513-161549/intents/eth-usd-batch.signed.json

[1G[0K[cli] Wrote JSON output to /home/manuelpadilla/sources/reposUbuntu/PROTOFIRE/DIA/dia-cardano-oracle/offchain/cli/state/preview_rerun_20260513-161549/intents/eth-usd-batch.signed.json
{
  "intent": {
    "intentType": "OracleUpdate",
    "version": "1.0",
    "chainId": "100640",
    "nonce": "1778691908000",
    "expiry": "1778695508",
    "symbol": "ETH/USD",
    "price": "250100000000",
    "timestamp": "1778691908",
    "source": "DIA Oracle",
    "signature": "0xb365f2f4c4510e305ed820351c784897bbad2e0d0aa728ff6eab1a14c666ca9326235e014578cb42053fec41a8fad350217a53da0f423cfc68311d3bbe6c327d1c",
    "signer": "0x2b1c7eff297766569966b630a6862947a8e5285a"
  },
  "witness": {
    "signerPublicKey": "02d78ade9f8a9c064c8c588dba903df0cc0118596b9ec65f665dea1b448519f531",
    "signerAddress": "0x2b1c7eff297766569966b630a6862947a8e5285a",
    "intentHash": "141e7d3ae726bce4cd62c33c2dae1ae6826037030e04d38d324f77e30d1fce67",
    "compactSignature": "b365f2f4c4510e305ed820351c784897bbad2e0d0aa728ff6eab1a14c666ca9326235e014578cb42053fec41a8fad350217a53da0f423cfc68311d3bbe6c327d"
  }
}
[1G[0K⠙[1G[0K[rerun] preview:intent:create-and-sign --state ./state/preview_rerun_20260513-161549/config-bootstrap.json --intent-type OracleUpdate --symbol ADA/USD --price 751000000 --source "DIA Oracle" --out ./state/preview_rerun_20260513-161549/intents/ada-usd-batch.signed.json

> @protofire/dia-cardano-oracle-cli@0.1.0 cli
> tsx src/index.ts preview:intent:create-and-sign --state ./state/preview_rerun_20260513-161549/config-bootstrap.json --intent-type OracleUpdate --symbol ADA/USD --price 751000000 --source DIA Oracle --out ./state/preview_rerun_20260513-161549/intents/ada-usd-batch.signed.json

[1G[0K[cli] Wrote JSON output to /home/manuelpadilla/sources/reposUbuntu/PROTOFIRE/DIA/dia-cardano-oracle/offchain/cli/state/preview_rerun_20260513-161549/intents/ada-usd-batch.signed.json
{
  "intent": {
    "intentType": "OracleUpdate",
    "version": "1.0",
    "chainId": "100640",
    "nonce": "1778691908000",
    "expiry": "1778695508",
    "symbol": "ADA/USD",
    "price": "751000000",
    "timestamp": "1778691908",
    "source": "DIA Oracle",
    "signature": "0x9952b7adaddd0c593f1138f8cb7bd90df54e87cd7db82ee0712c2b536f577caa57b1adce70586b6456abce6d24534eafade591e88df4def7cbfa77df412467da1c",
    "signer": "0x2b1c7eff297766569966b630a6862947a8e5285a"
  },
  "witness": {
    "signerPublicKey": "02d78ade9f8a9c064c8c588dba903df0cc0118596b9ec65f665dea1b448519f531",
    "signerAddress": "0x2b1c7eff297766569966b630a6862947a8e5285a",
    "intentHash": "0ac0ab17892c6adf2bd9bcc39d73382850310517d6fddbfa717c00e5d61d81a1",
    "compactSignature": "9952b7adaddd0c593f1138f8cb7bd90df54e87cd7db82ee0712c2b536f577caa57b1adce70586b6456abce6d24534eafade591e88df4def7cbfa77df412467da"
  }
}
[1G[0K⠙[1G[0K[rerun] preview:intent:create-and-sign --state ./state/preview_rerun_20260513-161549/config-bootstrap.json --intent-type OracleUpdate --symbol USDT/USD --price 100101234 --source "DIA Oracle" --out ./state/preview_rerun_20260513-161549/intents/usdt-usd-batch.signed.json

> @protofire/dia-cardano-oracle-cli@0.1.0 cli
> tsx src/index.ts preview:intent:create-and-sign --state ./state/preview_rerun_20260513-161549/config-bootstrap.json --intent-type OracleUpdate --symbol USDT/USD --price 100101234 --source DIA Oracle --out ./state/preview_rerun_20260513-161549/intents/usdt-usd-batch.signed.json

[1G[0K[cli] Wrote JSON output to /home/manuelpadilla/sources/reposUbuntu/PROTOFIRE/DIA/dia-cardano-oracle/offchain/cli/state/preview_rerun_20260513-161549/intents/usdt-usd-batch.signed.json
{
  "intent": {
    "intentType": "OracleUpdate",
    "version": "1.0",
    "chainId": "100640",
    "nonce": "1778691934000",
    "expiry": "1778695534",
    "symbol": "USDT/USD",
    "price": "100101234",
    "timestamp": "1778691934",
    "source": "DIA Oracle",
    "signature": "0x467e8e97c32efa85459408f2317711b176c38710025437c81654ae04a4aed1145dfd906625c54d0005601430ef5fcc8afd7e38585a85ed3e8cc471c0e2621abf1b",
    "signer": "0x2b1c7eff297766569966b630a6862947a8e5285a"
  },
  "witness": {
    "signerPublicKey": "02d78ade9f8a9c064c8c588dba903df0cc0118596b9ec65f665dea1b448519f531",
    "signerAddress": "0x2b1c7eff297766569966b630a6862947a8e5285a",
    "intentHash": "1d8fcd66afe97e859f98db65f51ab6f1f0198c367058ae830b961431252c6973",
    "compactSignature": "467e8e97c32efa85459408f2317711b176c38710025437c81654ae04a4aed1145dfd906625c54d0005601430ef5fcc8afd7e38585a85ed3e8cc471c0e2621abf"
  }
}
[1G[0K⠙[1G[0K[rerun] preview:intent:create-and-sign --state ./state/preview_rerun_20260513-161549/config-bootstrap.json --intent-type OracleUpdate --symbol DAI/USD --price 100100345 --source "DIA Oracle" --out ./state/preview_rerun_20260513-161549/intents/dai-usd-batch.signed.json

> @protofire/dia-cardano-oracle-cli@0.1.0 cli
> tsx src/index.ts preview:intent:create-and-sign --state ./state/preview_rerun_20260513-161549/config-bootstrap.json --intent-type OracleUpdate --symbol DAI/USD --price 100100345 --source DIA Oracle --out ./state/preview_rerun_20260513-161549/intents/dai-usd-batch.signed.json

[1G[0K[cli] Wrote JSON output to /home/manuelpadilla/sources/reposUbuntu/PROTOFIRE/DIA/dia-cardano-oracle/offchain/cli/state/preview_rerun_20260513-161549/intents/dai-usd-batch.signed.json
{
  "intent": {
    "intentType": "OracleUpdate",
    "version": "1.0",
    "chainId": "100640",
    "nonce": "1778691934000",
    "expiry": "1778695534",
    "symbol": "DAI/USD",
    "price": "100100345",
    "timestamp": "1778691934",
    "source": "DIA Oracle",
    "signature": "0xd12d4e5efb7d9d0c0bbe54fd373ba2c65b3709588a6936cc788ae8e669a5b3647337bc1284f709658be3d9df2f84dcb3593c5aed9c123526bb2b53277d0e9f261c",
    "signer": "0x2b1c7eff297766569966b630a6862947a8e5285a"
  },
  "witness": {
    "signerPublicKey": "02d78ade9f8a9c064c8c588dba903df0cc0118596b9ec65f665dea1b448519f531",
    "signerAddress": "0x2b1c7eff297766569966b630a6862947a8e5285a",
    "intentHash": "af3cdf1976a471b087ff243932eaf6294450f1d87156830a36fc247d8c70c3f1",
    "compactSignature": "d12d4e5efb7d9d0c0bbe54fd373ba2c65b3709588a6936cc788ae8e669a5b3647337bc1284f709658be3d9df2f84dcb3593c5aed9c123526bb2b53277d0e9f26"
  }
}
[1G[0K⠙[1G[0K[rerun] preview:intent:create-and-sign --state ./state/preview_rerun_20260513-161549/config-bootstrap.json --intent-type OracleUpdate --symbol SOL/USD --price 18510000000 --source "DIA Oracle" --out ./state/preview_rerun_20260513-161549/intents/sol-usd-batch.signed.json

> @protofire/dia-cardano-oracle-cli@0.1.0 cli
> tsx src/index.ts preview:intent:create-and-sign --state ./state/preview_rerun_20260513-161549/config-bootstrap.json --intent-type OracleUpdate --symbol SOL/USD --price 18510000000 --source DIA Oracle --out ./state/preview_rerun_20260513-161549/intents/sol-usd-batch.signed.json

[1G[0K[cli] Wrote JSON output to /home/manuelpadilla/sources/reposUbuntu/PROTOFIRE/DIA/dia-cardano-oracle/offchain/cli/state/preview_rerun_20260513-161549/intents/sol-usd-batch.signed.json
{
  "intent": {
    "intentType": "OracleUpdate",
    "version": "1.0",
    "chainId": "100640",
    "nonce": "1778691934000",
    "expiry": "1778695534",
    "symbol": "SOL/USD",
    "price": "18510000000",
    "timestamp": "1778691934",
    "source": "DIA Oracle",
    "signature": "0xf0b12543f191ef3afa8c80798e84661d2d1c93ebecb7e2efd7cb5db02b14a1d7737007917163e307f319bd37b34ddc6dbb9fef88241f1ea851318d0767eb0b7e1c",
    "signer": "0x2b1c7eff297766569966b630a6862947a8e5285a"
  },
  "witness": {
    "signerPublicKey": "02d78ade9f8a9c064c8c588dba903df0cc0118596b9ec65f665dea1b448519f531",
    "signerAddress": "0x2b1c7eff297766569966b630a6862947a8e5285a",
    "intentHash": "307257f558c18be9422b4be94ba492840b8deb81b92d25c2b670e5a1f540bc74",
    "compactSignature": "f0b12543f191ef3afa8c80798e84661d2d1c93ebecb7e2efd7cb5db02b14a1d7737007917163e307f319bd37b34ddc6dbb9fef88241f1ea851318d0767eb0b7e"
  }
}
[1G[0K⠙[1G[0K[rerun] preview:intent:create-and-sign --state ./state/preview_rerun_20260513-161549/config-bootstrap.json --intent-type OracleUpdate --symbol BNB/USD --price 61510000000 --source "DIA Oracle" --out ./state/preview_rerun_20260513-161549/intents/bnb-usd-batch.signed.json

> @protofire/dia-cardano-oracle-cli@0.1.0 cli
> tsx src/index.ts preview:intent:create-and-sign --state ./state/preview_rerun_20260513-161549/config-bootstrap.json --intent-type OracleUpdate --symbol BNB/USD --price 61510000000 --source DIA Oracle --out ./state/preview_rerun_20260513-161549/intents/bnb-usd-batch.signed.json

[1G[0K[cli] Wrote JSON output to /home/manuelpadilla/sources/reposUbuntu/PROTOFIRE/DIA/dia-cardano-oracle/offchain/cli/state/preview_rerun_20260513-161549/intents/bnb-usd-batch.signed.json
{
  "intent": {
    "intentType": "OracleUpdate",
    "version": "1.0",
    "chainId": "100640",
    "nonce": "1778691934000",
    "expiry": "1778695534",
    "symbol": "BNB/USD",
    "price": "61510000000",
    "timestamp": "1778691934",
    "source": "DIA Oracle",
    "signature": "0xfee58a806ed204659ca88f8ad01c2663b9a6a9589b89e0671adfc6684f1e811175fe25fc7bf66b1ab8d95e9cde8c593a02d971c1c5f5ff00d478eefa4b4567df1c",
    "signer": "0x2b1c7eff297766569966b630a6862947a8e5285a"
  },
  "witness": {
    "signerPublicKey": "02d78ade9f8a9c064c8c588dba903df0cc0118596b9ec65f665dea1b448519f531",
    "signerAddress": "0x2b1c7eff297766569966b630a6862947a8e5285a",
    "intentHash": "c2731e507afea095a223bd5fbe90879da21870fd584fb2190df20930de36778f",
    "compactSignature": "fee58a806ed204659ca88f8ad01c2663b9a6a9589b89e0671adfc6684f1e811175fe25fc7bf66b1ab8d95e9cde8c593a02d971c1c5f5ff00d478eefa4b4567df"
  }
}
[1G[0K⠙[1G[0K[rerun] preview:intent:create-and-sign --state ./state/preview_rerun_20260513-161549/config-bootstrap.json --intent-type OracleUpdate --symbol XRP/USD --price 521000000 --source "DIA Oracle" --out ./state/preview_rerun_20260513-161549/intents/xrp-usd-batch.signed.json

> @protofire/dia-cardano-oracle-cli@0.1.0 cli
> tsx src/index.ts preview:intent:create-and-sign --state ./state/preview_rerun_20260513-161549/config-bootstrap.json --intent-type OracleUpdate --symbol XRP/USD --price 521000000 --source DIA Oracle --out ./state/preview_rerun_20260513-161549/intents/xrp-usd-batch.signed.json

[1G[0K[cli] Wrote JSON output to /home/manuelpadilla/sources/reposUbuntu/PROTOFIRE/DIA/dia-cardano-oracle/offchain/cli/state/preview_rerun_20260513-161549/intents/xrp-usd-batch.signed.json
{
  "intent": {
    "intentType": "OracleUpdate",
    "version": "1.0",
    "chainId": "100640",
    "nonce": "1778691934000",
    "expiry": "1778695534",
    "symbol": "XRP/USD",
    "price": "521000000",
    "timestamp": "1778691934",
    "source": "DIA Oracle",
    "signature": "0x7103e530fa460f48232714d6867c2348e52bc85c9af9e74039908f867dd8c3cf77297f0021203f496c608dadd0db37acb2c3ddbe72b1208162a8f3392c5b443f1b",
    "signer": "0x2b1c7eff297766569966b630a6862947a8e5285a"
  },
  "witness": {
    "signerPublicKey": "02d78ade9f8a9c064c8c588dba903df0cc0118596b9ec65f665dea1b448519f531",
    "signerAddress": "0x2b1c7eff297766569966b630a6862947a8e5285a",
    "intentHash": "f04e443d37a69462fe0ff49996cc53aab42dc887bcb43de7cd70918179c9a247",
    "compactSignature": "7103e530fa460f48232714d6867c2348e52bc85c9af9e74039908f867dd8c3cf77297f0021203f496c608dadd0db37acb2c3ddbe72b1208162a8f3392c5b443f"
  }
}
[1G[0K⠙[1G[0K[rerun] preview:intent:create-and-sign --state ./state/preview_rerun_20260513-161549/config-bootstrap.json --intent-type OracleUpdate --symbol MATIC/USD --price 981000000 --source "DIA Oracle" --out ./state/preview_rerun_20260513-161549/intents/matic-usd-batch.signed.json

> @protofire/dia-cardano-oracle-cli@0.1.0 cli
> tsx src/index.ts preview:intent:create-and-sign --state ./state/preview_rerun_20260513-161549/config-bootstrap.json --intent-type OracleUpdate --symbol MATIC/USD --price 981000000 --source DIA Oracle --out ./state/preview_rerun_20260513-161549/intents/matic-usd-batch.signed.json

[1G[0K[cli] Wrote JSON output to /home/manuelpadilla/sources/reposUbuntu/PROTOFIRE/DIA/dia-cardano-oracle/offchain/cli/state/preview_rerun_20260513-161549/intents/matic-usd-batch.signed.json
{
  "intent": {
    "intentType": "OracleUpdate",
    "version": "1.0",
    "chainId": "100640",
    "nonce": "1778691934000",
    "expiry": "1778695534",
    "symbol": "MATIC/USD",
    "price": "981000000",
    "timestamp": "1778691934",
    "source": "DIA Oracle",
    "signature": "0x1ef12694a9ed0e5b7712dd9805be15599473c5fc20a3abd33e6df1ba89886d374d9de5f7a2658d13aa6e762d6c1be787076adcc71276e478f1689dd488e595b01b",
    "signer": "0x2b1c7eff297766569966b630a6862947a8e5285a"
  },
  "witness": {
    "signerPublicKey": "02d78ade9f8a9c064c8c588dba903df0cc0118596b9ec65f665dea1b448519f531",
    "signerAddress": "0x2b1c7eff297766569966b630a6862947a8e5285a",
    "intentHash": "9db9ee1b0dfafdc6e58e9d95084ab20f07959e94aecc7112e06ef5fb0143204a",
    "compactSignature": "1ef12694a9ed0e5b7712dd9805be15599473c5fc20a3abd33e6df1ba89886d374d9de5f7a2658d13aa6e762d6c1be787076adcc71276e478f1689dd488e595b0"
  }
}
[1G[0K⠙[1G[0K[rerun] preview:intent:create-and-sign --state ./state/preview_rerun_20260513-161549/config-bootstrap.json --intent-type OracleUpdate --symbol DOT/USD --price 421000000 --source "DIA Oracle" --out ./state/preview_rerun_20260513-161549/intents/dot-usd-batch.signed.json

> @protofire/dia-cardano-oracle-cli@0.1.0 cli
> tsx src/index.ts preview:intent:create-and-sign --state ./state/preview_rerun_20260513-161549/config-bootstrap.json --intent-type OracleUpdate --symbol DOT/USD --price 421000000 --source DIA Oracle --out ./state/preview_rerun_20260513-161549/intents/dot-usd-batch.signed.json

[1G[0K[cli] Wrote JSON output to /home/manuelpadilla/sources/reposUbuntu/PROTOFIRE/DIA/dia-cardano-oracle/offchain/cli/state/preview_rerun_20260513-161549/intents/dot-usd-batch.signed.json
{
  "intent": {
    "intentType": "OracleUpdate",
    "version": "1.0",
    "chainId": "100640",
    "nonce": "1778691934000",
    "expiry": "1778695534",
    "symbol": "DOT/USD",
    "price": "421000000",
    "timestamp": "1778691934",
    "source": "DIA Oracle",
    "signature": "0xcf40eac982cb2dda76437c805054d3a6fc6d8c9a6536918611eab100dc786eb43db7cfe02bcbde1bf4fa2ad303f350cb724a592ed0ab0b4c8cd4cdd3324a2eb41b",
    "signer": "0x2b1c7eff297766569966b630a6862947a8e5285a"
  },
  "witness": {
    "signerPublicKey": "02d78ade9f8a9c064c8c588dba903df0cc0118596b9ec65f665dea1b448519f531",
    "signerAddress": "0x2b1c7eff297766569966b630a6862947a8e5285a",
    "intentHash": "abb702947c20490a27c20b79c3f6145a691551a7577e3f31e01071ee93accbe5",
    "compactSignature": "cf40eac982cb2dda76437c805054d3a6fc6d8c9a6536918611eab100dc786eb43db7cfe02bcbde1bf4fa2ad303f350cb724a592ed0ab0b4c8cd4cdd3324a2eb4"
  }
}
[1G[0K⠙[1G[0K