
> @protofire/dia-cardano-oracle-cli@0.1.0 cli
> tsx src/index.ts preview:update:batch --protocol-state ./state/preview_rerun_20260513-161549/config-bootstrap.json --client-state ./state/preview_rerun_20260513-161549/clients/client-a.json --manifest ./state/preview_rerun_20260513-161549/update-batches/batch-10.manifest.json --out ./state/preview_rerun_20260513-161549/update-batches/batch-10.result.json

[1G[0K[preview:update:batch] Loading batch update manifest from /home/manuelpadilla/sources/reposUbuntu/PROTOFIRE/DIA/dia-cardano-oracle/offchain/cli/state/preview_rerun_20260513-161549/update-batches/batch-10.manifest.json
[preview:update:batch] Connecting to Preview and selecting the configured wallet
[preview:update:batch] Building Preview oracle batch update transaction
[preview:update:batch] Tx resources: fee=2.601824 ADA (2601824 lovelace), cpu=4522291342, mem=11623489
[preview:update:batch] Output[0] | addr=addr_test1wrjg...cjxpl5 | lovelace=5.000000 ADA (5000000) | assets=e48068e7cd05...5e32b4=1 | datum=inline(91B)
[preview:update:batch] Output[1] | addr=addr_test1wrjg...cjxpl5 | lovelace=5.000000 ADA (5000000) | assets=e48068e7cd05...30b101=1 | datum=inline(95B)
[preview:update:batch] Output[2] | addr=addr_test1wrjg...cjxpl5 | lovelace=5.000000 ADA (5000000) | assets=e48068e7cd05...ff2852=1 | datum=inline(91B)
[preview:update:batch] Output[3] | addr=addr_test1wrjg...cjxpl5 | lovelace=5.000000 ADA (5000000) | assets=e48068e7cd05...bbbe64=1 | datum=inline(95B)
[preview:update:batch] Output[4] | addr=addr_test1wrjg...cjxpl5 | lovelace=5.000000 ADA (5000000) | assets=e48068e7cd05...3849f4=1 | datum=inline(95B)
[preview:update:batch] Output[5] | addr=addr_test1wrjg...cjxpl5 | lovelace=5.000000 ADA (5000000) | assets=e48068e7cd05...29d315=1 | datum=inline(92B)
[preview:update:batch] Output[6] | addr=addr_test1wrjg...cjxpl5 | lovelace=5.000000 ADA (5000000) | assets=e48068e7cd05...c2a497=1 | datum=inline(95B)
[preview:update:batch] Output[7] | addr=addr_test1wrjg...cjxpl5 | lovelace=5.000000 ADA (5000000) | assets=e48068e7cd05...eed0bc=1 | datum=inline(91B)
[preview:update:batch] Output[8] | addr=addr_test1wrjg...cjxpl5 | lovelace=5.000000 ADA (5000000) | assets=e48068e7cd05...57e571=1 | datum=inline(93B)
[preview:update:batch] Output[9] | addr=addr_test1wrjg...cjxpl5 | lovelace=5.000000 ADA (5000000) | assets=e48068e7cd05...52daee=1 | datum=inline(91B)
[preview:update:batch] Output[10] | addr=addr_test1wplc...whskwl | lovelace=65.000000 ADA (65000000) | assets=7f822870de6f...545f41=1 | datum=inline(19B)
[preview:update:batch] Output[11] | addr=addr_test1qpgp...quxj3j | lovelace=3612.886813 ADA (3612886813)
[preview:update:batch] Unsigned transaction ready: fa28acd9dae75e30c8bd7a45c287e4646c956e68e68d6d856640cac6de9eaac1
[preview:update:batch] Submitted transaction hash: fa28acd9dae75e30c8bd7a45c287e4646c956e68e68d6d856640cac6de9eaac1
[preview:update:batch] Confirmed by Blockfrost: oracle batch update transaction fa28acd9dae75e30c8bd7a45c287e4646c956e68e68d6d856640cac6de9eaac1.
[cli] Wrote JSON output to /home/manuelpadilla/sources/reposUbuntu/PROTOFIRE/DIA/dia-cardano-oracle/offchain/cli/state/preview_rerun_20260513-161549/update-batches/batch-10.result.json
{
  "wallet": {
    "source": "seed",
    "address": "addr_test1qpgpsm75w7l9u6au7shqzsaulrtxz2gp6xw9zhun70es6tt4t3wsjavx26kmh586erf8xxhqc2y7urq5az32sjv56nyqquxj3j"
  },
  "receiver": {
    "clientId": "client-a",
    "bootstrapRef": {
      "txHash": "fb5abe2c4f62d90085255fff438bc01716d631d0e242b0dd2594f84b8124e31c",
      "outputIndex": 1
    },
    "receiverAssetName": "4449415f52454345495645525f434c49454e545f41",
    "receiverPolicyId": "7f822870de6f4d81f6105e9e2f8e6eba008c612e345939a89f2d8980",
    "receiverUnit": "7f822870de6f4d81f6105e9e2f8e6eba008c612e345939a89f2d89804449415f52454345495645525f434c49454e545f41",
    "receiverValidatorHash": "7f822870de6f4d81f6105e9e2f8e6eba008c612e345939a89f2d8980",
    "receiverValidatorAddress": "addr_test1wplcy2rsmeh5mq0kzp0futuwd6aqprrp9c69jwdgnukcnqqwhskwl",
    "receiverState": {
      "balanceLovelace": "44400000",
      "accruedToHookLovelace": "15600000",
      "minUtxoLovelace": "5000000"
    }
  },
  "pairs": [
    {
      "statePath": "/home/manuelpadilla/sources/reposUbuntu/PROTOFIRE/DIA/dia-cardano-oracle/offchain/cli/state/preview_rerun_20260513-161549/clients/client-a/pairs/ada-usd.json",
      "outPath": "/home/manuelpadilla/sources/reposUbuntu/PROTOFIRE/DIA/dia-cardano-oracle/offchain/cli/state/preview_rerun_20260513-161549/clients/client-a/pairs/ada-usd.json",
      "pairId": "4144412f555344",
      "pairUnit": "e48068e7cd0596c27f9613853aea5e857f320a27b4918639a7cd2a2804e5366fb69cdc906d0e8841d641628f09a50f7618e944de5cdb7a26b95e32b4"
    },
    {
      "statePath": "/home/manuelpadilla/sources/reposUbuntu/PROTOFIRE/DIA/dia-cardano-oracle/offchain/cli/state/preview_rerun_20260513-161549/clients/client-a/pairs/bnb-usd.json",
      "outPath": "/home/manuelpadilla/sources/reposUbuntu/PROTOFIRE/DIA/dia-cardano-oracle/offchain/cli/state/preview_rerun_20260513-161549/clients/client-a/pairs/bnb-usd.json",
      "pairId": "424e422f555344",
      "pairUnit": "e48068e7cd0596c27f9613853aea5e857f320a27b4918639a7cd2a2809da81653014451f3a86d96589f6a9e5d97b4e8236a461c7b2edbe1bab30b101"
    },
    {
      "statePath": "/home/manuelpadilla/sources/reposUbuntu/PROTOFIRE/DIA/dia-cardano-oracle/offchain/cli/state/preview_rerun_20260513-161549/clients/client-a/pairs/dai-usd.json",
      "outPath": "/home/manuelpadilla/sources/reposUbuntu/PROTOFIRE/DIA/dia-cardano-oracle/offchain/cli/state/preview_rerun_20260513-161549/clients/client-a/pairs/dai-usd.json",
      "pairId": "4441492f555344",
      "pairUnit": "e48068e7cd0596c27f9613853aea5e857f320a27b4918639a7cd2a280ae6401fc15363e085cf3d2f90ae10566e797d8686ab048ba30f5914c7ff2852"
    },
    {
      "statePath": "/home/manuelpadilla/sources/reposUbuntu/PROTOFIRE/DIA/dia-cardano-oracle/offchain/cli/state/preview_rerun_20260513-161549/clients/client-a/pairs/sol-usd.json",
      "outPath": "/home/manuelpadilla/sources/reposUbuntu/PROTOFIRE/DIA/dia-cardano-oracle/offchain/cli/state/preview_rerun_20260513-161549/clients/client-a/pairs/sol-usd.json",
      "pairId": "534f4c2f555344",
      "pairUnit": "e48068e7cd0596c27f9613853aea5e857f320a27b4918639a7cd2a28396545cb87b0103c8ddb5ff4329eeff88e2aef114f76b0807b21ce3d68bbbe64"
    },
    {
      "statePath": "/home/manuelpadilla/sources/reposUbuntu/PROTOFIRE/DIA/dia-cardano-oracle/offchain/cli/state/preview_rerun_20260513-161549/clients/client-a/pairs/eth-usd.json",
      "outPath": "/home/manuelpadilla/sources/reposUbuntu/PROTOFIRE/DIA/dia-cardano-oracle/offchain/cli/state/preview_rerun_20260513-161549/clients/client-a/pairs/eth-usd.json",
      "pairId": "4554482f555344",
      "pairUnit": "e48068e7cd0596c27f9613853aea5e857f320a27b4918639a7cd2a283d7739c2406edbe3bb594b8f762cf67a2c889a162f2234dc17841f61d33849f4"
    },
    {
      "statePath": "/home/manuelpadilla/sources/reposUbuntu/PROTOFIRE/DIA/dia-cardano-oracle/offchain/cli/state/preview_rerun_20260513-161549/clients/client-a/pairs/usdt-usd.json",
      "outPath": "/home/manuelpadilla/sources/reposUbuntu/PROTOFIRE/DIA/dia-cardano-oracle/offchain/cli/state/preview_rerun_20260513-161549/clients/client-a/pairs/usdt-usd.json",
      "pairId": "555344542f555344",
      "pairUnit": "e48068e7cd0596c27f9613853aea5e857f320a27b4918639a7cd2a285ec9fa6a8337c83985882517e4865a68763912f37490cffe992a26abfd29d315"
    },
    {
      "statePath": "/home/manuelpadilla/sources/reposUbuntu/PROTOFIRE/DIA/dia-cardano-oracle/offchain/cli/state/preview_rerun_20260513-161549/clients/client-a/pairs/btc-usd.json",
      "outPath": "/home/manuelpadilla/sources/reposUbuntu/PROTOFIRE/DIA/dia-cardano-oracle/offchain/cli/state/preview_rerun_20260513-161549/clients/client-a/pairs/btc-usd.json",
      "pairId": "4254432f555344",
      "pairUnit": "e48068e7cd0596c27f9613853aea5e857f320a27b4918639a7cd2a288a3859b168b77160150b13c200392328254c3758f082050fd7ec5c340ac2a497"
    },
    {
      "statePath": "/home/manuelpadilla/sources/reposUbuntu/PROTOFIRE/DIA/dia-cardano-oracle/offchain/cli/state/preview_rerun_20260513-161549/clients/client-a/pairs/xrp-usd.json",
      "outPath": "/home/manuelpadilla/sources/reposUbuntu/PROTOFIRE/DIA/dia-cardano-oracle/offchain/cli/state/preview_rerun_20260513-161549/clients/client-a/pairs/xrp-usd.json",
      "pairId": "5852502f555344",
      "pairUnit": "e48068e7cd0596c27f9613853aea5e857f320a27b4918639a7cd2a28bac7b9f5648596883156b7004ce94ebb55cc5049bd65b93188cd724e9feed0bc"
    },
    {
      "statePath": "/home/manuelpadilla/sources/reposUbuntu/PROTOFIRE/DIA/dia-cardano-oracle/offchain/cli/state/preview_rerun_20260513-161549/clients/client-a/pairs/matic-usd.json",
      "outPath": "/home/manuelpadilla/sources/reposUbuntu/PROTOFIRE/DIA/dia-cardano-oracle/offchain/cli/state/preview_rerun_20260513-161549/clients/client-a/pairs/matic-usd.json",
      "pairId": "4d415449432f555344",
      "pairUnit": "e48068e7cd0596c27f9613853aea5e857f320a27b4918639a7cd2a28d2a1402553abe60aecdea3464be08e7ced64530fea0989b8fdfd49351157e571"
    },
    {
      "statePath": "/home/manuelpadilla/sources/reposUbuntu/PROTOFIRE/DIA/dia-cardano-oracle/offchain/cli/state/preview_rerun_20260513-161549/clients/client-a/pairs/dot-usd.json",
      "outPath": "/home/manuelpadilla/sources/reposUbuntu/PROTOFIRE/DIA/dia-cardano-oracle/offchain/cli/state/preview_rerun_20260513-161549/clients/client-a/pairs/dot-usd.json",
      "pairId": "444f542f555344",
      "pairUnit": "e48068e7cd0596c27f9613853aea5e857f320a27b4918639a7cd2a28ff3f796230b336b4e5c8d3af0440cbe0346a64cdab5e9cba4a8e2f476152daee"
    }
  ],
  "transactions": [
    {
      "step": "preview:update:batch",
      "submittedTxHash": "fa28acd9dae75e30c8bd7a45c287e4646c956e68e68d6d856640cac6de9eaac1",
      "confirmed": true
    }
  ]
}
[1G[0K⠙[1G[0K