
> @protofire/dia-cardano-oracle-cli@0.1.0 cli
> tsx src/index.ts preview:settle --protocol-state ./state/preview_rerun_20260513-161549/config-bootstrap.json --client-state ./state/preview_rerun_20260513-161549/clients/client-a.json

[1G[0K[preview:settle] Loading protocol state from /home/manuelpadilla/sources/reposUbuntu/PROTOFIRE/DIA/dia-cardano-oracle/offchain/cli/state/preview_rerun_20260513-161549/config-bootstrap.json
[preview:settle] Loading client state from /home/manuelpadilla/sources/reposUbuntu/PROTOFIRE/DIA/dia-cardano-oracle/offchain/cli/state/preview_rerun_20260513-161549/clients/client-a.json
[preview:settle] Connecting to Preview and selecting the configured wallet
[preview:settle] Settling 15600000 lovelace from receiver to payment hook
[preview:settle] Building Preview settle transaction
[preview:settle] Tx resources: fee=0.774020 ADA (774020 lovelace), cpu=568671956, mem=1772973
[preview:settle] Output[0] | addr=addr_test1wplc...whskwl | lovelace=49.400000 ADA (49400000) | assets=7f822870de6f...545f41=1 | datum=inline(15B)
[preview:settle] Output[1] | addr=addr_test1wqcv...xm8nup | lovelace=20.600000 ADA (20600000) | assets=30c194b294b1...4f4f4b=1 | datum=inline(100B)
[preview:settle] Output[2] | addr=addr_test1qpgp...quxj3j | lovelace=3612.112793 ADA (3612112793)
[preview:settle] Unsigned transaction ready: 01f0123f5837ae0aba15425c4273f1659323ecbcbe4b1d04d3972929a294f854
[preview:settle] Submitted transaction hash: 01f0123f5837ae0aba15425c4273f1659323ecbcbe4b1d04d3972929a294f854
[preview:settle] Confirmed by Blockfrost: settle transaction 01f0123f5837ae0aba15425c4273f1659323ecbcbe4b1d04d3972929a294f854.
{
  "wallet": {
    "source": "seed",
    "address": "addr_test1qpgpsm75w7l9u6au7shqzsaulrtxz2gp6xw9zhun70es6tt4t3wsjavx26kmh586erf8xxhqc2y7urq5az32sjv56nyqquxj3j"
  },
  "settledReceivers": [
    {
      "clientId": "client-a",
      "receiverUnit": "7f822870de6f4d81f6105e9e2f8e6eba008c612e345939a89f2d89804449415f52454345495645525f434c49454e545f41",
      "drainedLovelace": "15600000"
    }
  ],
  "totalSettledLovelace": "15600000",
  "transactions": [
    {
      "step": "preview:settle",
      "submittedTxHash": "01f0123f5837ae0aba15425c4273f1659323ecbcbe4b1d04d3972929a294f854",
      "confirmed": true
    }
  ]
}
[1G[0K⠙[1G[0K