[run] intent:create-and-sign --state ./state/mainnet_run_20260517-063917/config-bootstrap.json --intent-type OracleUpdate --symbol BTC/USD --price 6000000000000 --source "DIA Oracle" --out ./state/mainnet_run_20260517-063917/intents/btc-usd.signed.json

> @protofire/dia-cardano-oracle-cli@0.1.0 cli
> tsx src/index.ts intent:create-and-sign --state ./state/mainnet_run_20260517-063917/config-bootstrap.json --intent-type OracleUpdate --symbol BTC/USD --price 6000000000000 --source DIA Oracle --out ./state/mainnet_run_20260517-063917/intents/btc-usd.signed.json

[1G[0K[cli] Wrote JSON output to /home/manuelpadilla/sources/reposUbuntu/PROTOFIRE/DIA/dia-cardano-oracle/offchain/cli/state/mainnet_run_20260517-063917/intents/btc-usd.signed.json
{
  "intent": {
    "intentType": "OracleUpdate",
    "version": "1.0",
    "chainId": "100640",
    "nonce": "1779001265000",
    "expiry": "1779004865",
    "symbol": "BTC/USD",
    "price": "6000000000000",
    "timestamp": "1779001265",
    "source": "DIA Oracle",
    "signature": "0x14f31395da9d480270bbea1752459fb200aabf262a6c60241aae4a1813f3c6cb442045208cedcb98c78bd058511b2d54b131e7493897049e443e1921c971f2e31b",
    "signer": "0x2b1c7eff297766569966b630a6862947a8e5285a"
  },
  "witness": {
    "signerPublicKey": "02d78ade9f8a9c064c8c588dba903df0cc0118596b9ec65f665dea1b448519f531",
    "signerAddress": "0x2b1c7eff297766569966b630a6862947a8e5285a",
    "intentHash": "015d5c519f5b55860b7afa3d77c13ccda561e7a492d68c3eb2c3b4489f86e574",
    "compactSignature": "14f31395da9d480270bbea1752459fb200aabf262a6c60241aae4a1813f3c6cb442045208cedcb98c78bd058511b2d54b131e7493897049e443e1921c971f2e3"
  }
}
[1G[0K⠙[1G[0K