
> @protofire/dia-cardano-oracle-cli@0.1.0 cli
> tsx src/index.ts update --intent ./state/mainnet_run_20260517-063917/intents/ada-usd.signed.json --protocol-state ./state/mainnet_run_20260517-063917/config-bootstrap.json --client-state ./state/mainnet_run_20260517-063917/clients/client-a.json --state ./state/mainnet_run_20260517-063917/clients/client-a/pairs/ada-usd.json

[1G[0K[update] Loading signed intent from /home/manuelpadilla/sources/reposUbuntu/PROTOFIRE/DIA/dia-cardano-oracle/offchain/cli/state/mainnet_run_20260517-063917/intents/ada-usd.signed.json
[update] Loading client and protocol state
[update] Connecting to Mainnet and selecting the configured wallet
[update] Building Mainnet oracle update transaction
[update] Tx resources: fee=0.797443 ADA (797443 lovelace), cpu=700430790, mem=1928536
[update] Output[0] | addr=addr1w9cawvn4m...0rwvyu | lovelace=5.000000 ADA (5000000) | assets=71d73275dfbb...5e32b4=1 | datum=inline(91B)
[update] Output[1] | addr=addr1w8f8djqxk...e9mxgw | lovelace=35.000000 ADA (35000000) | assets=d276c806b1be...545f41=1 | datum=inline(19B)
[update] Output[2] | addr=addr1qxp3wp7xa...ulrq72 | lovelace=32.065477 ADA (32065477)
[update] Unsigned transaction ready: 851f8334f5c6690c2b604de487f7cf1bad7c916c870dac26de13acfc19e4d1a6
[update] Submitted transaction hash: 851f8334f5c6690c2b604de487f7cf1bad7c916c870dac26de13acfc19e4d1a6
[update] Confirmed by Blockfrost: oracle update transaction 851f8334f5c6690c2b604de487f7cf1bad7c916c870dac26de13acfc19e4d1a6.
[cli] Wrote JSON output to /home/manuelpadilla/sources/reposUbuntu/PROTOFIRE/DIA/dia-cardano-oracle/offchain/cli/state/mainnet_run_20260517-063917/clients/client-a/pairs/ada-usd.json
{
  "wallet": {
    "source": "seed",
    "address": "addr1qxp3wp7xa70jddcj95luvrud8p587fm7dsktwz8s5ts28hv8n5a536xf3tq74m47tnr8afr68v8wyhdst8c7aeanxvlqulrq72"
  },
  "pair": {
    "tokenName": "04e5366fb69cdc906d0e8841d641628f09a50f7618e944de5cdb7a26b95e32b4",
    "pairId": "4144412f555344",
    "pairUnit": "71d73275dfbbcb8fbb931245efab810ad4f6c8d1a13da6fe7cf6c56104e5366fb69cdc906d0e8841d641628f09a50f7618e944de5cdb7a26b95e32b4",
    "pairValidatorAddress": "addr1w9cawvn4m7auhramjvfytmatsy9dfakg6xsnmfh70nmv2cg0rwvyu"
  },
  "pairState": {
    "pairId": "4144412f555344",
    "price": "750000000",
    "timestamp": "1779001494",
    "nonce": "1779001494000",
    "intentHash": "378df81fa5a30d970672a1e5a666399c5eaac1585f7242359279703121f3838c",
    "signer": "2b1c7eff297766569966b630a6862947a8e5285a",
    "minUtxoLovelace": "5000000",
    "intent": {
      "intentType": "OracleUpdate",
      "version": "1.0",
      "chainId": "100640",
      "nonce": "1779001494000",
      "expiry": "1779005094",
      "symbol": "ADA/USD",
      "price": "750000000",
      "timestamp": "1779001494",
      "source": "DIA Oracle",
      "signature": "d45783f6066da900e1c70f1941e3313ded22f88dbd1770a34bb5c122f75efc5568b23690e9dc0441e4ea3766cb7661984b16b4de0357dec305d3d17d4549069d1c",
      "signer": "0x2b1c7eff297766569966b630a6862947a8e5285a"
    }
  },
  "datum": {
    "pairCbor": "d8799f474144412f5553441a2cb417801a6a0968961b0000019e34c089f05820378df81fa5a30d970672a1e5a666399c5eaac1585f7242359279703121f3838c542b1c7eff297766569966b630a6862947a8e5285a1a004c4b40ff"
  },
  "transactions": [
    {
      "step": "mainnet:update",
      "submittedTxHash": "851f8334f5c6690c2b604de487f7cf1bad7c916c870dac26de13acfc19e4d1a6",
      "confirmed": true
    }
  ]
}
[1G[0K⠙[1G[0K