
> @protofire/dia-cardano-oracle-cli@0.1.0 cli
> tsx src/index.ts update --intent ./state/mainnet_run_20260517-063917/intents/usdt-usd.signed.json --protocol-state ./state/mainnet_run_20260517-063917/config-bootstrap.json --client-state ./state/mainnet_run_20260517-063917/clients/client-a.json --state ./state/mainnet_run_20260517-063917/clients/client-a/pairs/usdt-usd.json

[1G[0K[update] Loading signed intent from /home/manuelpadilla/sources/reposUbuntu/PROTOFIRE/DIA/dia-cardano-oracle/offchain/cli/state/mainnet_run_20260517-063917/intents/usdt-usd.signed.json
[update] Loading client and protocol state
[update] Connecting to Mainnet and selecting the configured wallet
[update] Building Mainnet oracle update transaction
[update] Tx resources: fee=0.797531 ADA (797531 lovelace), cpu=700430790, mem=1928536
[update] Output[0] | addr=addr1w9cawvn4m...0rwvyu | lovelace=5.000000 ADA (5000000) | assets=71d73275dfbb...29d315=1 | datum=inline(92B)
[update] Output[1] | addr=addr1w8f8djqxk...e9mxgw | lovelace=35.000000 ADA (35000000) | assets=d276c806b1be...545f41=1 | datum=inline(19B)
[update] Output[2] | addr=addr1qxp3wp7xa...ulrq72 | lovelace=26.267946 ADA (26267946)
[update] Unsigned transaction ready: 4aa6582771f007fff0267a51ed5f7322341d320ff3a3b3d323c3795f78e63431
[update] Submitted transaction hash: 4aa6582771f007fff0267a51ed5f7322341d320ff3a3b3d323c3795f78e63431
[update] Confirmed by Blockfrost: oracle update transaction 4aa6582771f007fff0267a51ed5f7322341d320ff3a3b3d323c3795f78e63431.
[cli] Wrote JSON output to /home/manuelpadilla/sources/reposUbuntu/PROTOFIRE/DIA/dia-cardano-oracle/offchain/cli/state/mainnet_run_20260517-063917/clients/client-a/pairs/usdt-usd.json
{
  "wallet": {
    "source": "seed",
    "address": "addr1qxp3wp7xa70jddcj95luvrud8p587fm7dsktwz8s5ts28hv8n5a536xf3tq74m47tnr8afr68v8wyhdst8c7aeanxvlqulrq72"
  },
  "pair": {
    "tokenName": "5ec9fa6a8337c83985882517e4865a68763912f37490cffe992a26abfd29d315",
    "pairId": "555344542f555344",
    "pairUnit": "71d73275dfbbcb8fbb931245efab810ad4f6c8d1a13da6fe7cf6c5615ec9fa6a8337c83985882517e4865a68763912f37490cffe992a26abfd29d315",
    "pairValidatorAddress": "addr1w9cawvn4m7auhramjvfytmatsy9dfakg6xsnmfh70nmv2cg0rwvyu"
  },
  "pairState": {
    "pairId": "555344542f555344",
    "price": "100001234",
    "timestamp": "1779001667",
    "nonce": "1779001667000",
    "intentHash": "6fdb06ca1da7df1c346688181a1e9ffea3b2381084e9c37365b9a06d6f9420d9",
    "signer": "2b1c7eff297766569966b630a6862947a8e5285a",
    "minUtxoLovelace": "5000000",
    "intent": {
      "intentType": "OracleUpdate",
      "version": "1.0",
      "chainId": "100640",
      "nonce": "1779001667000",
      "expiry": "1779005267",
      "symbol": "USDT/USD",
      "price": "100001234",
      "timestamp": "1779001667",
      "source": "DIA Oracle",
      "signature": "b9cadd478153b669c24208feb822a464bd4d4c711edb9327f7b9057d80ac736e5009bb09ee1a8c5ebda136d0e5de6feb8f091631d0db4ef5d9dca98772cbc3271b",
      "signer": "0x2b1c7eff297766569966b630a6862947a8e5285a"
    }
  },
  "datum": {
    "pairCbor": "d8799f48555344542f5553441a05f5e5d21a6a0969431b0000019e34c32db858206fdb06ca1da7df1c346688181a1e9ffea3b2381084e9c37365b9a06d6f9420d9542b1c7eff297766569966b630a6862947a8e5285a1a004c4b40ff"
  },
  "transactions": [
    {
      "step": "mainnet:update",
      "submittedTxHash": "4aa6582771f007fff0267a51ed5f7322341d320ff3a3b3d323c3795f78e63431",
      "confirmed": true
    }
  ]
}
[1G[0K⠙[1G[0K