[run] intent:create-and-sign --state ./state/mainnet_run_20260517-063917/config-bootstrap.json --intent-type OracleUpdate --symbol DAI/USD --price 100000345 --source "DIA Oracle" --out ./state/mainnet_run_20260517-063917/intents/dai-usd.signed.json

> @protofire/dia-cardano-oracle-cli@0.1.0 cli
> tsx src/index.ts intent:create-and-sign --state ./state/mainnet_run_20260517-063917/config-bootstrap.json --intent-type OracleUpdate --symbol DAI/USD --price 100000345 --source DIA Oracle --out ./state/mainnet_run_20260517-063917/intents/dai-usd.signed.json

[1G[0K[cli] Wrote JSON output to /home/manuelpadilla/sources/reposUbuntu/PROTOFIRE/DIA/dia-cardano-oracle/offchain/cli/state/mainnet_run_20260517-063917/intents/dai-usd.signed.json
{
  "intent": {
    "intentType": "OracleUpdate",
    "version": "1.0",
    "chainId": "100640",
    "nonce": "1779001856000",
    "expiry": "1779005456",
    "symbol": "DAI/USD",
    "price": "100000345",
    "timestamp": "1779001856",
    "source": "DIA Oracle",
    "signature": "0x75105f2e73fc627813a189800cb2628755cc0a6a4ab8d45d6bd5643763a9f9c165b1b70ffe8e2ff96248ca38ef31ff189c53e3b880d3f3cf41544b6209a6477e1b",
    "signer": "0x2b1c7eff297766569966b630a6862947a8e5285a"
  },
  "witness": {
    "signerPublicKey": "02d78ade9f8a9c064c8c588dba903df0cc0118596b9ec65f665dea1b448519f531",
    "signerAddress": "0x2b1c7eff297766569966b630a6862947a8e5285a",
    "intentHash": "2667b97318a5baf0a02e56f6488b53df80b18226154970149b9174e4e4099568",
    "compactSignature": "75105f2e73fc627813a189800cb2628755cc0a6a4ab8d45d6bd5643763a9f9c165b1b70ffe8e2ff96248ca38ef31ff189c53e3b880d3f3cf41544b6209a6477e"
  }
}
[1G[0K⠙[1G[0K