
> @protofire/dia-cardano-oracle-cli@0.1.0 cli
> tsx src/index.ts update --intent ./state/mainnet_run_20260517-063917/intents/bnb-usd.signed.json --protocol-state ./state/mainnet_run_20260517-063917/config-bootstrap.json --client-state ./state/mainnet_run_20260517-063917/clients/client-a.json --state ./state/mainnet_run_20260517-063917/clients/client-a/pairs/bnb-usd.json

[1G[0K[update] Loading signed intent from /home/manuelpadilla/sources/reposUbuntu/PROTOFIRE/DIA/dia-cardano-oracle/offchain/cli/state/mainnet_run_20260517-063917/intents/bnb-usd.signed.json
[update] Loading client and protocol state
[update] Connecting to Mainnet and selecting the configured wallet
[update] Building Mainnet oracle update transaction
[update] Tx resources: fee=0.797795 ADA (797795 lovelace), cpu=700430790, mem=1928536
[update] Output[0] | addr=addr1w9cawvn4m...0rwvyu | lovelace=5.000000 ADA (5000000) | assets=71d73275dfbb...30b101=1 | datum=inline(95B)
[update] Output[1] | addr=addr1w8f8djqxk...e9mxgw | lovelace=35.000000 ADA (35000000) | assets=d276c806b1be...545f41=1 | datum=inline(19B)
[update] Output[2] | addr=addr1qxp3wp7xa...ulrq72 | lovelace=8.874913 ADA (8874913)
[update] Unsigned transaction ready: 0f5c65e9d32a94f9dc87adf1828071878df713e2b30c642d62d6b67b16c521b3
[update] Submitted transaction hash: 0f5c65e9d32a94f9dc87adf1828071878df713e2b30c642d62d6b67b16c521b3
[update] Confirmed by Blockfrost: oracle update transaction 0f5c65e9d32a94f9dc87adf1828071878df713e2b30c642d62d6b67b16c521b3.
[cli] Wrote JSON output to /home/manuelpadilla/sources/reposUbuntu/PROTOFIRE/DIA/dia-cardano-oracle/offchain/cli/state/mainnet_run_20260517-063917/clients/client-a/pairs/bnb-usd.json
{
  "wallet": {
    "source": "seed",
    "address": "addr1qxp3wp7xa70jddcj95luvrud8p587fm7dsktwz8s5ts28hv8n5a536xf3tq74m47tnr8afr68v8wyhdst8c7aeanxvlqulrq72"
  },
  "pair": {
    "tokenName": "09da81653014451f3a86d96589f6a9e5d97b4e8236a461c7b2edbe1bab30b101",
    "pairId": "424e422f555344",
    "pairUnit": "71d73275dfbbcb8fbb931245efab810ad4f6c8d1a13da6fe7cf6c56109da81653014451f3a86d96589f6a9e5d97b4e8236a461c7b2edbe1bab30b101",
    "pairValidatorAddress": "addr1w9cawvn4m7auhramjvfytmatsy9dfakg6xsnmfh70nmv2cg0rwvyu"
  },
  "pairState": {
    "pairId": "424e422f555344",
    "price": "61500000000",
    "timestamp": "1779002145",
    "nonce": "1779002145000",
    "intentHash": "4357344fafc07bdcc576254797f7b640f53aa98839292bd582a96fa81ac09bde",
    "signer": "2b1c7eff297766569966b630a6862947a8e5285a",
    "minUtxoLovelace": "5000000",
    "intent": {
      "intentType": "OracleUpdate",
      "version": "1.0",
      "chainId": "100640",
      "nonce": "1779002145000",
      "expiry": "1779005745",
      "symbol": "BNB/USD",
      "price": "61500000000",
      "timestamp": "1779002145",
      "source": "DIA Oracle",
      "signature": "e8730346c62644ae98cea5514946c4e6534ef598608a4f6b999a6ddc5b4b2cea4d5c5c6fb61c952acbdcababa1954d80565a237a26ea9699e4f613cf889a192e1b",
      "signer": "0x2b1c7eff297766569966b630a6862947a8e5285a"
    }
  },
  "datum": {
    "pairCbor": "d8799f47424e422f5553441b0000000e51af87001a6a096b211b0000019e34ca78e858204357344fafc07bdcc576254797f7b640f53aa98839292bd582a96fa81ac09bde542b1c7eff297766569966b630a6862947a8e5285a1a004c4b40ff"
  },
  "transactions": [
    {
      "step": "mainnet:update",
      "submittedTxHash": "0f5c65e9d32a94f9dc87adf1828071878df713e2b30c642d62d6b67b16c521b3",
      "confirmed": true
    }
  ]
}
[1G[0K⠙[1G[0K