
> @protofire/dia-cardano-oracle-cli@0.1.0 cli
> tsx src/index.ts update --intent ./state/mainnet_run_20260517-063917/intents/dot-usd.signed.json --protocol-state ./state/mainnet_run_20260517-063917/config-bootstrap.json --client-state ./state/mainnet_run_20260517-063917/clients/client-a.json --state ./state/mainnet_run_20260517-063917/clients/client-a/pairs/dot-usd.json

[1G[0K[update] Loading signed intent from /home/manuelpadilla/sources/reposUbuntu/PROTOFIRE/DIA/dia-cardano-oracle/offchain/cli/state/mainnet_run_20260517-063917/intents/dot-usd.signed.json
[update] Loading client and protocol state
[update] Connecting to Mainnet and selecting the configured wallet
[update] Building Mainnet oracle update transaction
[update] Tx resources: fee=0.799146 ADA (799146 lovelace), cpu=707663434, mem=1949006
[update] Output[0] | addr=addr1w9cawvn4m...0rwvyu | lovelace=5.000000 ADA (5000000) | assets=71d73275dfbb...52daee=1 | datum=inline(91B)
[update] Output[1] | addr=addr1w8f8djqxk...e9mxgw | lovelace=35.000000 ADA (35000000) | assets=d276c806b1be...545f41=1 | datum=inline(19B)
[update] Output[2] | addr=addr1qxp3wp7xa...ulrq72 | lovelace=44.200854 ADA (44200854)
[update] Unsigned transaction ready: f084c6e3516ea508587be87948d271e7bb36eeba264201ae995e5f372af9fb14
[update] Submitted transaction hash: f084c6e3516ea508587be87948d271e7bb36eeba264201ae995e5f372af9fb14
[update] Confirmed by Blockfrost: oracle update transaction f084c6e3516ea508587be87948d271e7bb36eeba264201ae995e5f372af9fb14.
[cli] Wrote JSON output to /home/manuelpadilla/sources/reposUbuntu/PROTOFIRE/DIA/dia-cardano-oracle/offchain/cli/state/mainnet_run_20260517-063917/clients/client-a/pairs/dot-usd.json
{
  "wallet": {
    "source": "seed",
    "address": "addr1qxp3wp7xa70jddcj95luvrud8p587fm7dsktwz8s5ts28hv8n5a536xf3tq74m47tnr8afr68v8wyhdst8c7aeanxvlqulrq72"
  },
  "pair": {
    "tokenName": "ff3f796230b336b4e5c8d3af0440cbe0346a64cdab5e9cba4a8e2f476152daee",
    "pairId": "444f542f555344",
    "pairUnit": "71d73275dfbbcb8fbb931245efab810ad4f6c8d1a13da6fe7cf6c561ff3f796230b336b4e5c8d3af0440cbe0346a64cdab5e9cba4a8e2f476152daee",
    "pairValidatorAddress": "addr1w9cawvn4m7auhramjvfytmatsy9dfakg6xsnmfh70nmv2cg0rwvyu"
  },
  "pairState": {
    "pairId": "444f542f555344",
    "price": "420000000",
    "timestamp": "1779003072",
    "nonce": "1779003072000",
    "intentHash": "2772a354b8ace7515a53350566ce845610ccca0e812d6a67c7ed1835545d6ee9",
    "signer": "2b1c7eff297766569966b630a6862947a8e5285a",
    "minUtxoLovelace": "5000000",
    "intent": {
      "intentType": "OracleUpdate",
      "version": "1.0",
      "chainId": "100640",
      "nonce": "1779003072000",
      "expiry": "1779006672",
      "symbol": "DOT/USD",
      "price": "420000000",
      "timestamp": "1779003072",
      "source": "DIA Oracle",
      "signature": "0289350bf90fbd25259d4b35f11667c0aa6d332333b61519a99591c33247110957bfc98d5c4dfbde5cc6d1962cd39e649d33617f5e1168a2819ab721c44dfa4e1b",
      "signer": "0x2b1c7eff297766569966b630a6862947a8e5285a"
    }
  },
  "datum": {
    "pairCbor": "d8799f47444f542f5553441a1908b1001a6a096ec01b0000019e34d89e0058202772a354b8ace7515a53350566ce845610ccca0e812d6a67c7ed1835545d6ee9542b1c7eff297766569966b630a6862947a8e5285a1a004c4b40ff"
  },
  "transactions": [
    {
      "step": "mainnet:update",
      "submittedTxHash": "f084c6e3516ea508587be87948d271e7bb36eeba264201ae995e5f372af9fb14",
      "confirmed": true
    }
  ]
}
[1G[0K⠙[1G[0K