[run] intent:create-and-sign --state ./state/mainnet_run_20260517-063917/config-bootstrap.json --intent-type OracleUpdate --symbol BTC/USD --price 6001000000000 --source "DIA Oracle" --out ./state/mainnet_run_20260517-063917/intents/btc-usd-batch.signed.json

> @protofire/dia-cardano-oracle-cli@0.1.0 cli
> tsx src/index.ts intent:create-and-sign --state ./state/mainnet_run_20260517-063917/config-bootstrap.json --intent-type OracleUpdate --symbol BTC/USD --price 6001000000000 --source DIA Oracle --out ./state/mainnet_run_20260517-063917/intents/btc-usd-batch.signed.json

[1G[0K[cli] Wrote JSON output to /home/manuelpadilla/sources/reposUbuntu/PROTOFIRE/DIA/dia-cardano-oracle/offchain/cli/state/mainnet_run_20260517-063917/intents/btc-usd-batch.signed.json
{
  "intent": {
    "intentType": "OracleUpdate",
    "version": "1.0",
    "chainId": "100640",
    "nonce": "1779003412000",
    "expiry": "1779007012",
    "symbol": "BTC/USD",
    "price": "6001000000000",
    "timestamp": "1779003412",
    "source": "DIA Oracle",
    "signature": "0x2ec70e94ca65828833295d636dbd7a4d531a7f50e11f478fd6454bee6bf33eb052ff989557e82829e687a4eb56e8ebd88054385155c4c14ccad255d479289ac11b",
    "signer": "0x2b1c7eff297766569966b630a6862947a8e5285a"
  },
  "witness": {
    "signerPublicKey": "02d78ade9f8a9c064c8c588dba903df0cc0118596b9ec65f665dea1b448519f531",
    "signerAddress": "0x2b1c7eff297766569966b630a6862947a8e5285a",
    "intentHash": "2731a5c6a0ad05460abe6c6e1943728bab6aae5cc9a081516ae6695c848daa70",
    "compactSignature": "2ec70e94ca65828833295d636dbd7a4d531a7f50e11f478fd6454bee6bf33eb052ff989557e82829e687a4eb56e8ebd88054385155c4c14ccad255d479289ac1"
  }
}
[1G[0K⠙[1G[0K[run] intent:create-and-sign --state ./state/mainnet_run_20260517-063917/config-bootstrap.json --intent-type OracleUpdate --symbol ETH/USD --price 250100000000 --source "DIA Oracle" --out ./state/mainnet_run_20260517-063917/intents/eth-usd-batch.signed.json

> @protofire/dia-cardano-oracle-cli@0.1.0 cli
> tsx src/index.ts intent:create-and-sign --state ./state/mainnet_run_20260517-063917/config-bootstrap.json --intent-type OracleUpdate --symbol ETH/USD --price 250100000000 --source DIA Oracle --out ./state/mainnet_run_20260517-063917/intents/eth-usd-batch.signed.json

[1G[0K[cli] Wrote JSON output to /home/manuelpadilla/sources/reposUbuntu/PROTOFIRE/DIA/dia-cardano-oracle/offchain/cli/state/mainnet_run_20260517-063917/intents/eth-usd-batch.signed.json
{
  "intent": {
    "intentType": "OracleUpdate",
    "version": "1.0",
    "chainId": "100640",
    "nonce": "1779003414000",
    "expiry": "1779007014",
    "symbol": "ETH/USD",
    "price": "250100000000",
    "timestamp": "1779003414",
    "source": "DIA Oracle",
    "signature": "0xc982683dd5a96ff2a34a9f334f0735a1036a7a7e77b4121bf58b21c5b729864b1fd70207f7693151f216a0aaa28b03ad9e6d713d7dabb97c493ede1b34f3eec11b",
    "signer": "0x2b1c7eff297766569966b630a6862947a8e5285a"
  },
  "witness": {
    "signerPublicKey": "02d78ade9f8a9c064c8c588dba903df0cc0118596b9ec65f665dea1b448519f531",
    "signerAddress": "0x2b1c7eff297766569966b630a6862947a8e5285a",
    "intentHash": "d122dba68ffcd7001c0714c17c1e53a13df4c182196a33bcc97eb7e0bdb88b1b",
    "compactSignature": "c982683dd5a96ff2a34a9f334f0735a1036a7a7e77b4121bf58b21c5b729864b1fd70207f7693151f216a0aaa28b03ad9e6d713d7dabb97c493ede1b34f3eec1"
  }
}
[1G[0K⠙[1G[0K[run] intent:create-and-sign --state ./state/mainnet_run_20260517-063917/config-bootstrap.json --intent-type OracleUpdate --symbol ADA/USD --price 751000000 --source "DIA Oracle" --out ./state/mainnet_run_20260517-063917/intents/ada-usd-batch.signed.json

> @protofire/dia-cardano-oracle-cli@0.1.0 cli
> tsx src/index.ts intent:create-and-sign --state ./state/mainnet_run_20260517-063917/config-bootstrap.json --intent-type OracleUpdate --symbol ADA/USD --price 751000000 --source DIA Oracle --out ./state/mainnet_run_20260517-063917/intents/ada-usd-batch.signed.json

[1G[0K[cli] Wrote JSON output to /home/manuelpadilla/sources/reposUbuntu/PROTOFIRE/DIA/dia-cardano-oracle/offchain/cli/state/mainnet_run_20260517-063917/intents/ada-usd-batch.signed.json
{
  "intent": {
    "intentType": "OracleUpdate",
    "version": "1.0",
    "chainId": "100640",
    "nonce": "1779003414000",
    "expiry": "1779007014",
    "symbol": "ADA/USD",
    "price": "751000000",
    "timestamp": "1779003414",
    "source": "DIA Oracle",
    "signature": "0x456d73439c98f386aa30bda40c146dde421595ea9a9c003f454ffd3b553f1d28316f723050653be8152da5977aa6793178f25078bebbd77183afe8415ff7b29b1c",
    "signer": "0x2b1c7eff297766569966b630a6862947a8e5285a"
  },
  "witness": {
    "signerPublicKey": "02d78ade9f8a9c064c8c588dba903df0cc0118596b9ec65f665dea1b448519f531",
    "signerAddress": "0x2b1c7eff297766569966b630a6862947a8e5285a",
    "intentHash": "42d542f0621a7ad6e1c5d12a7f9887459db526ec2d28ee6257115bdcf8b7de35",
    "compactSignature": "456d73439c98f386aa30bda40c146dde421595ea9a9c003f454ffd3b553f1d28316f723050653be8152da5977aa6793178f25078bebbd77183afe8415ff7b29b"
  }
}
[1G[0K⠙[1G[0K[run] intent:create-and-sign --state ./state/mainnet_run_20260517-063917/config-bootstrap.json --intent-type OracleUpdate --symbol USDT/USD --price 100101234 --source "DIA Oracle" --out ./state/mainnet_run_20260517-063917/intents/usdt-usd-batch.signed.json

> @protofire/dia-cardano-oracle-cli@0.1.0 cli
> tsx src/index.ts intent:create-and-sign --state ./state/mainnet_run_20260517-063917/config-bootstrap.json --intent-type OracleUpdate --symbol USDT/USD --price 100101234 --source DIA Oracle --out ./state/mainnet_run_20260517-063917/intents/usdt-usd-batch.signed.json

[1G[0K[cli] Wrote JSON output to /home/manuelpadilla/sources/reposUbuntu/PROTOFIRE/DIA/dia-cardano-oracle/offchain/cli/state/mainnet_run_20260517-063917/intents/usdt-usd-batch.signed.json
{
  "intent": {
    "intentType": "OracleUpdate",
    "version": "1.0",
    "chainId": "100640",
    "nonce": "1779003414000",
    "expiry": "1779007014",
    "symbol": "USDT/USD",
    "price": "100101234",
    "timestamp": "1779003414",
    "source": "DIA Oracle",
    "signature": "0x9534f2d294cff613400323ff17468c6b165dd439fc8188e97fb5100808bf63c9663589cbf4c45160077a7e77604cd7041c839e5f7f04db3e099bcc50d90e06361b",
    "signer": "0x2b1c7eff297766569966b630a6862947a8e5285a"
  },
  "witness": {
    "signerPublicKey": "02d78ade9f8a9c064c8c588dba903df0cc0118596b9ec65f665dea1b448519f531",
    "signerAddress": "0x2b1c7eff297766569966b630a6862947a8e5285a",
    "intentHash": "96bf6ab41c42a3468ee5999129844af253ab3b27fa94d3f2d4551042448424b9",
    "compactSignature": "9534f2d294cff613400323ff17468c6b165dd439fc8188e97fb5100808bf63c9663589cbf4c45160077a7e77604cd7041c839e5f7f04db3e099bcc50d90e0636"
  }
}
[1G[0K⠙[1G[0K[run] intent:create-and-sign --state ./state/mainnet_run_20260517-063917/config-bootstrap.json --intent-type OracleUpdate --symbol DAI/USD --price 100100345 --source "DIA Oracle" --out ./state/mainnet_run_20260517-063917/intents/dai-usd-batch.signed.json

> @protofire/dia-cardano-oracle-cli@0.1.0 cli
> tsx src/index.ts intent:create-and-sign --state ./state/mainnet_run_20260517-063917/config-bootstrap.json --intent-type OracleUpdate --symbol DAI/USD --price 100100345 --source DIA Oracle --out ./state/mainnet_run_20260517-063917/intents/dai-usd-batch.signed.json

[1G[0K[cli] Wrote JSON output to /home/manuelpadilla/sources/reposUbuntu/PROTOFIRE/DIA/dia-cardano-oracle/offchain/cli/state/mainnet_run_20260517-063917/intents/dai-usd-batch.signed.json
{
  "intent": {
    "intentType": "OracleUpdate",
    "version": "1.0",
    "chainId": "100640",
    "nonce": "1779003414000",
    "expiry": "1779007014",
    "symbol": "DAI/USD",
    "price": "100100345",
    "timestamp": "1779003414",
    "source": "DIA Oracle",
    "signature": "0xbe4596261b829bd6b927b467294accc0da699cee54ee2bab8d3beb52a0bb266a7033315fa3158597928958fc77419ea0877715dc2d79abc84b79d63f686d95801c",
    "signer": "0x2b1c7eff297766569966b630a6862947a8e5285a"
  },
  "witness": {
    "signerPublicKey": "02d78ade9f8a9c064c8c588dba903df0cc0118596b9ec65f665dea1b448519f531",
    "signerAddress": "0x2b1c7eff297766569966b630a6862947a8e5285a",
    "intentHash": "1eb6a4c1786a4398188cf427a29750c3e47a31d446acf71bb8659deb1f6fd296",
    "compactSignature": "be4596261b829bd6b927b467294accc0da699cee54ee2bab8d3beb52a0bb266a7033315fa3158597928958fc77419ea0877715dc2d79abc84b79d63f686d9580"
  }
}
[1G[0K⠙[1G[0K[run] intent:create-and-sign --state ./state/mainnet_run_20260517-063917/config-bootstrap.json --intent-type OracleUpdate --symbol SOL/USD --price 18510000000 --source "DIA Oracle" --out ./state/mainnet_run_20260517-063917/intents/sol-usd-batch.signed.json

> @protofire/dia-cardano-oracle-cli@0.1.0 cli
> tsx src/index.ts intent:create-and-sign --state ./state/mainnet_run_20260517-063917/config-bootstrap.json --intent-type OracleUpdate --symbol SOL/USD --price 18510000000 --source DIA Oracle --out ./state/mainnet_run_20260517-063917/intents/sol-usd-batch.signed.json

[1G[0K[cli] Wrote JSON output to /home/manuelpadilla/sources/reposUbuntu/PROTOFIRE/DIA/dia-cardano-oracle/offchain/cli/state/mainnet_run_20260517-063917/intents/sol-usd-batch.signed.json
{
  "intent": {
    "intentType": "OracleUpdate",
    "version": "1.0",
    "chainId": "100640",
    "nonce": "1779003414000",
    "expiry": "1779007014",
    "symbol": "SOL/USD",
    "price": "18510000000",
    "timestamp": "1779003414",
    "source": "DIA Oracle",
    "signature": "0x3f79a7d8d68a2ddf9a2afd5971f5ef8914c65ff822a10ef7e10021788a0f280a5b113aa72061e9c8e7f14017149f444f33e4f665d50e7a5c115fcc6393e609311c",
    "signer": "0x2b1c7eff297766569966b630a6862947a8e5285a"
  },
  "witness": {
    "signerPublicKey": "02d78ade9f8a9c064c8c588dba903df0cc0118596b9ec65f665dea1b448519f531",
    "signerAddress": "0x2b1c7eff297766569966b630a6862947a8e5285a",
    "intentHash": "19cf25567c944beb2bc6114b9b0cf3a1144ed4ef982c3231e57396e70173a31b",
    "compactSignature": "3f79a7d8d68a2ddf9a2afd5971f5ef8914c65ff822a10ef7e10021788a0f280a5b113aa72061e9c8e7f14017149f444f33e4f665d50e7a5c115fcc6393e60931"
  }
}
[1G[0K⠙[1G[0K[run] intent:create-and-sign --state ./state/mainnet_run_20260517-063917/config-bootstrap.json --intent-type OracleUpdate --symbol BNB/USD --price 61510000000 --source "DIA Oracle" --out ./state/mainnet_run_20260517-063917/intents/bnb-usd-batch.signed.json

> @protofire/dia-cardano-oracle-cli@0.1.0 cli
> tsx src/index.ts intent:create-and-sign --state ./state/mainnet_run_20260517-063917/config-bootstrap.json --intent-type OracleUpdate --symbol BNB/USD --price 61510000000 --source DIA Oracle --out ./state/mainnet_run_20260517-063917/intents/bnb-usd-batch.signed.json

[1G[0K[cli] Wrote JSON output to /home/manuelpadilla/sources/reposUbuntu/PROTOFIRE/DIA/dia-cardano-oracle/offchain/cli/state/mainnet_run_20260517-063917/intents/bnb-usd-batch.signed.json
{
  "intent": {
    "intentType": "OracleUpdate",
    "version": "1.0",
    "chainId": "100640",
    "nonce": "1779003414000",
    "expiry": "1779007014",
    "symbol": "BNB/USD",
    "price": "61510000000",
    "timestamp": "1779003414",
    "source": "DIA Oracle",
    "signature": "0x5ac1dedacbb1563b8ca40aa1dde54cba6b7f4cd3a6982e7c0464dd70de4f4e3f6252191491e0a5f69691b66fb0c0b8367457eafb2bff548c11c14fb7c7d794061c",
    "signer": "0x2b1c7eff297766569966b630a6862947a8e5285a"
  },
  "witness": {
    "signerPublicKey": "02d78ade9f8a9c064c8c588dba903df0cc0118596b9ec65f665dea1b448519f531",
    "signerAddress": "0x2b1c7eff297766569966b630a6862947a8e5285a",
    "intentHash": "d3f097b1e822b81c2c3b002a4b4c077b614776e9333443d4d529c0034ca889d3",
    "compactSignature": "5ac1dedacbb1563b8ca40aa1dde54cba6b7f4cd3a6982e7c0464dd70de4f4e3f6252191491e0a5f69691b66fb0c0b8367457eafb2bff548c11c14fb7c7d79406"
  }
}
[1G[0K⠙[1G[0K[run] intent:create-and-sign --state ./state/mainnet_run_20260517-063917/config-bootstrap.json --intent-type OracleUpdate --symbol XRP/USD --price 521000000 --source "DIA Oracle" --out ./state/mainnet_run_20260517-063917/intents/xrp-usd-batch.signed.json

> @protofire/dia-cardano-oracle-cli@0.1.0 cli
> tsx src/index.ts intent:create-and-sign --state ./state/mainnet_run_20260517-063917/config-bootstrap.json --intent-type OracleUpdate --symbol XRP/USD --price 521000000 --source DIA Oracle --out ./state/mainnet_run_20260517-063917/intents/xrp-usd-batch.signed.json

[1G[0K[cli] Wrote JSON output to /home/manuelpadilla/sources/reposUbuntu/PROTOFIRE/DIA/dia-cardano-oracle/offchain/cli/state/mainnet_run_20260517-063917/intents/xrp-usd-batch.signed.json
{
  "intent": {
    "intentType": "OracleUpdate",
    "version": "1.0",
    "chainId": "100640",
    "nonce": "1779003414000",
    "expiry": "1779007014",
    "symbol": "XRP/USD",
    "price": "521000000",
    "timestamp": "1779003414",
    "source": "DIA Oracle",
    "signature": "0x88097f209e444057200ddbffb4e162a82ac9723cf2fbdd83b4cf76c9239312597de721de5310d01348847a258a9d02be83e7d7ac07b8c7ced1215b56eeb12a101c",
    "signer": "0x2b1c7eff297766569966b630a6862947a8e5285a"
  },
  "witness": {
    "signerPublicKey": "02d78ade9f8a9c064c8c588dba903df0cc0118596b9ec65f665dea1b448519f531",
    "signerAddress": "0x2b1c7eff297766569966b630a6862947a8e5285a",
    "intentHash": "825496082f12ad56e217cf08945b631eb6c755ffbde57d232fbfd7fad62136fc",
    "compactSignature": "88097f209e444057200ddbffb4e162a82ac9723cf2fbdd83b4cf76c9239312597de721de5310d01348847a258a9d02be83e7d7ac07b8c7ced1215b56eeb12a10"
  }
}
[1G[0K⠙[1G[0K[run] intent:create-and-sign --state ./state/mainnet_run_20260517-063917/config-bootstrap.json --intent-type OracleUpdate --symbol MATIC/USD --price 981000000 --source "DIA Oracle" --out ./state/mainnet_run_20260517-063917/intents/matic-usd-batch.signed.json

> @protofire/dia-cardano-oracle-cli@0.1.0 cli
> tsx src/index.ts intent:create-and-sign --state ./state/mainnet_run_20260517-063917/config-bootstrap.json --intent-type OracleUpdate --symbol MATIC/USD --price 981000000 --source DIA Oracle --out ./state/mainnet_run_20260517-063917/intents/matic-usd-batch.signed.json

[1G[0K[cli] Wrote JSON output to /home/manuelpadilla/sources/reposUbuntu/PROTOFIRE/DIA/dia-cardano-oracle/offchain/cli/state/mainnet_run_20260517-063917/intents/matic-usd-batch.signed.json
{
  "intent": {
    "intentType": "OracleUpdate",
    "version": "1.0",
    "chainId": "100640",
    "nonce": "1779003414000",
    "expiry": "1779007014",
    "symbol": "MATIC/USD",
    "price": "981000000",
    "timestamp": "1779003414",
    "source": "DIA Oracle",
    "signature": "0x3abf8ba342c59d7120fde8db75b9b1713df7e88698758c034c7dc1f6223f605d6a994702b826bdbee72af0a78efbedb2781cee473b6041299bb29186747a7b801c",
    "signer": "0x2b1c7eff297766569966b630a6862947a8e5285a"
  },
  "witness": {
    "signerPublicKey": "02d78ade9f8a9c064c8c588dba903df0cc0118596b9ec65f665dea1b448519f531",
    "signerAddress": "0x2b1c7eff297766569966b630a6862947a8e5285a",
    "intentHash": "5fbb214d1ebd6f21201b101ca35811a7ba69885ee1e628b5140c7165070f38b2",
    "compactSignature": "3abf8ba342c59d7120fde8db75b9b1713df7e88698758c034c7dc1f6223f605d6a994702b826bdbee72af0a78efbedb2781cee473b6041299bb29186747a7b80"
  }
}
[1G[0K⠙[1G[0K[run] intent:create-and-sign --state ./state/mainnet_run_20260517-063917/config-bootstrap.json --intent-type OracleUpdate --symbol DOT/USD --price 421000000 --source "DIA Oracle" --out ./state/mainnet_run_20260517-063917/intents/dot-usd-batch.signed.json

> @protofire/dia-cardano-oracle-cli@0.1.0 cli
> tsx src/index.ts intent:create-and-sign --state ./state/mainnet_run_20260517-063917/config-bootstrap.json --intent-type OracleUpdate --symbol DOT/USD --price 421000000 --source DIA Oracle --out ./state/mainnet_run_20260517-063917/intents/dot-usd-batch.signed.json

[1G[0K[cli] Wrote JSON output to /home/manuelpadilla/sources/reposUbuntu/PROTOFIRE/DIA/dia-cardano-oracle/offchain/cli/state/mainnet_run_20260517-063917/intents/dot-usd-batch.signed.json
{
  "intent": {
    "intentType": "OracleUpdate",
    "version": "1.0",
    "chainId": "100640",
    "nonce": "1779003414000",
    "expiry": "1779007014",
    "symbol": "DOT/USD",
    "price": "421000000",
    "timestamp": "1779003414",
    "source": "DIA Oracle",
    "signature": "0x97dd63df461026ff5777d024e863de8ace91b52d6e7f25bd39589b5e632e71e26c8bf8e32816372875a4e687acc89a9c7fd09c5936fcfc741ef476f786ff24801c",
    "signer": "0x2b1c7eff297766569966b630a6862947a8e5285a"
  },
  "witness": {
    "signerPublicKey": "02d78ade9f8a9c064c8c588dba903df0cc0118596b9ec65f665dea1b448519f531",
    "signerAddress": "0x2b1c7eff297766569966b630a6862947a8e5285a",
    "intentHash": "1ebd2c6abef3b3a833abd6bbadbafed3090ccff1d5351f914a57da7180b43d92",
    "compactSignature": "97dd63df461026ff5777d024e863de8ace91b52d6e7f25bd39589b5e632e71e26c8bf8e32816372875a4e687acc89a9c7fd09c5936fcfc741ef476f786ff2480"
  }
}
[1G[0K⠙[1G[0K