
> @protofire/dia-cardano-oracle-cli@0.1.0 cli
> tsx src/index.ts preview:update --intent ./state/preview_rerun_20260513-130106/intents/usdc-usd.signed.json --protocol-state ./state/preview_rerun_20260513-130106/config-bootstrap.json --client-state ./state/preview_rerun_20260513-130106/clients/client-a.json --state ./state/preview_rerun_20260513-130106/clients/client-a/pairs/usdc-usd.json

[1G[0K[preview:update] Loading signed intent from /home/manuelpadilla/sources/reposUbuntu/PROTOFIRE/DIA/dia-cardano-oracle/offchain/cli/state/preview_rerun_20260513-130106/intents/usdc-usd.signed.json
[preview:update] Loading client and protocol state
[preview:update] Connecting to Preview and selecting the configured wallet
[preview:update] Building Preview oracle update transaction
[preview:update] Tx resources: fee=0.784103 ADA (784103 lovelace), cpu=695766842, mem=1912124
[preview:update] Output[0] | addr=addr_test1wrkj...rayw4y | lovelace=5.000000 ADA (5000000) | assets=ed207844cc07...d4c1ac=1 | datum=inline(92B)
[preview:update] Output[1] | addr=addr_test1wqht...j8ppry | lovelace=35.000000 ADA (35000000) | assets=2eb0279906cd...545f41=1 | datum=inline(19B)
[preview:update] Output[2] | addr=addr_test1qpgp...quxj3j | lovelace=3981.039178 ADA (3981039178)
[preview:update] Unsigned transaction ready: 2279c592e73d75e341b999e8fd19ed6f91fa120fa848a7646eb362298a849dfd
[preview:update] Submitted transaction hash: 2279c592e73d75e341b999e8fd19ed6f91fa120fa848a7646eb362298a849dfd
[preview:update] Confirmed by Blockfrost: oracle update transaction 2279c592e73d75e341b999e8fd19ed6f91fa120fa848a7646eb362298a849dfd.
[cli] Wrote JSON output to /home/manuelpadilla/sources/reposUbuntu/PROTOFIRE/DIA/dia-cardano-oracle/offchain/cli/state/preview_rerun_20260513-130106/clients/client-a/pairs/usdc-usd.json
{
  "wallet": {
    "source": "seed",
    "address": "addr_test1qpgpsm75w7l9u6au7shqzsaulrtxz2gp6xw9zhun70es6tt4t3wsjavx26kmh586erf8xxhqc2y7urq5az32sjv56nyqquxj3j"
  },
  "pair": {
    "tokenName": "0156dbaa55902bb40ff6c461c8b2b59c70ebbe3786e51e5e75a8bc1cbad4c1ac",
    "pairId": "555344432f555344",
    "pairUnit": "ed207844cc07c1cb55f3a5a85a784bab4643f9a97facd9653e22f2a00156dbaa55902bb40ff6c461c8b2b59c70ebbe3786e51e5e75a8bc1cbad4c1ac",
    "pairValidatorAddress": "addr_test1wrkjq7zyesrurj647wj6skncfw45vsle49l6ekt98c309gqrayw4y"
  },
  "pairState": {
    "pairId": "555344432f555344",
    "price": "100045678",
    "timestamp": "1778684062",
    "nonce": "1778684062000",
    "intentHash": "6be147dc71ef792dfd7eab60d4873606ea0613c4883598ceab66119025fdc2fe",
    "signer": "2b1c7eff297766569966b630a6862947a8e5285a",
    "minUtxoLovelace": "5000000",
    "intent": {
      "intentType": "OracleUpdate",
      "version": "1.0",
      "chainId": "100640",
      "nonce": "1778684062000",
      "expiry": "1778687662",
      "symbol": "USDC/USD",
      "price": "100045678",
      "timestamp": "1778684062",
      "source": "DIA Oracle",
      "signature": "e8bc7259f69988729f4cd512e48b1d72b070e26502b541092caa838f036e2daa2d5035d326efde804925a7f083086a7cb9306071d63fa9db02aa82ebe2e29c831c",
      "signer": "0x2b1c7eff297766569966b630a6862947a8e5285a"
    }
  },
  "datum": {
    "pairCbor": "d8799f48555344432f5553441a05f6936e1a6a04909e1b0000019e21d4e93058206be147dc71ef792dfd7eab60d4873606ea0613c4883598ceab66119025fdc2fe542b1c7eff297766569966b630a6862947a8e5285a1a004c4b40ff"
  },
  "transactions": [
    {
      "step": "preview:update",
      "submittedTxHash": "2279c592e73d75e341b999e8fd19ed6f91fa120fa848a7646eb362298a849dfd",
      "confirmed": true
    }
  ]
}
[1G[0K⠙[1G[0K