[rerun] preview:intent:create-and-sign --state ./state/preview_rerun_20260513-130106/config-bootstrap.json --intent-type OracleUpdate --symbol USDC/USD --price 100045678 --source "DIA Oracle" --out ./state/preview_rerun_20260513-130106/intents/usdc-usd.signed.json

> @protofire/dia-cardano-oracle-cli@0.1.0 cli
> tsx src/index.ts preview:intent:create-and-sign --state ./state/preview_rerun_20260513-130106/config-bootstrap.json --intent-type OracleUpdate --symbol USDC/USD --price 100045678 --source DIA Oracle --out ./state/preview_rerun_20260513-130106/intents/usdc-usd.signed.json

[1G[0K[cli] Wrote JSON output to /home/manuelpadilla/sources/reposUbuntu/PROTOFIRE/DIA/dia-cardano-oracle/offchain/cli/state/preview_rerun_20260513-130106/intents/usdc-usd.signed.json
{
  "intent": {
    "intentType": "OracleUpdate",
    "version": "1.0",
    "chainId": "100640",
    "nonce": "1778684062000",
    "expiry": "1778687662",
    "symbol": "USDC/USD",
    "price": "100045678",
    "timestamp": "1778684062",
    "source": "DIA Oracle",
    "signature": "0xe8bc7259f69988729f4cd512e48b1d72b070e26502b541092caa838f036e2daa2d5035d326efde804925a7f083086a7cb9306071d63fa9db02aa82ebe2e29c831c",
    "signer": "0x2b1c7eff297766569966b630a6862947a8e5285a"
  },
  "witness": {
    "signerPublicKey": "02d78ade9f8a9c064c8c588dba903df0cc0118596b9ec65f665dea1b448519f531",
    "signerAddress": "0x2b1c7eff297766569966b630a6862947a8e5285a",
    "intentHash": "6be147dc71ef792dfd7eab60d4873606ea0613c4883598ceab66119025fdc2fe",
    "compactSignature": "e8bc7259f69988729f4cd512e48b1d72b070e26502b541092caa838f036e2daa2d5035d326efde804925a7f083086a7cb9306071d63fa9db02aa82ebe2e29c83"
  }
}
[1G[0K⠙[1G[0K