[rerun] preview:intent:create-and-sign --state ./state/preview_rerun_20260513-130106/config-bootstrap.json --intent-type OracleUpdate --symbol BTC/USD --price 6000000000000 --source "DIA Oracle" --out ./state/preview_rerun_20260513-130106/intents/btc-usd.signed.json

> @protofire/dia-cardano-oracle-cli@0.1.0 cli
> tsx src/index.ts preview:intent:create-and-sign --state ./state/preview_rerun_20260513-130106/config-bootstrap.json --intent-type OracleUpdate --symbol BTC/USD --price 6000000000000 --source DIA Oracle --out ./state/preview_rerun_20260513-130106/intents/btc-usd.signed.json

[1G[0K[cli] Wrote JSON output to /home/manuelpadilla/sources/reposUbuntu/PROTOFIRE/DIA/dia-cardano-oracle/offchain/cli/state/preview_rerun_20260513-130106/intents/btc-usd.signed.json
{
  "intent": {
    "intentType": "OracleUpdate",
    "version": "1.0",
    "chainId": "100640",
    "nonce": "1778684237000",
    "expiry": "1778687837",
    "symbol": "BTC/USD",
    "price": "6000000000000",
    "timestamp": "1778684237",
    "source": "DIA Oracle",
    "signature": "0x055632281767e3872a1aefb6f249f5f41b7626d98c8c7cbbe97a70cdaeb270632a6db6df3f837aac9785a2510c46c9a984bf768d9fea3937dcd075c1dfda554a1c",
    "signer": "0x2b1c7eff297766569966b630a6862947a8e5285a"
  },
  "witness": {
    "signerPublicKey": "02d78ade9f8a9c064c8c588dba903df0cc0118596b9ec65f665dea1b448519f531",
    "signerAddress": "0x2b1c7eff297766569966b630a6862947a8e5285a",
    "intentHash": "90127c52eb4c0d02726f77a826f77ec0b36984569487248911e68c60d8288652",
    "compactSignature": "055632281767e3872a1aefb6f249f5f41b7626d98c8c7cbbe97a70cdaeb270632a6db6df3f837aac9785a2510c46c9a984bf768d9fea3937dcd075c1dfda554a"
  }
}
[1G[0K⠙[1G[0K