
> @protofire/dia-cardano-oracle-cli@0.1.0 cli
> tsx src/index.ts preview:update --intent ./state/preview_rerun_20260513-130106/intents/usdt-usd.signed.json --protocol-state ./state/preview_rerun_20260513-130106/config-bootstrap.json --client-state ./state/preview_rerun_20260513-130106/clients/client-a.json --state ./state/preview_rerun_20260513-130106/clients/client-a/pairs/usdt-usd.json

[1G[0K[preview:update] Loading signed intent from /home/manuelpadilla/sources/reposUbuntu/PROTOFIRE/DIA/dia-cardano-oracle/offchain/cli/state/preview_rerun_20260513-130106/intents/usdt-usd.signed.json
[preview:update] Loading client and protocol state
[preview:update] Connecting to Preview and selecting the configured wallet
[preview:update] Building Preview oracle update transaction
[preview:update] Tx resources: fee=0.784103 ADA (784103 lovelace), cpu=695766842, mem=1912124
[preview:update] Output[0] | addr=addr_test1wrkj...rayw4y | lovelace=5.000000 ADA (5000000) | assets=ed207844cc07...29d315=1 | datum=inline(92B)
[preview:update] Output[1] | addr=addr_test1wqht...j8ppry | lovelace=35.000000 ADA (35000000) | assets=2eb0279906cd...545f41=1 | datum=inline(19B)
[preview:update] Output[2] | addr=addr_test1qpgp...quxj3j | lovelace=3957.902326 ADA (3957902326)
[preview:update] Unsigned transaction ready: 4829c67b7674ac1796b2822ec735d1166aba06b0ce266ea7b039bf547f439e4a
[preview:update] Submitted transaction hash: 4829c67b7674ac1796b2822ec735d1166aba06b0ce266ea7b039bf547f439e4a
[preview:update] Confirmed by Blockfrost: oracle update transaction 4829c67b7674ac1796b2822ec735d1166aba06b0ce266ea7b039bf547f439e4a.
[cli] Wrote JSON output to /home/manuelpadilla/sources/reposUbuntu/PROTOFIRE/DIA/dia-cardano-oracle/offchain/cli/state/preview_rerun_20260513-130106/clients/client-a/pairs/usdt-usd.json
{
  "wallet": {
    "source": "seed",
    "address": "addr_test1qpgpsm75w7l9u6au7shqzsaulrtxz2gp6xw9zhun70es6tt4t3wsjavx26kmh586erf8xxhqc2y7urq5az32sjv56nyqquxj3j"
  },
  "pair": {
    "tokenName": "5ec9fa6a8337c83985882517e4865a68763912f37490cffe992a26abfd29d315",
    "pairId": "555344542f555344",
    "pairUnit": "ed207844cc07c1cb55f3a5a85a784bab4643f9a97facd9653e22f2a05ec9fa6a8337c83985882517e4865a68763912f37490cffe992a26abfd29d315",
    "pairValidatorAddress": "addr_test1wrkjq7zyesrurj647wj6skncfw45vsle49l6ekt98c309gqrayw4y"
  },
  "pairState": {
    "pairId": "555344542f555344",
    "price": "100001234",
    "timestamp": "1778684642",
    "nonce": "1778684642000",
    "intentHash": "3e4436c921c078f599b18aa55e59a02afada23cbd5809ff2e4f13f5756337e2d",
    "signer": "2b1c7eff297766569966b630a6862947a8e5285a",
    "minUtxoLovelace": "5000000",
    "intent": {
      "intentType": "OracleUpdate",
      "version": "1.0",
      "chainId": "100640",
      "nonce": "1778684642000",
      "expiry": "1778688242",
      "symbol": "USDT/USD",
      "price": "100001234",
      "timestamp": "1778684642",
      "source": "DIA Oracle",
      "signature": "c0e9be47080c1356a26431f392ef24e0adce1c4b24a054aa1709fa592bcdb35f59ce4e181ceff1d03505702b32b2caecfedd2b6799906ba7e5426519b69812c91c",
      "signer": "0x2b1c7eff297766569966b630a6862947a8e5285a"
    }
  },
  "datum": {
    "pairCbor": "d8799f48555344542f5553441a05f5e5d21a6a0492e21b0000019e21ddc2d058203e4436c921c078f599b18aa55e59a02afada23cbd5809ff2e4f13f5756337e2d542b1c7eff297766569966b630a6862947a8e5285a1a004c4b40ff"
  },
  "transactions": [
    {
      "step": "preview:update",
      "submittedTxHash": "4829c67b7674ac1796b2822ec735d1166aba06b0ce266ea7b039bf547f439e4a",
      "confirmed": true
    }
  ]
}
[1G[0K⠙[1G[0K