[rerun] preview:intent:create-and-sign --state ./state/preview_rerun_20260513-130106/config-bootstrap.json --intent-type OracleUpdate --symbol USDT/USD --price 100001234 --source "DIA Oracle" --out ./state/preview_rerun_20260513-130106/intents/usdt-usd.signed.json

> @protofire/dia-cardano-oracle-cli@0.1.0 cli
> tsx src/index.ts preview:intent:create-and-sign --state ./state/preview_rerun_20260513-130106/config-bootstrap.json --intent-type OracleUpdate --symbol USDT/USD --price 100001234 --source DIA Oracle --out ./state/preview_rerun_20260513-130106/intents/usdt-usd.signed.json

[1G[0K[cli] Wrote JSON output to /home/manuelpadilla/sources/reposUbuntu/PROTOFIRE/DIA/dia-cardano-oracle/offchain/cli/state/preview_rerun_20260513-130106/intents/usdt-usd.signed.json
{
  "intent": {
    "intentType": "OracleUpdate",
    "version": "1.0",
    "chainId": "100640",
    "nonce": "1778684642000",
    "expiry": "1778688242",
    "symbol": "USDT/USD",
    "price": "100001234",
    "timestamp": "1778684642",
    "source": "DIA Oracle",
    "signature": "0xc0e9be47080c1356a26431f392ef24e0adce1c4b24a054aa1709fa592bcdb35f59ce4e181ceff1d03505702b32b2caecfedd2b6799906ba7e5426519b69812c91c",
    "signer": "0x2b1c7eff297766569966b630a6862947a8e5285a"
  },
  "witness": {
    "signerPublicKey": "02d78ade9f8a9c064c8c588dba903df0cc0118596b9ec65f665dea1b448519f531",
    "signerAddress": "0x2b1c7eff297766569966b630a6862947a8e5285a",
    "intentHash": "3e4436c921c078f599b18aa55e59a02afada23cbd5809ff2e4f13f5756337e2d",
    "compactSignature": "c0e9be47080c1356a26431f392ef24e0adce1c4b24a054aa1709fa592bcdb35f59ce4e181ceff1d03505702b32b2caecfedd2b6799906ba7e5426519b69812c9"
  }
}
[1G[0K⠙[1G[0K