
> @protofire/dia-cardano-oracle-cli@0.1.0 cli
> tsx src/index.ts preview:update --intent ./state/preview_rerun_20260513-130106/intents/dai-usd.signed.json --protocol-state ./state/preview_rerun_20260513-130106/config-bootstrap.json --client-state ./state/preview_rerun_20260513-130106/clients/client-a.json --state ./state/preview_rerun_20260513-130106/clients/client-a/pairs/dai-usd.json

[1G[0K[preview:update] Loading signed intent from /home/manuelpadilla/sources/reposUbuntu/PROTOFIRE/DIA/dia-cardano-oracle/offchain/cli/state/preview_rerun_20260513-130106/intents/dai-usd.signed.json
[preview:update] Loading client and protocol state
[preview:update] Connecting to Preview and selecting the configured wallet
[preview:update] Building Preview oracle update transaction
[preview:update] Tx resources: fee=0.784015 ADA (784015 lovelace), cpu=695766842, mem=1912124
[preview:update] Output[0] | addr=addr_test1wrkj...rayw4y | lovelace=5.000000 ADA (5000000) | assets=ed207844cc07...ff2852=1 | datum=inline(91B)
[preview:update] Output[1] | addr=addr_test1wqht...j8ppry | lovelace=35.000000 ADA (35000000) | assets=2eb0279906cd...545f41=1 | datum=inline(19B)
[preview:update] Output[2] | addr=addr_test1qpgp...quxj3j | lovelace=3952.118311 ADA (3952118311)
[preview:update] Unsigned transaction ready: a23992be80c43e0c3b296bab4235b363ed5c6fe50677d04b6bc630cce48e2fce
[preview:update] Submitted transaction hash: a23992be80c43e0c3b296bab4235b363ed5c6fe50677d04b6bc630cce48e2fce
[preview:update] Confirmed by Blockfrost: oracle update transaction a23992be80c43e0c3b296bab4235b363ed5c6fe50677d04b6bc630cce48e2fce.
[cli] Wrote JSON output to /home/manuelpadilla/sources/reposUbuntu/PROTOFIRE/DIA/dia-cardano-oracle/offchain/cli/state/preview_rerun_20260513-130106/clients/client-a/pairs/dai-usd.json
{
  "wallet": {
    "source": "seed",
    "address": "addr_test1qpgpsm75w7l9u6au7shqzsaulrtxz2gp6xw9zhun70es6tt4t3wsjavx26kmh586erf8xxhqc2y7urq5az32sjv56nyqquxj3j"
  },
  "pair": {
    "tokenName": "0ae6401fc15363e085cf3d2f90ae10566e797d8686ab048ba30f5914c7ff2852",
    "pairId": "4441492f555344",
    "pairUnit": "ed207844cc07c1cb55f3a5a85a784bab4643f9a97facd9653e22f2a00ae6401fc15363e085cf3d2f90ae10566e797d8686ab048ba30f5914c7ff2852",
    "pairValidatorAddress": "addr_test1wrkjq7zyesrurj647wj6skncfw45vsle49l6ekt98c309gqrayw4y"
  },
  "pairState": {
    "pairId": "4441492f555344",
    "price": "100000345",
    "timestamp": "1778684777",
    "nonce": "1778684777000",
    "intentHash": "61913fd6106c47b16973e217c948f36d440cc68514918fbe1ac6037b0f1ce48c",
    "signer": "2b1c7eff297766569966b630a6862947a8e5285a",
    "minUtxoLovelace": "5000000",
    "intent": {
      "intentType": "OracleUpdate",
      "version": "1.0",
      "chainId": "100640",
      "nonce": "1778684777000",
      "expiry": "1778688377",
      "symbol": "DAI/USD",
      "price": "100000345",
      "timestamp": "1778684777",
      "source": "DIA Oracle",
      "signature": "461cf91d7f904014418727b6b564cabb2d0ef115846ea20e767843a7285cb293715b69c537b045f9b232161962773c4efd3937509eb099acab99d3d412afb8531b",
      "signer": "0x2b1c7eff297766569966b630a6862947a8e5285a"
    }
  },
  "datum": {
    "pairCbor": "d8799f474441492f5553441a05f5e2591a6a0493691b0000019e21dfd228582061913fd6106c47b16973e217c948f36d440cc68514918fbe1ac6037b0f1ce48c542b1c7eff297766569966b630a6862947a8e5285a1a004c4b40ff"
  },
  "transactions": [
    {
      "step": "preview:update",
      "submittedTxHash": "a23992be80c43e0c3b296bab4235b363ed5c6fe50677d04b6bc630cce48e2fce",
      "confirmed": true
    }
  ]
}
[1G[0K⠙[1G[0K