
> @protofire/dia-cardano-oracle-cli@0.1.0 cli
> tsx src/index.ts preview:update --intent ./state/preview_rerun_20260513-130106/intents/sol-usd.signed.json --protocol-state ./state/preview_rerun_20260513-130106/config-bootstrap.json --client-state ./state/preview_rerun_20260513-130106/clients/client-a.json --state ./state/preview_rerun_20260513-130106/clients/client-a/pairs/sol-usd.json

[1G[0K[preview:update] Loading signed intent from /home/manuelpadilla/sources/reposUbuntu/PROTOFIRE/DIA/dia-cardano-oracle/offchain/cli/state/preview_rerun_20260513-130106/intents/sol-usd.signed.json
[preview:update] Loading client and protocol state
[preview:update] Connecting to Preview and selecting the configured wallet
[preview:update] Building Preview oracle update transaction
[preview:update] Tx resources: fee=0.784367 ADA (784367 lovelace), cpu=695766842, mem=1912124
[preview:update] Output[0] | addr=addr_test1wrkj...rayw4y | lovelace=5.000000 ADA (5000000) | assets=ed207844cc07...bbbe64=1 | datum=inline(95B)
[preview:update] Output[1] | addr=addr_test1wqht...j8ppry | lovelace=35.000000 ADA (35000000) | assets=2eb0279906cd...545f41=1 | datum=inline(19B)
[preview:update] Output[2] | addr=addr_test1qpgp...quxj3j | lovelace=3946.333944 ADA (3946333944)
[preview:update] Unsigned transaction ready: ad015ae77058c17ed3b9b9f09866268734126a3156d4c801f2eab9ed0da8ca81
[preview:update] Submitted transaction hash: ad015ae77058c17ed3b9b9f09866268734126a3156d4c801f2eab9ed0da8ca81
[preview:update] Confirmed by Blockfrost: oracle update transaction ad015ae77058c17ed3b9b9f09866268734126a3156d4c801f2eab9ed0da8ca81.
[cli] Wrote JSON output to /home/manuelpadilla/sources/reposUbuntu/PROTOFIRE/DIA/dia-cardano-oracle/offchain/cli/state/preview_rerun_20260513-130106/clients/client-a/pairs/sol-usd.json
{
  "wallet": {
    "source": "seed",
    "address": "addr_test1qpgpsm75w7l9u6au7shqzsaulrtxz2gp6xw9zhun70es6tt4t3wsjavx26kmh586erf8xxhqc2y7urq5az32sjv56nyqquxj3j"
  },
  "pair": {
    "tokenName": "396545cb87b0103c8ddb5ff4329eeff88e2aef114f76b0807b21ce3d68bbbe64",
    "pairId": "534f4c2f555344",
    "pairUnit": "ed207844cc07c1cb55f3a5a85a784bab4643f9a97facd9653e22f2a0396545cb87b0103c8ddb5ff4329eeff88e2aef114f76b0807b21ce3d68bbbe64",
    "pairValidatorAddress": "addr_test1wrkjq7zyesrurj647wj6skncfw45vsle49l6ekt98c309gqrayw4y"
  },
  "pairState": {
    "pairId": "534f4c2f555344",
    "price": "18500000000",
    "timestamp": "1778684976",
    "nonce": "1778684976000",
    "intentHash": "60942f8e68ed9d87e34f48ce7e0201de2dad0e9897157b24e30ade248ab786ba",
    "signer": "2b1c7eff297766569966b630a6862947a8e5285a",
    "minUtxoLovelace": "5000000",
    "intent": {
      "intentType": "OracleUpdate",
      "version": "1.0",
      "chainId": "100640",
      "nonce": "1778684976000",
      "expiry": "1778688576",
      "symbol": "SOL/USD",
      "price": "18500000000",
      "timestamp": "1778684976",
      "source": "DIA Oracle",
      "signature": "ed2093eb3f4220c5c735dbd51ea2b9e349aaa84fbe60275ae2acd31d5699ec99753f8b8ef87841c4432e6830afff4f58b58f2670f9bdfd4e9ac9bcd73d8939d01b",
      "signer": "0x2b1c7eff297766569966b630a6862947a8e5285a"
    }
  },
  "datum": {
    "pairCbor": "d8799f47534f4c2f5553441b000000044eaf99001a6a0494301b0000019e21e2db80582060942f8e68ed9d87e34f48ce7e0201de2dad0e9897157b24e30ade248ab786ba542b1c7eff297766569966b630a6862947a8e5285a1a004c4b40ff"
  },
  "transactions": [
    {
      "step": "preview:update",
      "submittedTxHash": "ad015ae77058c17ed3b9b9f09866268734126a3156d4c801f2eab9ed0da8ca81",
      "confirmed": true
    }
  ]
}
[1G[0K⠙[1G[0K