[rerun] preview:intent:create-and-sign --state ./state/preview_rerun_20260513-130106/config-bootstrap.json --intent-type OracleUpdate --symbol SOL/USD --price 18500000000 --source "DIA Oracle" --out ./state/preview_rerun_20260513-130106/intents/sol-usd.signed.json

> @protofire/dia-cardano-oracle-cli@0.1.0 cli
> tsx src/index.ts preview:intent:create-and-sign --state ./state/preview_rerun_20260513-130106/config-bootstrap.json --intent-type OracleUpdate --symbol SOL/USD --price 18500000000 --source DIA Oracle --out ./state/preview_rerun_20260513-130106/intents/sol-usd.signed.json

[1G[0K[cli] Wrote JSON output to /home/manuelpadilla/sources/reposUbuntu/PROTOFIRE/DIA/dia-cardano-oracle/offchain/cli/state/preview_rerun_20260513-130106/intents/sol-usd.signed.json
{
  "intent": {
    "intentType": "OracleUpdate",
    "version": "1.0",
    "chainId": "100640",
    "nonce": "1778684976000",
    "expiry": "1778688576",
    "symbol": "SOL/USD",
    "price": "18500000000",
    "timestamp": "1778684976",
    "source": "DIA Oracle",
    "signature": "0xed2093eb3f4220c5c735dbd51ea2b9e349aaa84fbe60275ae2acd31d5699ec99753f8b8ef87841c4432e6830afff4f58b58f2670f9bdfd4e9ac9bcd73d8939d01b",
    "signer": "0x2b1c7eff297766569966b630a6862947a8e5285a"
  },
  "witness": {
    "signerPublicKey": "02d78ade9f8a9c064c8c588dba903df0cc0118596b9ec65f665dea1b448519f531",
    "signerAddress": "0x2b1c7eff297766569966b630a6862947a8e5285a",
    "intentHash": "60942f8e68ed9d87e34f48ce7e0201de2dad0e9897157b24e30ade248ab786ba",
    "compactSignature": "ed2093eb3f4220c5c735dbd51ea2b9e349aaa84fbe60275ae2acd31d5699ec99753f8b8ef87841c4432e6830afff4f58b58f2670f9bdfd4e9ac9bcd73d8939d0"
  }
}
[1G[0K⠙[1G[0K