[rerun] preview:intent:create-and-sign --state ./state/preview_rerun_20260513-130106/config-bootstrap.json --intent-type OracleUpdate --symbol BNB/USD --price 61500000000 --source "DIA Oracle" --out ./state/preview_rerun_20260513-130106/intents/bnb-usd.signed.json

> @protofire/dia-cardano-oracle-cli@0.1.0 cli
> tsx src/index.ts preview:intent:create-and-sign --state ./state/preview_rerun_20260513-130106/config-bootstrap.json --intent-type OracleUpdate --symbol BNB/USD --price 61500000000 --source DIA Oracle --out ./state/preview_rerun_20260513-130106/intents/bnb-usd.signed.json

[1G[0K[cli] Wrote JSON output to /home/manuelpadilla/sources/reposUbuntu/PROTOFIRE/DIA/dia-cardano-oracle/offchain/cli/state/preview_rerun_20260513-130106/intents/bnb-usd.signed.json
{
  "intent": {
    "intentType": "OracleUpdate",
    "version": "1.0",
    "chainId": "100640",
    "nonce": "1778685169000",
    "expiry": "1778688769",
    "symbol": "BNB/USD",
    "price": "61500000000",
    "timestamp": "1778685169",
    "source": "DIA Oracle",
    "signature": "0x38cf7a69a1725a21fb08d363c59787e8c3b0be6ca7f239aff116f507cd9808f946162a0ee02591426e5860fe2709cd6ffdc7d087af46113b41be6635829350481c",
    "signer": "0x2b1c7eff297766569966b630a6862947a8e5285a"
  },
  "witness": {
    "signerPublicKey": "02d78ade9f8a9c064c8c588dba903df0cc0118596b9ec65f665dea1b448519f531",
    "signerAddress": "0x2b1c7eff297766569966b630a6862947a8e5285a",
    "intentHash": "2d066c724e2b1ae3ef185d1f1bb1861359de10cd9c2564788dbe3fce6a7c5ff1",
    "compactSignature": "38cf7a69a1725a21fb08d363c59787e8c3b0be6ca7f239aff116f507cd9808f946162a0ee02591426e5860fe2709cd6ffdc7d087af46113b41be663582935048"
  }
}
[1G[0K⠙[1G[0K