
> @protofire/dia-cardano-oracle-cli@0.1.0 cli
> tsx src/index.ts preview:update --intent ./state/preview_rerun_20260513-130106/intents/xrp-usd.signed.json --protocol-state ./state/preview_rerun_20260513-130106/config-bootstrap.json --client-state ./state/preview_rerun_20260513-130106/clients/client-a.json --state ./state/preview_rerun_20260513-130106/clients/client-a/pairs/xrp-usd.json

[1G[0K[preview:update] Loading signed intent from /home/manuelpadilla/sources/reposUbuntu/PROTOFIRE/DIA/dia-cardano-oracle/offchain/cli/state/preview_rerun_20260513-130106/intents/xrp-usd.signed.json
[preview:update] Loading client and protocol state
[preview:update] Connecting to Preview and selecting the configured wallet
[preview:update] Building Preview oracle update transaction
[preview:update] Tx resources: fee=0.784015 ADA (784015 lovelace), cpu=695766842, mem=1912124
[preview:update] Output[0] | addr=addr_test1wrkj...rayw4y | lovelace=5.000000 ADA (5000000) | assets=ed207844cc07...eed0bc=1 | datum=inline(91B)
[preview:update] Output[1] | addr=addr_test1wqht...j8ppry | lovelace=35.000000 ADA (35000000) | assets=2eb0279906cd...545f41=1 | datum=inline(19B)
[preview:update] Output[2] | addr=addr_test1qpgp...quxj3j | lovelace=3934.765562 ADA (3934765562)
[preview:update] Unsigned transaction ready: 65d88cd18b0d66a72cd877440de18c7e3a38201083856f290a5645edf43d1d34
[preview:update] Submitted transaction hash: 65d88cd18b0d66a72cd877440de18c7e3a38201083856f290a5645edf43d1d34
[preview:update] Confirmed by Blockfrost: oracle update transaction 65d88cd18b0d66a72cd877440de18c7e3a38201083856f290a5645edf43d1d34.
[cli] Wrote JSON output to /home/manuelpadilla/sources/reposUbuntu/PROTOFIRE/DIA/dia-cardano-oracle/offchain/cli/state/preview_rerun_20260513-130106/clients/client-a/pairs/xrp-usd.json
{
  "wallet": {
    "source": "seed",
    "address": "addr_test1qpgpsm75w7l9u6au7shqzsaulrtxz2gp6xw9zhun70es6tt4t3wsjavx26kmh586erf8xxhqc2y7urq5az32sjv56nyqquxj3j"
  },
  "pair": {
    "tokenName": "bac7b9f5648596883156b7004ce94ebb55cc5049bd65b93188cd724e9feed0bc",
    "pairId": "5852502f555344",
    "pairUnit": "ed207844cc07c1cb55f3a5a85a784bab4643f9a97facd9653e22f2a0bac7b9f5648596883156b7004ce94ebb55cc5049bd65b93188cd724e9feed0bc",
    "pairValidatorAddress": "addr_test1wrkjq7zyesrurj647wj6skncfw45vsle49l6ekt98c309gqrayw4y"
  },
  "pairState": {
    "pairId": "5852502f555344",
    "price": "520000000",
    "timestamp": "1778685316",
    "nonce": "1778685316000",
    "intentHash": "e03b46bfd3a7d031bb48991909e2945844c5f2137c2432df98a625438ec4ca82",
    "signer": "2b1c7eff297766569966b630a6862947a8e5285a",
    "minUtxoLovelace": "5000000",
    "intent": {
      "intentType": "OracleUpdate",
      "version": "1.0",
      "chainId": "100640",
      "nonce": "1778685316000",
      "expiry": "1778688916",
      "symbol": "XRP/USD",
      "price": "520000000",
      "timestamp": "1778685316",
      "source": "DIA Oracle",
      "signature": "8ac98c049d51d2061832c3e83a487a53200a9b97975d33233cc56390627f5ea82704e12ec61b0320285bcee9927ed4bb6e2c2487433336a03ab01e99773ffea01b",
      "signer": "0x2b1c7eff297766569966b630a6862947a8e5285a"
    }
  },
  "datum": {
    "pairCbor": "d8799f475852502f5553441a1efe92001a6a0495841b0000019e21e80ba05820e03b46bfd3a7d031bb48991909e2945844c5f2137c2432df98a625438ec4ca82542b1c7eff297766569966b630a6862947a8e5285a1a004c4b40ff"
  },
  "transactions": [
    {
      "step": "preview:update",
      "submittedTxHash": "65d88cd18b0d66a72cd877440de18c7e3a38201083856f290a5645edf43d1d34",
      "confirmed": true
    }
  ]
}
[1G[0K⠙[1G[0K