
> @protofire/dia-cardano-oracle-cli@0.1.0 cli
> tsx src/index.ts preview:update --intent ./state/preview_rerun_20260513-130106/intents/matic-usd.signed.json --protocol-state ./state/preview_rerun_20260513-130106/config-bootstrap.json --client-state ./state/preview_rerun_20260513-130106/clients/client-a.json --state ./state/preview_rerun_20260513-130106/clients/client-a/pairs/matic-usd.json

[1G[0K[preview:update] Loading signed intent from /home/manuelpadilla/sources/reposUbuntu/PROTOFIRE/DIA/dia-cardano-oracle/offchain/cli/state/preview_rerun_20260513-130106/intents/matic-usd.signed.json
[preview:update] Loading client and protocol state
[preview:update] Connecting to Preview and selecting the configured wallet
[preview:update] Building Preview oracle update transaction
[preview:update] Tx resources: fee=0.784197 ADA (784197 lovelace), cpu=695848200, mem=1912124
[preview:update] Output[0] | addr=addr_test1wrkj...rayw4y | lovelace=5.000000 ADA (5000000) | assets=ed207844cc07...57e571=1 | datum=inline(93B)
[preview:update] Output[1] | addr=addr_test1wqht...j8ppry | lovelace=35.000000 ADA (35000000) | assets=2eb0279906cd...545f41=1 | datum=inline(19B)
[preview:update] Output[2] | addr=addr_test1qpgp...quxj3j | lovelace=3928.981365 ADA (3928981365)
[preview:update] Unsigned transaction ready: c5cc2d7a87a41406e86230b5c3b0c3cd7c273c6a1b977c522e18f7591ef868f8
[preview:update] Submitted transaction hash: c5cc2d7a87a41406e86230b5c3b0c3cd7c273c6a1b977c522e18f7591ef868f8
[preview:update] Confirmed by Blockfrost: oracle update transaction c5cc2d7a87a41406e86230b5c3b0c3cd7c273c6a1b977c522e18f7591ef868f8.
[cli] Wrote JSON output to /home/manuelpadilla/sources/reposUbuntu/PROTOFIRE/DIA/dia-cardano-oracle/offchain/cli/state/preview_rerun_20260513-130106/clients/client-a/pairs/matic-usd.json
{
  "wallet": {
    "source": "seed",
    "address": "addr_test1qpgpsm75w7l9u6au7shqzsaulrtxz2gp6xw9zhun70es6tt4t3wsjavx26kmh586erf8xxhqc2y7urq5az32sjv56nyqquxj3j"
  },
  "pair": {
    "tokenName": "d2a1402553abe60aecdea3464be08e7ced64530fea0989b8fdfd49351157e571",
    "pairId": "4d415449432f555344",
    "pairUnit": "ed207844cc07c1cb55f3a5a85a784bab4643f9a97facd9653e22f2a0d2a1402553abe60aecdea3464be08e7ced64530fea0989b8fdfd49351157e571",
    "pairValidatorAddress": "addr_test1wrkjq7zyesrurj647wj6skncfw45vsle49l6ekt98c309gqrayw4y"
  },
  "pairState": {
    "pairId": "4d415449432f555344",
    "price": "980000000",
    "timestamp": "1778685473",
    "nonce": "1778685473000",
    "intentHash": "e4cdf5fdbca696f33db684b87e70e6533a1c8f6875cd94483ac67a40d3c69c56",
    "signer": "2b1c7eff297766569966b630a6862947a8e5285a",
    "minUtxoLovelace": "5000000",
    "intent": {
      "intentType": "OracleUpdate",
      "version": "1.0",
      "chainId": "100640",
      "nonce": "1778685473000",
      "expiry": "1778689073",
      "symbol": "MATIC/USD",
      "price": "980000000",
      "timestamp": "1778685473",
      "source": "DIA Oracle",
      "signature": "7b995a861f9449f3c07d2f59ce30991502c9e2a2ac9a33a5e39253f5bd71897a45dc4db27c6b88997252d5be392ff3ba6d76a2dc5603d9068eca54e5dc10de7d1c",
      "signer": "0x2b1c7eff297766569966b630a6862947a8e5285a"
    }
  },
  "datum": {
    "pairCbor": "d8799f494d415449432f5553441a3a699d001a6a0496211b0000019e21ea70e85820e4cdf5fdbca696f33db684b87e70e6533a1c8f6875cd94483ac67a40d3c69c56542b1c7eff297766569966b630a6862947a8e5285a1a004c4b40ff"
  },
  "transactions": [
    {
      "step": "preview:update",
      "submittedTxHash": "c5cc2d7a87a41406e86230b5c3b0c3cd7c273c6a1b977c522e18f7591ef868f8",
      "confirmed": true
    }
  ]
}
[1G[0K⠙[1G[0K