
> @protofire/dia-cardano-oracle-cli@0.1.0 cli
> tsx src/index.ts preview:update --intent ./state/preview_rerun_20260513-130106/intents/dot-usd.signed.json --protocol-state ./state/preview_rerun_20260513-130106/config-bootstrap.json --client-state ./state/preview_rerun_20260513-130106/clients/client-a.json --state ./state/preview_rerun_20260513-130106/clients/client-a/pairs/dot-usd.json

[1G[0K[preview:update] Loading signed intent from /home/manuelpadilla/sources/reposUbuntu/PROTOFIRE/DIA/dia-cardano-oracle/offchain/cli/state/preview_rerun_20260513-130106/intents/dot-usd.signed.json
[preview:update] Loading client and protocol state
[preview:update] Connecting to Preview and selecting the configured wallet
[preview:update] Building Preview oracle update transaction
[preview:update] Tx resources: fee=0.784015 ADA (784015 lovelace), cpu=695766842, mem=1912124
[preview:update] Output[0] | addr=addr_test1wrkj...rayw4y | lovelace=5.000000 ADA (5000000) | assets=ed207844cc07...52daee=1 | datum=inline(91B)
[preview:update] Output[1] | addr=addr_test1wqht...j8ppry | lovelace=35.000000 ADA (35000000) | assets=2eb0279906cd...545f41=1 | datum=inline(19B)
[preview:update] Output[2] | addr=addr_test1qpgp...quxj3j | lovelace=3923.197350 ADA (3923197350)
[preview:update] Unsigned transaction ready: ddf82b6ce132b80b5fc83f24cbfaed054137cac2add086e9a87a8e2500630240
[preview:update] Submitted transaction hash: ddf82b6ce132b80b5fc83f24cbfaed054137cac2add086e9a87a8e2500630240
[preview:update] Confirmed by Blockfrost: oracle update transaction ddf82b6ce132b80b5fc83f24cbfaed054137cac2add086e9a87a8e2500630240.
[cli] Wrote JSON output to /home/manuelpadilla/sources/reposUbuntu/PROTOFIRE/DIA/dia-cardano-oracle/offchain/cli/state/preview_rerun_20260513-130106/clients/client-a/pairs/dot-usd.json
{
  "wallet": {
    "source": "seed",
    "address": "addr_test1qpgpsm75w7l9u6au7shqzsaulrtxz2gp6xw9zhun70es6tt4t3wsjavx26kmh586erf8xxhqc2y7urq5az32sjv56nyqquxj3j"
  },
  "pair": {
    "tokenName": "ff3f796230b336b4e5c8d3af0440cbe0346a64cdab5e9cba4a8e2f476152daee",
    "pairId": "444f542f555344",
    "pairUnit": "ed207844cc07c1cb55f3a5a85a784bab4643f9a97facd9653e22f2a0ff3f796230b336b4e5c8d3af0440cbe0346a64cdab5e9cba4a8e2f476152daee",
    "pairValidatorAddress": "addr_test1wrkjq7zyesrurj647wj6skncfw45vsle49l6ekt98c309gqrayw4y"
  },
  "pairState": {
    "pairId": "444f542f555344",
    "price": "420000000",
    "timestamp": "1778685641",
    "nonce": "1778685641000",
    "intentHash": "0da41d3db91dceab5a1a90ee5dff818857d318b481b5ff72c20ed410678a76bb",
    "signer": "2b1c7eff297766569966b630a6862947a8e5285a",
    "minUtxoLovelace": "5000000",
    "intent": {
      "intentType": "OracleUpdate",
      "version": "1.0",
      "chainId": "100640",
      "nonce": "1778685641000",
      "expiry": "1778689241",
      "symbol": "DOT/USD",
      "price": "420000000",
      "timestamp": "1778685641",
      "source": "DIA Oracle",
      "signature": "3c4d722fcd1f295543335c867ceb5fcc5d9e22d3fcef44cb001521c9f11c80572dae605135e7f7c721a6b718e077adfaba048701e0d75766e75bb5c713a6299b1b",
      "signer": "0x2b1c7eff297766569966b630a6862947a8e5285a"
    }
  },
  "datum": {
    "pairCbor": "d8799f47444f542f5553441a1908b1001a6a0496c91b0000019e21ed012858200da41d3db91dceab5a1a90ee5dff818857d318b481b5ff72c20ed410678a76bb542b1c7eff297766569966b630a6862947a8e5285a1a004c4b40ff"
  },
  "transactions": [
    {
      "step": "preview:update",
      "submittedTxHash": "ddf82b6ce132b80b5fc83f24cbfaed054137cac2add086e9a87a8e2500630240",
      "confirmed": true
    }
  ]
}
[1G[0K⠙[1G[0K