[rerun] preview:intent:create-and-sign --state ./state/preview_rerun_20260513-130106/config-bootstrap.json --intent-type OracleUpdate --symbol DOT/USD --price 420000000 --source "DIA Oracle" --out ./state/preview_rerun_20260513-130106/intents/dot-usd.signed.json

> @protofire/dia-cardano-oracle-cli@0.1.0 cli
> tsx src/index.ts preview:intent:create-and-sign --state ./state/preview_rerun_20260513-130106/config-bootstrap.json --intent-type OracleUpdate --symbol DOT/USD --price 420000000 --source DIA Oracle --out ./state/preview_rerun_20260513-130106/intents/dot-usd.signed.json

[1G[0K[cli] Wrote JSON output to /home/manuelpadilla/sources/reposUbuntu/PROTOFIRE/DIA/dia-cardano-oracle/offchain/cli/state/preview_rerun_20260513-130106/intents/dot-usd.signed.json
{
  "intent": {
    "intentType": "OracleUpdate",
    "version": "1.0",
    "chainId": "100640",
    "nonce": "1778685641000",
    "expiry": "1778689241",
    "symbol": "DOT/USD",
    "price": "420000000",
    "timestamp": "1778685641",
    "source": "DIA Oracle",
    "signature": "0x3c4d722fcd1f295543335c867ceb5fcc5d9e22d3fcef44cb001521c9f11c80572dae605135e7f7c721a6b718e077adfaba048701e0d75766e75bb5c713a6299b1b",
    "signer": "0x2b1c7eff297766569966b630a6862947a8e5285a"
  },
  "witness": {
    "signerPublicKey": "02d78ade9f8a9c064c8c588dba903df0cc0118596b9ec65f665dea1b448519f531",
    "signerAddress": "0x2b1c7eff297766569966b630a6862947a8e5285a",
    "intentHash": "0da41d3db91dceab5a1a90ee5dff818857d318b481b5ff72c20ed410678a76bb",
    "compactSignature": "3c4d722fcd1f295543335c867ceb5fcc5d9e22d3fcef44cb001521c9f11c80572dae605135e7f7c721a6b718e077adfaba048701e0d75766e75bb5c713a6299b"
  }
}
[1G[0K⠙[1G[0K