
> @protofire/dia-cardano-oracle-cli@0.1.0 cli
> tsx src/index.ts preview:update --intent ./state/preview_rerun_20260515-130925/intents/usdc-usd.signed.json --protocol-state ./state/preview_rerun_20260515-130925/config-bootstrap.json --client-state ./state/preview_rerun_20260515-130925/clients/client-a.json --state ./state/preview_rerun_20260515-130925/clients/client-a/pairs/usdc-usd.json

[1G[0K[preview:update] Loading signed intent from /home/manuelpadilla/sources/reposUbuntu/PROTOFIRE/DIA/dia-cardano-oracle/offchain/cli/state/preview_rerun_20260515-130925/intents/usdc-usd.signed.json
[preview:update] Loading client and protocol state
[preview:update] Connecting to Preview and selecting the configured wallet
[preview:update] Building Preview oracle update transaction
[preview:update] Tx resources: fee=0.793754 ADA (793754 lovelace), cpu=686750610, mem=1880170
[preview:update] Output[0] | addr=addr_test1wqnv...j2r5ux | lovelace=5.000000 ADA (5000000) | assets=26c5e6803e58...d4c1ac=1 | datum=inline(92B)
[preview:update] Output[1] | addr=addr_test1wqyx...wuk7r3 | lovelace=35.000000 ADA (35000000) | assets=08615fb5721b...545f41=1 | datum=inline(19B)
[preview:update] Output[2] | addr=addr_test1qpgp...quxj3j | lovelace=3309.714467 ADA (3309714467)
[preview:update] Unsigned transaction ready: 6fb78aa0beec55d3f25b4776fa4b3061cf1db2d74a4929f520b369f18306f66e
[preview:update] Submitted transaction hash: 6fb78aa0beec55d3f25b4776fa4b3061cf1db2d74a4929f520b369f18306f66e
[preview:update] Confirmed by Blockfrost: oracle update transaction 6fb78aa0beec55d3f25b4776fa4b3061cf1db2d74a4929f520b369f18306f66e.
[cli] Wrote JSON output to /home/manuelpadilla/sources/reposUbuntu/PROTOFIRE/DIA/dia-cardano-oracle/offchain/cli/state/preview_rerun_20260515-130925/clients/client-a/pairs/usdc-usd.json
{
  "wallet": {
    "source": "seed",
    "address": "addr_test1qpgpsm75w7l9u6au7shqzsaulrtxz2gp6xw9zhun70es6tt4t3wsjavx26kmh586erf8xxhqc2y7urq5az32sjv56nyqquxj3j"
  },
  "pair": {
    "tokenName": "0156dbaa55902bb40ff6c461c8b2b59c70ebbe3786e51e5e75a8bc1cbad4c1ac",
    "pairId": "555344432f555344",
    "pairUnit": "26c5e6803e580f29201ba19557c516ff22a2f4c84a1afa164ae499d20156dbaa55902bb40ff6c461c8b2b59c70ebbe3786e51e5e75a8bc1cbad4c1ac",
    "pairValidatorAddress": "addr_test1wqnvte5q8evq72fqrwse2479zmlj9gh5ep9p47skftjfn5sj2r5ux"
  },
  "pairState": {
    "pairId": "555344432f555344",
    "price": "100045678",
    "timestamp": "1778851754",
    "nonce": "1778851754000",
    "intentHash": "9ec8ded3e977c26c24928e71b2136ef4f332d21bec9c7bc97d7fe1fa35ef3b5c",
    "signer": "2b1c7eff297766569966b630a6862947a8e5285a",
    "minUtxoLovelace": "5000000",
    "intent": {
      "intentType": "OracleUpdate",
      "version": "1.0",
      "chainId": "100640",
      "nonce": "1778851754000",
      "expiry": "1778855354",
      "symbol": "USDC/USD",
      "price": "100045678",
      "timestamp": "1778851754",
      "source": "DIA Oracle",
      "signature": "02dfaf8f2e83b467c745bec5a1e3f0874917bb1fd1ff2c4d30eecb32d8353f2d6678a1e973ab74e5753a2c9808d0f25fb5fea95e2e674e3c81e7f3d6406b9cac1b",
      "signer": "0x2b1c7eff297766569966b630a6862947a8e5285a"
    }
  },
  "datum": {
    "pairCbor": "d8799f48555344432f5553441a05f6936e1a6a071faa1b0000019e2bd3b01058209ec8ded3e977c26c24928e71b2136ef4f332d21bec9c7bc97d7fe1fa35ef3b5c542b1c7eff297766569966b630a6862947a8e5285a1a004c4b40ff"
  },
  "transactions": [
    {
      "step": "preview:update",
      "submittedTxHash": "6fb78aa0beec55d3f25b4776fa4b3061cf1db2d74a4929f520b369f18306f66e",
      "confirmed": true
    }
  ]
}
[1G[0K⠙[1G[0K