
> @protofire/dia-cardano-oracle-cli@0.1.0 cli
> tsx src/index.ts preview:update --intent ./state/preview_rerun_20260515-130925/intents/ada-usd.signed.json --protocol-state ./state/preview_rerun_20260515-130925/config-bootstrap.json --client-state ./state/preview_rerun_20260515-130925/clients/client-a.json --state ./state/preview_rerun_20260515-130925/clients/client-a/pairs/ada-usd.json

[1G[0K[preview:update] Loading signed intent from /home/manuelpadilla/sources/reposUbuntu/PROTOFIRE/DIA/dia-cardano-oracle/offchain/cli/state/preview_rerun_20260515-130925/intents/ada-usd.signed.json
[preview:update] Loading client and protocol state
[preview:update] Connecting to Preview and selecting the configured wallet
[preview:update] Building Preview oracle update transaction
[preview:update] Tx resources: fee=0.793666 ADA (793666 lovelace), cpu=686750610, mem=1880170
[preview:update] Output[0] | addr=addr_test1wqnv...j2r5ux | lovelace=5.000000 ADA (5000000) | assets=26c5e6803e58...5e32b4=1 | datum=inline(91B)
[preview:update] Output[1] | addr=addr_test1wqyx...wuk7r3 | lovelace=35.000000 ADA (35000000) | assets=08615fb5721b...545f41=1 | datum=inline(19B)
[preview:update] Output[2] | addr=addr_test1qpgp...quxj3j | lovelace=3292.332765 ADA (3292332765)
[preview:update] Unsigned transaction ready: ae87ab59f40a8e55311207690fd4e29278371faa12d3d839e62e6ede0c10c4b2
[preview:update] Submitted transaction hash: ae87ab59f40a8e55311207690fd4e29278371faa12d3d839e62e6ede0c10c4b2
[preview:update] Confirmed by Blockfrost: oracle update transaction ae87ab59f40a8e55311207690fd4e29278371faa12d3d839e62e6ede0c10c4b2.
[cli] Wrote JSON output to /home/manuelpadilla/sources/reposUbuntu/PROTOFIRE/DIA/dia-cardano-oracle/offchain/cli/state/preview_rerun_20260515-130925/clients/client-a/pairs/ada-usd.json
{
  "wallet": {
    "source": "seed",
    "address": "addr_test1qpgpsm75w7l9u6au7shqzsaulrtxz2gp6xw9zhun70es6tt4t3wsjavx26kmh586erf8xxhqc2y7urq5az32sjv56nyqquxj3j"
  },
  "pair": {
    "tokenName": "04e5366fb69cdc906d0e8841d641628f09a50f7618e944de5cdb7a26b95e32b4",
    "pairId": "4144412f555344",
    "pairUnit": "26c5e6803e580f29201ba19557c516ff22a2f4c84a1afa164ae499d204e5366fb69cdc906d0e8841d641628f09a50f7618e944de5cdb7a26b95e32b4",
    "pairValidatorAddress": "addr_test1wqnvte5q8evq72fqrwse2479zmlj9gh5ep9p47skftjfn5sj2r5ux"
  },
  "pairState": {
    "pairId": "4144412f555344",
    "price": "750000000",
    "timestamp": "1778852218",
    "nonce": "1778852218000",
    "intentHash": "de2e664a599da40f63137b45b7fcba0f1b4438679251de902c543a198060d5f6",
    "signer": "2b1c7eff297766569966b630a6862947a8e5285a",
    "minUtxoLovelace": "5000000",
    "intent": {
      "intentType": "OracleUpdate",
      "version": "1.0",
      "chainId": "100640",
      "nonce": "1778852218000",
      "expiry": "1778855818",
      "symbol": "ADA/USD",
      "price": "750000000",
      "timestamp": "1778852218",
      "source": "DIA Oracle",
      "signature": "c2f30a222d4f6161fbdc69674e1bf98831193e110be592dc49dc8cfa9047dc213905a1102309a4b3456d22fd8a707db5d7513adf54a83a8ff73ea5ab3c6b79c51c",
      "signer": "0x2b1c7eff297766569966b630a6862947a8e5285a"
    }
  },
  "datum": {
    "pairCbor": "d8799f474144412f5553441a2cb417801a6a07217a1b0000019e2bdac4905820de2e664a599da40f63137b45b7fcba0f1b4438679251de902c543a198060d5f6542b1c7eff297766569966b630a6862947a8e5285a1a004c4b40ff"
  },
  "transactions": [
    {
      "step": "preview:update",
      "submittedTxHash": "ae87ab59f40a8e55311207690fd4e29278371faa12d3d839e62e6ede0c10c4b2",
      "confirmed": true
    }
  ]
}
[1G[0K⠙[1G[0K