[rerun] preview:intent:create-and-sign --state ./state/preview_rerun_20260515-130925/config-bootstrap.json --intent-type OracleUpdate --symbol USDT/USD --price 100001234 --source "DIA Oracle" --out ./state/preview_rerun_20260515-130925/intents/usdt-usd.signed.json

> @protofire/dia-cardano-oracle-cli@0.1.0 cli
> tsx src/index.ts preview:intent:create-and-sign --state ./state/preview_rerun_20260515-130925/config-bootstrap.json --intent-type OracleUpdate --symbol USDT/USD --price 100001234 --source DIA Oracle --out ./state/preview_rerun_20260515-130925/intents/usdt-usd.signed.json

[1G[0K[cli] Wrote JSON output to /home/manuelpadilla/sources/reposUbuntu/PROTOFIRE/DIA/dia-cardano-oracle/offchain/cli/state/preview_rerun_20260515-130925/intents/usdt-usd.signed.json
{
  "intent": {
    "intentType": "OracleUpdate",
    "version": "1.0",
    "chainId": "100640",
    "nonce": "1778852366000",
    "expiry": "1778855966",
    "symbol": "USDT/USD",
    "price": "100001234",
    "timestamp": "1778852366",
    "source": "DIA Oracle",
    "signature": "0xb46ee8e0872774f5510d5ef89be253205e0e57f3a08c4eec9ae278dd0b8f30484e7b6d601b2138d42ba119e6566705425b09fceaaa19a00f02dda904eb6507541b",
    "signer": "0x2b1c7eff297766569966b630a6862947a8e5285a"
  },
  "witness": {
    "signerPublicKey": "02d78ade9f8a9c064c8c588dba903df0cc0118596b9ec65f665dea1b448519f531",
    "signerAddress": "0x2b1c7eff297766569966b630a6862947a8e5285a",
    "intentHash": "622c374162e552ff3ac38f118950573ba9617815da1d18ff7e0c4935425746e7",
    "compactSignature": "b46ee8e0872774f5510d5ef89be253205e0e57f3a08c4eec9ae278dd0b8f30484e7b6d601b2138d42ba119e6566705425b09fceaaa19a00f02dda904eb650754"
  }
}
[1G[0K⠙[1G[0K