
> @protofire/dia-cardano-oracle-cli@0.1.0 cli
> tsx src/index.ts preview:update --intent ./state/preview_rerun_20260515-130925/intents/dai-usd.signed.json --protocol-state ./state/preview_rerun_20260515-130925/config-bootstrap.json --client-state ./state/preview_rerun_20260515-130925/clients/client-a.json --state ./state/preview_rerun_20260515-130925/clients/client-a/pairs/dai-usd.json

[1G[0K[preview:update] Loading signed intent from /home/manuelpadilla/sources/reposUbuntu/PROTOFIRE/DIA/dia-cardano-oracle/offchain/cli/state/preview_rerun_20260515-130925/intents/dai-usd.signed.json
[preview:update] Loading client and protocol state
[preview:update] Connecting to Preview and selecting the configured wallet
[preview:update] Building Preview oracle update transaction
[preview:update] Tx resources: fee=0.793666 ADA (793666 lovelace), cpu=686750610, mem=1880170
[preview:update] Output[0] | addr=addr_test1wqnv...j2r5ux | lovelace=5.000000 ADA (5000000) | assets=26c5e6803e58...ff2852=1 | datum=inline(91B)
[preview:update] Output[1] | addr=addr_test1wqyx...wuk7r3 | lovelace=35.000000 ADA (35000000) | assets=08615fb5721b...545f41=1 | datum=inline(19B)
[preview:update] Output[2] | addr=addr_test1qpgp...quxj3j | lovelace=3280.745345 ADA (3280745345)
[preview:update] Unsigned transaction ready: d8de87dff77061b58352a2a9eb89e3159d9d8b5dd0e8d601adbb87336d06434c
[preview:update] Submitted transaction hash: d8de87dff77061b58352a2a9eb89e3159d9d8b5dd0e8d601adbb87336d06434c
[preview:update] Confirmed by Blockfrost: oracle update transaction d8de87dff77061b58352a2a9eb89e3159d9d8b5dd0e8d601adbb87336d06434c.
[cli] Wrote JSON output to /home/manuelpadilla/sources/reposUbuntu/PROTOFIRE/DIA/dia-cardano-oracle/offchain/cli/state/preview_rerun_20260515-130925/clients/client-a/pairs/dai-usd.json
{
  "wallet": {
    "source": "seed",
    "address": "addr_test1qpgpsm75w7l9u6au7shqzsaulrtxz2gp6xw9zhun70es6tt4t3wsjavx26kmh586erf8xxhqc2y7urq5az32sjv56nyqquxj3j"
  },
  "pair": {
    "tokenName": "0ae6401fc15363e085cf3d2f90ae10566e797d8686ab048ba30f5914c7ff2852",
    "pairId": "4441492f555344",
    "pairUnit": "26c5e6803e580f29201ba19557c516ff22a2f4c84a1afa164ae499d20ae6401fc15363e085cf3d2f90ae10566e797d8686ab048ba30f5914c7ff2852",
    "pairValidatorAddress": "addr_test1wqnvte5q8evq72fqrwse2479zmlj9gh5ep9p47skftjfn5sj2r5ux"
  },
  "pairState": {
    "pairId": "4441492f555344",
    "price": "100000345",
    "timestamp": "1778852529",
    "nonce": "1778852529000",
    "intentHash": "26a19a196daa23e17bd2b42e47fb8da2aafdd57714a661e49c89c90a53650e14",
    "signer": "2b1c7eff297766569966b630a6862947a8e5285a",
    "minUtxoLovelace": "5000000",
    "intent": {
      "intentType": "OracleUpdate",
      "version": "1.0",
      "chainId": "100640",
      "nonce": "1778852529000",
      "expiry": "1778856129",
      "symbol": "DAI/USD",
      "price": "100000345",
      "timestamp": "1778852529",
      "source": "DIA Oracle",
      "signature": "dcba4e9f20417b68425f7b1e4087df2472f6ceed42de73ac363bd11ea1f00a885aee7bcac9e0b264d67b08e91783c7f9fc0659a18fc4891ad1f7c113e625b7d21b",
      "signer": "0x2b1c7eff297766569966b630a6862947a8e5285a"
    }
  },
  "datum": {
    "pairCbor": "d8799f474441492f5553441a05f5e2591a6a0722b11b0000019e2bdf8368582026a19a196daa23e17bd2b42e47fb8da2aafdd57714a661e49c89c90a53650e14542b1c7eff297766569966b630a6862947a8e5285a1a004c4b40ff"
  },
  "transactions": [
    {
      "step": "preview:update",
      "submittedTxHash": "d8de87dff77061b58352a2a9eb89e3159d9d8b5dd0e8d601adbb87336d06434c",
      "confirmed": true
    }
  ]
}
[1G[0K⠙[1G[0K