
> @protofire/dia-cardano-oracle-cli@0.1.0 cli
> tsx src/index.ts preview:update --intent ./state/preview_rerun_20260515-130925/intents/sol-usd.signed.json --protocol-state ./state/preview_rerun_20260515-130925/config-bootstrap.json --client-state ./state/preview_rerun_20260515-130925/clients/client-a.json --state ./state/preview_rerun_20260515-130925/clients/client-a/pairs/sol-usd.json

[1G[0K[preview:update] Loading signed intent from /home/manuelpadilla/sources/reposUbuntu/PROTOFIRE/DIA/dia-cardano-oracle/offchain/cli/state/preview_rerun_20260515-130925/intents/sol-usd.signed.json
[preview:update] Loading client and protocol state
[preview:update] Connecting to Preview and selecting the configured wallet
[preview:update] Building Preview oracle update transaction
[preview:update] Tx resources: fee=0.794018 ADA (794018 lovelace), cpu=686750610, mem=1880170
[preview:update] Output[0] | addr=addr_test1wqnv...j2r5ux | lovelace=5.000000 ADA (5000000) | assets=26c5e6803e58...bbbe64=1 | datum=inline(95B)
[preview:update] Output[1] | addr=addr_test1wqyx...wuk7r3 | lovelace=35.000000 ADA (35000000) | assets=08615fb5721b...545f41=1 | datum=inline(19B)
[preview:update] Output[2] | addr=addr_test1qpgp...quxj3j | lovelace=3274.951327 ADA (3274951327)
[preview:update] Unsigned transaction ready: d0f99bd411701ed4a643dddf053a1967d07e1141df88351650862357ee2468b1
[preview:update] Submitted transaction hash: d0f99bd411701ed4a643dddf053a1967d07e1141df88351650862357ee2468b1
[preview:update] Confirmed by Blockfrost: oracle update transaction d0f99bd411701ed4a643dddf053a1967d07e1141df88351650862357ee2468b1.
[cli] Wrote JSON output to /home/manuelpadilla/sources/reposUbuntu/PROTOFIRE/DIA/dia-cardano-oracle/offchain/cli/state/preview_rerun_20260515-130925/clients/client-a/pairs/sol-usd.json
{
  "wallet": {
    "source": "seed",
    "address": "addr_test1qpgpsm75w7l9u6au7shqzsaulrtxz2gp6xw9zhun70es6tt4t3wsjavx26kmh586erf8xxhqc2y7urq5az32sjv56nyqquxj3j"
  },
  "pair": {
    "tokenName": "396545cb87b0103c8ddb5ff4329eeff88e2aef114f76b0807b21ce3d68bbbe64",
    "pairId": "534f4c2f555344",
    "pairUnit": "26c5e6803e580f29201ba19557c516ff22a2f4c84a1afa164ae499d2396545cb87b0103c8ddb5ff4329eeff88e2aef114f76b0807b21ce3d68bbbe64",
    "pairValidatorAddress": "addr_test1wqnvte5q8evq72fqrwse2479zmlj9gh5ep9p47skftjfn5sj2r5ux"
  },
  "pairState": {
    "pairId": "534f4c2f555344",
    "price": "18500000000",
    "timestamp": "1778852650",
    "nonce": "1778852650000",
    "intentHash": "b65d17039243815d054076aef110b1ec85cb9d1a2bb3b3ffcbf2ca6cf11488f7",
    "signer": "2b1c7eff297766569966b630a6862947a8e5285a",
    "minUtxoLovelace": "5000000",
    "intent": {
      "intentType": "OracleUpdate",
      "version": "1.0",
      "chainId": "100640",
      "nonce": "1778852650000",
      "expiry": "1778856250",
      "symbol": "SOL/USD",
      "price": "18500000000",
      "timestamp": "1778852650",
      "source": "DIA Oracle",
      "signature": "21e630f6bf184c42e9a0e418996df0053c1586059d3d3077c4abb4f51876e22a486e5e1f30f6ddac826922a757eeb8b3e4e607b4537c444f9e640c8ac70627891b",
      "signer": "0x2b1c7eff297766569966b630a6862947a8e5285a"
    }
  },
  "datum": {
    "pairCbor": "d8799f47534f4c2f5553441b000000044eaf99001a6a07232a1b0000019e2be15c105820b65d17039243815d054076aef110b1ec85cb9d1a2bb3b3ffcbf2ca6cf11488f7542b1c7eff297766569966b630a6862947a8e5285a1a004c4b40ff"
  },
  "transactions": [
    {
      "step": "preview:update",
      "submittedTxHash": "d0f99bd411701ed4a643dddf053a1967d07e1141df88351650862357ee2468b1",
      "confirmed": true
    }
  ]
}
[1G[0K⠙[1G[0K