[rerun] preview:intent:create-and-sign --state ./state/preview_rerun_20260515-130925/config-bootstrap.json --intent-type OracleUpdate --symbol SOL/USD --price 18500000000 --source "DIA Oracle" --out ./state/preview_rerun_20260515-130925/intents/sol-usd.signed.json

> @protofire/dia-cardano-oracle-cli@0.1.0 cli
> tsx src/index.ts preview:intent:create-and-sign --state ./state/preview_rerun_20260515-130925/config-bootstrap.json --intent-type OracleUpdate --symbol SOL/USD --price 18500000000 --source DIA Oracle --out ./state/preview_rerun_20260515-130925/intents/sol-usd.signed.json

[1G[0K[cli] Wrote JSON output to /home/manuelpadilla/sources/reposUbuntu/PROTOFIRE/DIA/dia-cardano-oracle/offchain/cli/state/preview_rerun_20260515-130925/intents/sol-usd.signed.json
{
  "intent": {
    "intentType": "OracleUpdate",
    "version": "1.0",
    "chainId": "100640",
    "nonce": "1778852650000",
    "expiry": "1778856250",
    "symbol": "SOL/USD",
    "price": "18500000000",
    "timestamp": "1778852650",
    "source": "DIA Oracle",
    "signature": "0x21e630f6bf184c42e9a0e418996df0053c1586059d3d3077c4abb4f51876e22a486e5e1f30f6ddac826922a757eeb8b3e4e607b4537c444f9e640c8ac70627891b",
    "signer": "0x2b1c7eff297766569966b630a6862947a8e5285a"
  },
  "witness": {
    "signerPublicKey": "02d78ade9f8a9c064c8c588dba903df0cc0118596b9ec65f665dea1b448519f531",
    "signerAddress": "0x2b1c7eff297766569966b630a6862947a8e5285a",
    "intentHash": "b65d17039243815d054076aef110b1ec85cb9d1a2bb3b3ffcbf2ca6cf11488f7",
    "compactSignature": "21e630f6bf184c42e9a0e418996df0053c1586059d3d3077c4abb4f51876e22a486e5e1f30f6ddac826922a757eeb8b3e4e607b4537c444f9e640c8ac7062789"
  }
}
[1G[0K⠙[1G[0K