
> @protofire/dia-cardano-oracle-cli@0.1.0 cli
> tsx src/index.ts preview:update --intent ./state/preview_rerun_20260515-130925/intents/xrp-usd.signed.json --protocol-state ./state/preview_rerun_20260515-130925/config-bootstrap.json --client-state ./state/preview_rerun_20260515-130925/clients/client-a.json --state ./state/preview_rerun_20260515-130925/clients/client-a/pairs/xrp-usd.json

[1G[0K[preview:update] Loading signed intent from /home/manuelpadilla/sources/reposUbuntu/PROTOFIRE/DIA/dia-cardano-oracle/offchain/cli/state/preview_rerun_20260515-130925/intents/xrp-usd.signed.json
[preview:update] Loading client and protocol state
[preview:update] Connecting to Preview and selecting the configured wallet
[preview:update] Building Preview oracle update transaction
[preview:update] Tx resources: fee=0.793666 ADA (793666 lovelace), cpu=686750610, mem=1880170
[preview:update] Output[0] | addr=addr_test1wqnv...j2r5ux | lovelace=5.000000 ADA (5000000) | assets=26c5e6803e58...eed0bc=1 | datum=inline(91B)
[preview:update] Output[1] | addr=addr_test1wqyx...wuk7r3 | lovelace=35.000000 ADA (35000000) | assets=08615fb5721b...545f41=1 | datum=inline(19B)
[preview:update] Output[2] | addr=addr_test1qpgp...quxj3j | lovelace=3263.363643 ADA (3263363643)
[preview:update] Unsigned transaction ready: 8d628e4b0bc82d024d56748de812e2d332ca1799a8167613195e3264e1c67af9
[preview:update] Submitted transaction hash: 8d628e4b0bc82d024d56748de812e2d332ca1799a8167613195e3264e1c67af9
[preview:update] Confirmed by Blockfrost: oracle update transaction 8d628e4b0bc82d024d56748de812e2d332ca1799a8167613195e3264e1c67af9.
[cli] Wrote JSON output to /home/manuelpadilla/sources/reposUbuntu/PROTOFIRE/DIA/dia-cardano-oracle/offchain/cli/state/preview_rerun_20260515-130925/clients/client-a/pairs/xrp-usd.json
{
  "wallet": {
    "source": "seed",
    "address": "addr_test1qpgpsm75w7l9u6au7shqzsaulrtxz2gp6xw9zhun70es6tt4t3wsjavx26kmh586erf8xxhqc2y7urq5az32sjv56nyqquxj3j"
  },
  "pair": {
    "tokenName": "bac7b9f5648596883156b7004ce94ebb55cc5049bd65b93188cd724e9feed0bc",
    "pairId": "5852502f555344",
    "pairUnit": "26c5e6803e580f29201ba19557c516ff22a2f4c84a1afa164ae499d2bac7b9f5648596883156b7004ce94ebb55cc5049bd65b93188cd724e9feed0bc",
    "pairValidatorAddress": "addr_test1wqnvte5q8evq72fqrwse2479zmlj9gh5ep9p47skftjfn5sj2r5ux"
  },
  "pairState": {
    "pairId": "5852502f555344",
    "price": "520000000",
    "timestamp": "1778852973",
    "nonce": "1778852973000",
    "intentHash": "122123005f5bfa9b0e952390802c1c1ddc7c90bfd1fe7d9291407625fd76c4ab",
    "signer": "2b1c7eff297766569966b630a6862947a8e5285a",
    "minUtxoLovelace": "5000000",
    "intent": {
      "intentType": "OracleUpdate",
      "version": "1.0",
      "chainId": "100640",
      "nonce": "1778852973000",
      "expiry": "1778856573",
      "symbol": "XRP/USD",
      "price": "520000000",
      "timestamp": "1778852973",
      "source": "DIA Oracle",
      "signature": "d2cc9d22d31be54c0cd86a5e6a67635d2044b663665cb2c9d8c70718e62a41213cabd14ce32312a7ae9ee76e78a605c5df45a37ee4320f3ee606a67985d92f631c",
      "signer": "0x2b1c7eff297766569966b630a6862947a8e5285a"
    }
  },
  "datum": {
    "pairCbor": "d8799f475852502f5553441a1efe92001a6a07246d1b0000019e2be649c85820122123005f5bfa9b0e952390802c1c1ddc7c90bfd1fe7d9291407625fd76c4ab542b1c7eff297766569966b630a6862947a8e5285a1a004c4b40ff"
  },
  "transactions": [
    {
      "step": "preview:update",
      "submittedTxHash": "8d628e4b0bc82d024d56748de812e2d332ca1799a8167613195e3264e1c67af9",
      "confirmed": true
    }
  ]
}
[1G[0K⠙[1G[0K