[rerun] preview:intent:create-and-sign --state ./state/preview_rerun_20260515-130925/config-bootstrap.json --intent-type OracleUpdate --symbol BTC/USD --price 6001000000000 --source "DIA Oracle" --out ./state/preview_rerun_20260515-130925/intents/btc-usd-batch.signed.json

> @protofire/dia-cardano-oracle-cli@0.1.0 cli
> tsx src/index.ts preview:intent:create-and-sign --state ./state/preview_rerun_20260515-130925/config-bootstrap.json --intent-type OracleUpdate --symbol BTC/USD --price 6001000000000 --source DIA Oracle --out ./state/preview_rerun_20260515-130925/intents/btc-usd-batch.signed.json

[1G[0K[cli] Wrote JSON output to /home/manuelpadilla/sources/reposUbuntu/PROTOFIRE/DIA/dia-cardano-oracle/offchain/cli/state/preview_rerun_20260515-130925/intents/btc-usd-batch.signed.json
{
  "intent": {
    "intentType": "OracleUpdate",
    "version": "1.0",
    "chainId": "100640",
    "nonce": "1778853622000",
    "expiry": "1778857222",
    "symbol": "BTC/USD",
    "price": "6001000000000",
    "timestamp": "1778853622",
    "source": "DIA Oracle",
    "signature": "0xcce40137187e04910926cbfd57afc5a726437459d35c81422677cd8b1d35b0500014ffce76bdf6f644d1368776ce525f7d61bfe6170462e65e6dba4cd096151e1b",
    "signer": "0x2b1c7eff297766569966b630a6862947a8e5285a"
  },
  "witness": {
    "signerPublicKey": "02d78ade9f8a9c064c8c588dba903df0cc0118596b9ec65f665dea1b448519f531",
    "signerAddress": "0x2b1c7eff297766569966b630a6862947a8e5285a",
    "intentHash": "519144fd6587db4b9b955a0bee90798a087a34cb1b8f20ac4460110bb6dd41f2",
    "compactSignature": "cce40137187e04910926cbfd57afc5a726437459d35c81422677cd8b1d35b0500014ffce76bdf6f644d1368776ce525f7d61bfe6170462e65e6dba4cd096151e"
  }
}
[1G[0K⠙[1G[0K[rerun] preview:intent:create-and-sign --state ./state/preview_rerun_20260515-130925/config-bootstrap.json --intent-type OracleUpdate --symbol ETH/USD --price 250100000000 --source "DIA Oracle" --out ./state/preview_rerun_20260515-130925/intents/eth-usd-batch.signed.json

> @protofire/dia-cardano-oracle-cli@0.1.0 cli
> tsx src/index.ts preview:intent:create-and-sign --state ./state/preview_rerun_20260515-130925/config-bootstrap.json --intent-type OracleUpdate --symbol ETH/USD --price 250100000000 --source DIA Oracle --out ./state/preview_rerun_20260515-130925/intents/eth-usd-batch.signed.json

[1G[0K[cli] Wrote JSON output to /home/manuelpadilla/sources/reposUbuntu/PROTOFIRE/DIA/dia-cardano-oracle/offchain/cli/state/preview_rerun_20260515-130925/intents/eth-usd-batch.signed.json
{
  "intent": {
    "intentType": "OracleUpdate",
    "version": "1.0",
    "chainId": "100640",
    "nonce": "1778853622000",
    "expiry": "1778857222",
    "symbol": "ETH/USD",
    "price": "250100000000",
    "timestamp": "1778853622",
    "source": "DIA Oracle",
    "signature": "0x95ee7b4e92dd5fc5f33335dc3320a81563b028c0113b39871dfe21843553958e67b0df181c3e8e6e13debff3ab5b69762a7ffd0d8cfb6d7c6fd5ed114e716bb31b",
    "signer": "0x2b1c7eff297766569966b630a6862947a8e5285a"
  },
  "witness": {
    "signerPublicKey": "02d78ade9f8a9c064c8c588dba903df0cc0118596b9ec65f665dea1b448519f531",
    "signerAddress": "0x2b1c7eff297766569966b630a6862947a8e5285a",
    "intentHash": "5f3990185778d76d6fbd4980d83edebe16f32a15e383f831de33cbbdd94578d3",
    "compactSignature": "95ee7b4e92dd5fc5f33335dc3320a81563b028c0113b39871dfe21843553958e67b0df181c3e8e6e13debff3ab5b69762a7ffd0d8cfb6d7c6fd5ed114e716bb3"
  }
}
[1G[0K⠙[1G[0K[rerun] preview:intent:create-and-sign --state ./state/preview_rerun_20260515-130925/config-bootstrap.json --intent-type OracleUpdate --symbol ADA/USD --price 751000000 --source "DIA Oracle" --out ./state/preview_rerun_20260515-130925/intents/ada-usd-batch.signed.json

> @protofire/dia-cardano-oracle-cli@0.1.0 cli
> tsx src/index.ts preview:intent:create-and-sign --state ./state/preview_rerun_20260515-130925/config-bootstrap.json --intent-type OracleUpdate --symbol ADA/USD --price 751000000 --source DIA Oracle --out ./state/preview_rerun_20260515-130925/intents/ada-usd-batch.signed.json

[1G[0K[cli] Wrote JSON output to /home/manuelpadilla/sources/reposUbuntu/PROTOFIRE/DIA/dia-cardano-oracle/offchain/cli/state/preview_rerun_20260515-130925/intents/ada-usd-batch.signed.json
{
  "intent": {
    "intentType": "OracleUpdate",
    "version": "1.0",
    "chainId": "100640",
    "nonce": "1778853622000",
    "expiry": "1778857222",
    "symbol": "ADA/USD",
    "price": "751000000",
    "timestamp": "1778853622",
    "source": "DIA Oracle",
    "signature": "0x3135bf5a43b93e24b3c5ef12ff262a13f1c229ea46a73e3f0fa472114e1ce02226bd721f3befbadf90eee614b1eeb7f41efa27a05de0998f9d1883c006208d6c1b",
    "signer": "0x2b1c7eff297766569966b630a6862947a8e5285a"
  },
  "witness": {
    "signerPublicKey": "02d78ade9f8a9c064c8c588dba903df0cc0118596b9ec65f665dea1b448519f531",
    "signerAddress": "0x2b1c7eff297766569966b630a6862947a8e5285a",
    "intentHash": "b9e0ca655a60195118b161090f8246716517193535a17bd0e9f1d1c876a1cd37",
    "compactSignature": "3135bf5a43b93e24b3c5ef12ff262a13f1c229ea46a73e3f0fa472114e1ce02226bd721f3befbadf90eee614b1eeb7f41efa27a05de0998f9d1883c006208d6c"
  }
}
[1G[0K⠙[1G[0K[rerun] preview:intent:create-and-sign --state ./state/preview_rerun_20260515-130925/config-bootstrap.json --intent-type OracleUpdate --symbol USDT/USD --price 100101234 --source "DIA Oracle" --out ./state/preview_rerun_20260515-130925/intents/usdt-usd-batch.signed.json

> @protofire/dia-cardano-oracle-cli@0.1.0 cli
> tsx src/index.ts preview:intent:create-and-sign --state ./state/preview_rerun_20260515-130925/config-bootstrap.json --intent-type OracleUpdate --symbol USDT/USD --price 100101234 --source DIA Oracle --out ./state/preview_rerun_20260515-130925/intents/usdt-usd-batch.signed.json

[1G[0K[cli] Wrote JSON output to /home/manuelpadilla/sources/reposUbuntu/PROTOFIRE/DIA/dia-cardano-oracle/offchain/cli/state/preview_rerun_20260515-130925/intents/usdt-usd-batch.signed.json
{
  "intent": {
    "intentType": "OracleUpdate",
    "version": "1.0",
    "chainId": "100640",
    "nonce": "1778853622000",
    "expiry": "1778857222",
    "symbol": "USDT/USD",
    "price": "100101234",
    "timestamp": "1778853622",
    "source": "DIA Oracle",
    "signature": "0xb4c2cde64968d7ece250ec032c3bf420b39531950664f7ba7121f077c6ad7ef8418bed544f9a8a9b61404cda870ac05b374f7a981fec5031d7a6e7380621a15c1c",
    "signer": "0x2b1c7eff297766569966b630a6862947a8e5285a"
  },
  "witness": {
    "signerPublicKey": "02d78ade9f8a9c064c8c588dba903df0cc0118596b9ec65f665dea1b448519f531",
    "signerAddress": "0x2b1c7eff297766569966b630a6862947a8e5285a",
    "intentHash": "15e4f56103cfa00b9748c70506f31dcc0b06bcf2144d4be2037c4d5595eb11e1",
    "compactSignature": "b4c2cde64968d7ece250ec032c3bf420b39531950664f7ba7121f077c6ad7ef8418bed544f9a8a9b61404cda870ac05b374f7a981fec5031d7a6e7380621a15c"
  }
}
[1G[0K⠙[1G[0K[rerun] preview:intent:create-and-sign --state ./state/preview_rerun_20260515-130925/config-bootstrap.json --intent-type OracleUpdate --symbol DAI/USD --price 100100345 --source "DIA Oracle" --out ./state/preview_rerun_20260515-130925/intents/dai-usd-batch.signed.json

> @protofire/dia-cardano-oracle-cli@0.1.0 cli
> tsx src/index.ts preview:intent:create-and-sign --state ./state/preview_rerun_20260515-130925/config-bootstrap.json --intent-type OracleUpdate --symbol DAI/USD --price 100100345 --source DIA Oracle --out ./state/preview_rerun_20260515-130925/intents/dai-usd-batch.signed.json

[1G[0K[cli] Wrote JSON output to /home/manuelpadilla/sources/reposUbuntu/PROTOFIRE/DIA/dia-cardano-oracle/offchain/cli/state/preview_rerun_20260515-130925/intents/dai-usd-batch.signed.json
{
  "intent": {
    "intentType": "OracleUpdate",
    "version": "1.0",
    "chainId": "100640",
    "nonce": "1778853622000",
    "expiry": "1778857222",
    "symbol": "DAI/USD",
    "price": "100100345",
    "timestamp": "1778853622",
    "source": "DIA Oracle",
    "signature": "0xe6a89c1395a3b40fdfcc5602ac9e06d9b49db664277dae18f007b11ea64a44063dc313e808ab684b596a74a551ce28f83f9f4bd3e214fa35609ed741520bf2b01c",
    "signer": "0x2b1c7eff297766569966b630a6862947a8e5285a"
  },
  "witness": {
    "signerPublicKey": "02d78ade9f8a9c064c8c588dba903df0cc0118596b9ec65f665dea1b448519f531",
    "signerAddress": "0x2b1c7eff297766569966b630a6862947a8e5285a",
    "intentHash": "4f9f5c0747c1e9345bc973a1f3e4de3dfaabfc47a992d368fe637f0107ba883e",
    "compactSignature": "e6a89c1395a3b40fdfcc5602ac9e06d9b49db664277dae18f007b11ea64a44063dc313e808ab684b596a74a551ce28f83f9f4bd3e214fa35609ed741520bf2b0"
  }
}
[1G[0K⠙[1G[0K[rerun] preview:intent:create-and-sign --state ./state/preview_rerun_20260515-130925/config-bootstrap.json --intent-type OracleUpdate --symbol SOL/USD --price 18510000000 --source "DIA Oracle" --out ./state/preview_rerun_20260515-130925/intents/sol-usd-batch.signed.json

> @protofire/dia-cardano-oracle-cli@0.1.0 cli
> tsx src/index.ts preview:intent:create-and-sign --state ./state/preview_rerun_20260515-130925/config-bootstrap.json --intent-type OracleUpdate --symbol SOL/USD --price 18510000000 --source DIA Oracle --out ./state/preview_rerun_20260515-130925/intents/sol-usd-batch.signed.json

[1G[0K[cli] Wrote JSON output to /home/manuelpadilla/sources/reposUbuntu/PROTOFIRE/DIA/dia-cardano-oracle/offchain/cli/state/preview_rerun_20260515-130925/intents/sol-usd-batch.signed.json
{
  "intent": {
    "intentType": "OracleUpdate",
    "version": "1.0",
    "chainId": "100640",
    "nonce": "1778853622000",
    "expiry": "1778857222",
    "symbol": "SOL/USD",
    "price": "18510000000",
    "timestamp": "1778853622",
    "source": "DIA Oracle",
    "signature": "0x17db42e5ba542c1b2b022cf39ef14f34c607b733b2dcc719df860a52a4ccc5bb1f773980648608f0e27e914863a8782d477d9767efb9cbb87818c231a3effdd61b",
    "signer": "0x2b1c7eff297766569966b630a6862947a8e5285a"
  },
  "witness": {
    "signerPublicKey": "02d78ade9f8a9c064c8c588dba903df0cc0118596b9ec65f665dea1b448519f531",
    "signerAddress": "0x2b1c7eff297766569966b630a6862947a8e5285a",
    "intentHash": "22803ad483e890176b28e9be69b7a8d4c979aedfbe1f966212cf25a3945d4fa8",
    "compactSignature": "17db42e5ba542c1b2b022cf39ef14f34c607b733b2dcc719df860a52a4ccc5bb1f773980648608f0e27e914863a8782d477d9767efb9cbb87818c231a3effdd6"
  }
}
[1G[0K⠙[1G[0K[rerun] preview:intent:create-and-sign --state ./state/preview_rerun_20260515-130925/config-bootstrap.json --intent-type OracleUpdate --symbol BNB/USD --price 61510000000 --source "DIA Oracle" --out ./state/preview_rerun_20260515-130925/intents/bnb-usd-batch.signed.json

> @protofire/dia-cardano-oracle-cli@0.1.0 cli
> tsx src/index.ts preview:intent:create-and-sign --state ./state/preview_rerun_20260515-130925/config-bootstrap.json --intent-type OracleUpdate --symbol BNB/USD --price 61510000000 --source DIA Oracle --out ./state/preview_rerun_20260515-130925/intents/bnb-usd-batch.signed.json

[1G[0K[cli] Wrote JSON output to /home/manuelpadilla/sources/reposUbuntu/PROTOFIRE/DIA/dia-cardano-oracle/offchain/cli/state/preview_rerun_20260515-130925/intents/bnb-usd-batch.signed.json
{
  "intent": {
    "intentType": "OracleUpdate",
    "version": "1.0",
    "chainId": "100640",
    "nonce": "1778853622000",
    "expiry": "1778857222",
    "symbol": "BNB/USD",
    "price": "61510000000",
    "timestamp": "1778853622",
    "source": "DIA Oracle",
    "signature": "0x70dcf3831273c4fcfba9a3cc0231a39722db355f0f1bb373a96bd2e2c95db3784b4ece00798c971c48d55e0c41ed6b31b8c18c0b064fd8c3f12e9e246f58c77a1b",
    "signer": "0x2b1c7eff297766569966b630a6862947a8e5285a"
  },
  "witness": {
    "signerPublicKey": "02d78ade9f8a9c064c8c588dba903df0cc0118596b9ec65f665dea1b448519f531",
    "signerAddress": "0x2b1c7eff297766569966b630a6862947a8e5285a",
    "intentHash": "c3c3cdbb82aa160e52dc5e1cad27170ccab8e2657ee67357ed52d027b588b20a",
    "compactSignature": "70dcf3831273c4fcfba9a3cc0231a39722db355f0f1bb373a96bd2e2c95db3784b4ece00798c971c48d55e0c41ed6b31b8c18c0b064fd8c3f12e9e246f58c77a"
  }
}
[1G[0K⠙[1G[0K[rerun] preview:intent:create-and-sign --state ./state/preview_rerun_20260515-130925/config-bootstrap.json --intent-type OracleUpdate --symbol XRP/USD --price 521000000 --source "DIA Oracle" --out ./state/preview_rerun_20260515-130925/intents/xrp-usd-batch.signed.json

> @protofire/dia-cardano-oracle-cli@0.1.0 cli
> tsx src/index.ts preview:intent:create-and-sign --state ./state/preview_rerun_20260515-130925/config-bootstrap.json --intent-type OracleUpdate --symbol XRP/USD --price 521000000 --source DIA Oracle --out ./state/preview_rerun_20260515-130925/intents/xrp-usd-batch.signed.json

[1G[0K[cli] Wrote JSON output to /home/manuelpadilla/sources/reposUbuntu/PROTOFIRE/DIA/dia-cardano-oracle/offchain/cli/state/preview_rerun_20260515-130925/intents/xrp-usd-batch.signed.json
{
  "intent": {
    "intentType": "OracleUpdate",
    "version": "1.0",
    "chainId": "100640",
    "nonce": "1778853651000",
    "expiry": "1778857251",
    "symbol": "XRP/USD",
    "price": "521000000",
    "timestamp": "1778853651",
    "source": "DIA Oracle",
    "signature": "0xd8fac6bdb50210a520d9d19ebe80367f20abd9beeee1df8114ec34d63dca74e2762d9f104e4026b10e81113b2e52ee6f03043a7ff03f3f5153d40d48bc7c1ec31c",
    "signer": "0x2b1c7eff297766569966b630a6862947a8e5285a"
  },
  "witness": {
    "signerPublicKey": "02d78ade9f8a9c064c8c588dba903df0cc0118596b9ec65f665dea1b448519f531",
    "signerAddress": "0x2b1c7eff297766569966b630a6862947a8e5285a",
    "intentHash": "ba00dd27f577857d01efb97b8042239b0d877ea36ee8eb6db662991eb98f52b2",
    "compactSignature": "d8fac6bdb50210a520d9d19ebe80367f20abd9beeee1df8114ec34d63dca74e2762d9f104e4026b10e81113b2e52ee6f03043a7ff03f3f5153d40d48bc7c1ec3"
  }
}
[1G[0K⠙[1G[0K[rerun] preview:intent:create-and-sign --state ./state/preview_rerun_20260515-130925/config-bootstrap.json --intent-type OracleUpdate --symbol MATIC/USD --price 981000000 --source "DIA Oracle" --out ./state/preview_rerun_20260515-130925/intents/matic-usd-batch.signed.json

> @protofire/dia-cardano-oracle-cli@0.1.0 cli
> tsx src/index.ts preview:intent:create-and-sign --state ./state/preview_rerun_20260515-130925/config-bootstrap.json --intent-type OracleUpdate --symbol MATIC/USD --price 981000000 --source DIA Oracle --out ./state/preview_rerun_20260515-130925/intents/matic-usd-batch.signed.json

[1G[0K[cli] Wrote JSON output to /home/manuelpadilla/sources/reposUbuntu/PROTOFIRE/DIA/dia-cardano-oracle/offchain/cli/state/preview_rerun_20260515-130925/intents/matic-usd-batch.signed.json
{
  "intent": {
    "intentType": "OracleUpdate",
    "version": "1.0",
    "chainId": "100640",
    "nonce": "1778853651000",
    "expiry": "1778857251",
    "symbol": "MATIC/USD",
    "price": "981000000",
    "timestamp": "1778853651",
    "source": "DIA Oracle",
    "signature": "0x4f62521d95d235bff713f8173fbfc2454a441728f5adbb366fda665b1bf90d4476ace52ebe2122a3eedc5442d071623a276b48914d9d0f70f44603ea37eba5fd1c",
    "signer": "0x2b1c7eff297766569966b630a6862947a8e5285a"
  },
  "witness": {
    "signerPublicKey": "02d78ade9f8a9c064c8c588dba903df0cc0118596b9ec65f665dea1b448519f531",
    "signerAddress": "0x2b1c7eff297766569966b630a6862947a8e5285a",
    "intentHash": "50d2c61c30b048a30dd1a8ad64f641adca4cfbe39918babf8e0c8253ff51c11b",
    "compactSignature": "4f62521d95d235bff713f8173fbfc2454a441728f5adbb366fda665b1bf90d4476ace52ebe2122a3eedc5442d071623a276b48914d9d0f70f44603ea37eba5fd"
  }
}
[1G[0K⠙[1G[0K[rerun] preview:intent:create-and-sign --state ./state/preview_rerun_20260515-130925/config-bootstrap.json --intent-type OracleUpdate --symbol DOT/USD --price 421000000 --source "DIA Oracle" --out ./state/preview_rerun_20260515-130925/intents/dot-usd-batch.signed.json

> @protofire/dia-cardano-oracle-cli@0.1.0 cli
> tsx src/index.ts preview:intent:create-and-sign --state ./state/preview_rerun_20260515-130925/config-bootstrap.json --intent-type OracleUpdate --symbol DOT/USD --price 421000000 --source DIA Oracle --out ./state/preview_rerun_20260515-130925/intents/dot-usd-batch.signed.json

[1G[0K[cli] Wrote JSON output to /home/manuelpadilla/sources/reposUbuntu/PROTOFIRE/DIA/dia-cardano-oracle/offchain/cli/state/preview_rerun_20260515-130925/intents/dot-usd-batch.signed.json
{
  "intent": {
    "intentType": "OracleUpdate",
    "version": "1.0",
    "chainId": "100640",
    "nonce": "1778853651000",
    "expiry": "1778857251",
    "symbol": "DOT/USD",
    "price": "421000000",
    "timestamp": "1778853651",
    "source": "DIA Oracle",
    "signature": "0x3e0099f1393b9ab2100d11a0d38b9a7e904d0e72481cfcff18dd3f5f2ae8a1ab69d025e9db41c32f98dc911f7e14e40f932dd7aa80c0129e13c12f0b09552c9b1b",
    "signer": "0x2b1c7eff297766569966b630a6862947a8e5285a"
  },
  "witness": {
    "signerPublicKey": "02d78ade9f8a9c064c8c588dba903df0cc0118596b9ec65f665dea1b448519f531",
    "signerAddress": "0x2b1c7eff297766569966b630a6862947a8e5285a",
    "intentHash": "22a8843851e947a3056dcdc5d48ac567234758f9449523c68c03c15462deb29c",
    "compactSignature": "3e0099f1393b9ab2100d11a0d38b9a7e904d0e72481cfcff18dd3f5f2ae8a1ab69d025e9db41c32f98dc911f7e14e40f932dd7aa80c0129e13c12f0b09552c9b"
  }
}
[1G[0K⠙[1G[0K