
> @protofire/dia-cardano-oracle-cli@0.1.0 cli
> tsx src/index.ts preview:update --intent ./state/preview_rerun_20260506-084452/intents/usdc-usd.signed.json --protocol-state ./state/preview_rerun_20260506-084452/config-bootstrap.json --client-state ./state/preview_rerun_20260506-084452/clients/client-a.json --state ./state/preview_rerun_20260506-084452/clients/client-a/pairs/usdc-usd.json

[1G[0K[preview:update] Loading signed intent from /home/manuelpadilla/sources/reposUbuntu/PROTOFIRE/DIA/dia-cardano-oracle/offchain/cli/state/preview_rerun_20260506-084452/intents/usdc-usd.signed.json
[preview:update] Loading client and protocol state
[preview:update] Connecting to Preview and selecting the configured wallet
[preview:update] Building Preview oracle update transaction
[preview:update] Tx resources: fee=0.697579 ADA (697579 lovelace), cpu=727038683, mem=1871968
[preview:update] Output[0] | addr=addr_test1wqfz...yf9twd | lovelace=5.000000 ADA (5000000) | assets=122d94207291...d4c1ac=1 | datum=inline(92B)
[preview:update] Output[1] | addr=addr_test1wrvp...2kple9 | lovelace=35.000000 ADA (35000000) | assets=d81b5bea65f0...545f41=1 | datum=inline(19B)
[preview:update] Output[2] | addr=addr_test1qpgp...quxj3j | lovelace=5765.442036 ADA (5765442036)
[preview:update] Unsigned transaction ready: b29449f64b15cfde6526c8a4e29c49d81cac56aea5de1ab478790bcfa0a84fcc
[preview:update] Submitted transaction hash: b29449f64b15cfde6526c8a4e29c49d81cac56aea5de1ab478790bcfa0a84fcc
[preview:update] Confirmed by Blockfrost: oracle update transaction b29449f64b15cfde6526c8a4e29c49d81cac56aea5de1ab478790bcfa0a84fcc.
[cli] Wrote JSON output to /home/manuelpadilla/sources/reposUbuntu/PROTOFIRE/DIA/dia-cardano-oracle/offchain/cli/state/preview_rerun_20260506-084452/clients/client-a/pairs/usdc-usd.json
{
  "wallet": {
    "source": "seed",
    "address": "addr_test1qpgpsm75w7l9u6au7shqzsaulrtxz2gp6xw9zhun70es6tt4t3wsjavx26kmh586erf8xxhqc2y7urq5az32sjv56nyqquxj3j"
  },
  "pair": {
    "tokenName": "0156dbaa55902bb40ff6c461c8b2b59c70ebbe3786e51e5e75a8bc1cbad4c1ac",
    "pairId": "555344432f555344",
    "pairUnit": "122d94207291b7aa97efe85b4a23fe20c00dbdf7ec28d3604313ec2a0156dbaa55902bb40ff6c461c8b2b59c70ebbe3786e51e5e75a8bc1cbad4c1ac",
    "pairValidatorAddress": "addr_test1wqfzm9pqw2gm025hal59kj3rlcsvqrda7lkz35mqgvf7c2syf9twd"
  },
  "pairState": {
    "pairId": "555344432f555344",
    "price": "100045678",
    "timestamp": "1778057704",
    "nonce": "1778057704000",
    "intentHash": "d8b95867709f4b6306a84b0a108159f59c1f2e406187b47d25c85be73c4b291b",
    "signer": "2b1c7eff297766569966b630a6862947a8e5285a",
    "minUtxoLovelace": "5000000",
    "intent": {
      "intentType": "OracleUpdate",
      "version": "1.0",
      "chainId": "100640",
      "nonce": "1778057704000",
      "expiry": "1778061304",
      "symbol": "USDC/USD",
      "price": "100045678",
      "timestamp": "1778057704",
      "source": "DIA Oracle",
      "signature": "cd7ebde40bdb2717ff284d661d90b62b1afb3fe5701b9cf919f716b6c00e9bc262f50c7cb9c700e698adebffc146b2b41337104cd2b933d62b3fcb63bb690b271b",
      "signer": "0x2b1c7eff297766569966b630a6862947a8e5285a"
    }
  },
  "datum": {
    "pairCbor": "d8799f48555344432f5553441a05f6936e1a69fb01e81b0000019dfc7f72405820d8b95867709f4b6306a84b0a108159f59c1f2e406187b47d25c85be73c4b291b542b1c7eff297766569966b630a6862947a8e5285a1a004c4b40ff"
  },
  "transactions": [
    {
      "step": "preview:update",
      "submittedTxHash": "b29449f64b15cfde6526c8a4e29c49d81cac56aea5de1ab478790bcfa0a84fcc",
      "confirmed": true
    }
  ]
}
[1G[0K⠙[1G[0K