[rerun] preview:intent:create-and-sign --state ./state/preview_rerun_20260506-084452/config-bootstrap.json --intent-type OracleUpdate --symbol USDC/USD --price 100045678 --source "DIA Oracle" --out ./state/preview_rerun_20260506-084452/intents/usdc-usd.signed.json

> @protofire/dia-cardano-oracle-cli@0.1.0 cli
> tsx src/index.ts preview:intent:create-and-sign --state ./state/preview_rerun_20260506-084452/config-bootstrap.json --intent-type OracleUpdate --symbol USDC/USD --price 100045678 --source DIA Oracle --out ./state/preview_rerun_20260506-084452/intents/usdc-usd.signed.json

[1G[0K[cli] Wrote JSON output to /home/manuelpadilla/sources/reposUbuntu/PROTOFIRE/DIA/dia-cardano-oracle/offchain/cli/state/preview_rerun_20260506-084452/intents/usdc-usd.signed.json
{
  "intent": {
    "intentType": "OracleUpdate",
    "version": "1.0",
    "chainId": "100640",
    "nonce": "1778057704000",
    "expiry": "1778061304",
    "symbol": "USDC/USD",
    "price": "100045678",
    "timestamp": "1778057704",
    "source": "DIA Oracle",
    "signature": "0xcd7ebde40bdb2717ff284d661d90b62b1afb3fe5701b9cf919f716b6c00e9bc262f50c7cb9c700e698adebffc146b2b41337104cd2b933d62b3fcb63bb690b271b",
    "signer": "0x2b1c7eff297766569966b630a6862947a8e5285a"
  },
  "witness": {
    "signerPublicKey": "02d78ade9f8a9c064c8c588dba903df0cc0118596b9ec65f665dea1b448519f531",
    "signerAddress": "0x2b1c7eff297766569966b630a6862947a8e5285a",
    "intentHash": "d8b95867709f4b6306a84b0a108159f59c1f2e406187b47d25c85be73c4b291b",
    "compactSignature": "cd7ebde40bdb2717ff284d661d90b62b1afb3fe5701b9cf919f716b6c00e9bc262f50c7cb9c700e698adebffc146b2b41337104cd2b933d62b3fcb63bb690b27"
  }
}
[1G[0K⠙[1G[0K