[rerun] preview:intent:create-and-sign --state ./state/preview_rerun_20260506-084452/config-bootstrap.json --intent-type OracleUpdate --symbol BTC/USD --price 6000000000000 --source "DIA Oracle" --out ./state/preview_rerun_20260506-084452/intents/btc-usd.signed.json

> @protofire/dia-cardano-oracle-cli@0.1.0 cli
> tsx src/index.ts preview:intent:create-and-sign --state ./state/preview_rerun_20260506-084452/config-bootstrap.json --intent-type OracleUpdate --symbol BTC/USD --price 6000000000000 --source DIA Oracle --out ./state/preview_rerun_20260506-084452/intents/btc-usd.signed.json

[1G[0K[cli] Wrote JSON output to /home/manuelpadilla/sources/reposUbuntu/PROTOFIRE/DIA/dia-cardano-oracle/offchain/cli/state/preview_rerun_20260506-084452/intents/btc-usd.signed.json
{
  "intent": {
    "intentType": "OracleUpdate",
    "version": "1.0",
    "chainId": "100640",
    "nonce": "1778057768000",
    "expiry": "1778061368",
    "symbol": "BTC/USD",
    "price": "6000000000000",
    "timestamp": "1778057768",
    "source": "DIA Oracle",
    "signature": "0x40aea9afde2f9b838df081ab2ed5a79d103765f19463a24cb4d3c75fa6242ea37d9f427472b26bf16bab375f77eaccfda5e0f6ffa03e912cd6a6c867347e305c1b",
    "signer": "0x2b1c7eff297766569966b630a6862947a8e5285a"
  },
  "witness": {
    "signerPublicKey": "02d78ade9f8a9c064c8c588dba903df0cc0118596b9ec65f665dea1b448519f531",
    "signerAddress": "0x2b1c7eff297766569966b630a6862947a8e5285a",
    "intentHash": "68e819dd0ea4705315b5a95689c0bb1402b9574b77c1e732cc07c988e34d582a",
    "compactSignature": "40aea9afde2f9b838df081ab2ed5a79d103765f19463a24cb4d3c75fa6242ea37d9f427472b26bf16bab375f77eaccfda5e0f6ffa03e912cd6a6c867347e305c"
  }
}
[1G[0K⠙[1G[0K