
> @protofire/dia-cardano-oracle-cli@0.1.0 cli
> tsx src/index.ts preview:update --intent ./state/preview_rerun_20260506-084452/intents/eth-usd.signed.json --protocol-state ./state/preview_rerun_20260506-084452/config-bootstrap.json --client-state ./state/preview_rerun_20260506-084452/clients/client-a.json --state ./state/preview_rerun_20260506-084452/clients/client-a/pairs/eth-usd.json

[1G[0K[preview:update] Loading signed intent from /home/manuelpadilla/sources/reposUbuntu/PROTOFIRE/DIA/dia-cardano-oracle/offchain/cli/state/preview_rerun_20260506-084452/intents/eth-usd.signed.json
[preview:update] Loading client and protocol state
[preview:update] Connecting to Preview and selecting the configured wallet
[preview:update] Building Preview oracle update transaction
[preview:update] Tx resources: fee=0.697843 ADA (697843 lovelace), cpu=727038683, mem=1871968
[preview:update] Output[0] | addr=addr_test1wqfz...yf9twd | lovelace=5.000000 ADA (5000000) | assets=122d94207291...3849f4=1 | datum=inline(95B)
[preview:update] Output[1] | addr=addr_test1wrvp...2kple9 | lovelace=35.000000 ADA (35000000) | assets=d81b5bea65f0...545f41=1 | datum=inline(19B)
[preview:update] Output[2] | addr=addr_test1qpgp...quxj3j | lovelace=5754.046350 ADA (5754046350)
[preview:update] Unsigned transaction ready: 0a42484a86eef0266d320e53de58aa25edd76753af556ac38af40338e35b9335
[preview:update] Submitted transaction hash: 0a42484a86eef0266d320e53de58aa25edd76753af556ac38af40338e35b9335
[preview:update] Confirmed by Blockfrost: oracle update transaction 0a42484a86eef0266d320e53de58aa25edd76753af556ac38af40338e35b9335.
[cli] Wrote JSON output to /home/manuelpadilla/sources/reposUbuntu/PROTOFIRE/DIA/dia-cardano-oracle/offchain/cli/state/preview_rerun_20260506-084452/clients/client-a/pairs/eth-usd.json
{
  "wallet": {
    "source": "seed",
    "address": "addr_test1qpgpsm75w7l9u6au7shqzsaulrtxz2gp6xw9zhun70es6tt4t3wsjavx26kmh586erf8xxhqc2y7urq5az32sjv56nyqquxj3j"
  },
  "pair": {
    "tokenName": "3d7739c2406edbe3bb594b8f762cf67a2c889a162f2234dc17841f61d33849f4",
    "pairId": "4554482f555344",
    "pairUnit": "122d94207291b7aa97efe85b4a23fe20c00dbdf7ec28d3604313ec2a3d7739c2406edbe3bb594b8f762cf67a2c889a162f2234dc17841f61d33849f4",
    "pairValidatorAddress": "addr_test1wqfzm9pqw2gm025hal59kj3rlcsvqrda7lkz35mqgvf7c2syf9twd"
  },
  "pairState": {
    "pairId": "4554482f555344",
    "price": "250000000000",
    "timestamp": "1778057877",
    "nonce": "1778057877000",
    "intentHash": "92855c7cfc7e0dbeeda09dc3d1a989e1a5c4af3126e25bb8516bee0714f126e2",
    "signer": "2b1c7eff297766569966b630a6862947a8e5285a",
    "minUtxoLovelace": "5000000",
    "intent": {
      "intentType": "OracleUpdate",
      "version": "1.0",
      "chainId": "100640",
      "nonce": "1778057877000",
      "expiry": "1778061477",
      "symbol": "ETH/USD",
      "price": "250000000000",
      "timestamp": "1778057877",
      "source": "DIA Oracle",
      "signature": "9718a73ed52c261ee5219a28c1ea464bf386dcb2e5daaab5125d39ec0155eea926eb226835003fef52a8079ceb84e96ddecb30e0ad2ee994ed7258532fb2763f1b",
      "signer": "0x2b1c7eff297766569966b630a6862947a8e5285a"
    }
  },
  "datum": {
    "pairCbor": "d8799f474554482f5553441b0000003a352944001a69fb02951b0000019dfc821608582092855c7cfc7e0dbeeda09dc3d1a989e1a5c4af3126e25bb8516bee0714f126e2542b1c7eff297766569966b630a6862947a8e5285a1a004c4b40ff"
  },
  "transactions": [
    {
      "step": "preview:update",
      "submittedTxHash": "0a42484a86eef0266d320e53de58aa25edd76753af556ac38af40338e35b9335",
      "confirmed": true
    }
  ]
}
[1G[0K⠙[1G[0K