[rerun] preview:intent:create-and-sign --state ./state/preview_rerun_20260506-084452/config-bootstrap.json --intent-type OracleUpdate --symbol ETH/USD --price 250000000000 --source "DIA Oracle" --out ./state/preview_rerun_20260506-084452/intents/eth-usd.signed.json

> @protofire/dia-cardano-oracle-cli@0.1.0 cli
> tsx src/index.ts preview:intent:create-and-sign --state ./state/preview_rerun_20260506-084452/config-bootstrap.json --intent-type OracleUpdate --symbol ETH/USD --price 250000000000 --source DIA Oracle --out ./state/preview_rerun_20260506-084452/intents/eth-usd.signed.json

[1G[0K[cli] Wrote JSON output to /home/manuelpadilla/sources/reposUbuntu/PROTOFIRE/DIA/dia-cardano-oracle/offchain/cli/state/preview_rerun_20260506-084452/intents/eth-usd.signed.json
{
  "intent": {
    "intentType": "OracleUpdate",
    "version": "1.0",
    "chainId": "100640",
    "nonce": "1778057877000",
    "expiry": "1778061477",
    "symbol": "ETH/USD",
    "price": "250000000000",
    "timestamp": "1778057877",
    "source": "DIA Oracle",
    "signature": "0x9718a73ed52c261ee5219a28c1ea464bf386dcb2e5daaab5125d39ec0155eea926eb226835003fef52a8079ceb84e96ddecb30e0ad2ee994ed7258532fb2763f1b",
    "signer": "0x2b1c7eff297766569966b630a6862947a8e5285a"
  },
  "witness": {
    "signerPublicKey": "02d78ade9f8a9c064c8c588dba903df0cc0118596b9ec65f665dea1b448519f531",
    "signerAddress": "0x2b1c7eff297766569966b630a6862947a8e5285a",
    "intentHash": "92855c7cfc7e0dbeeda09dc3d1a989e1a5c4af3126e25bb8516bee0714f126e2",
    "compactSignature": "9718a73ed52c261ee5219a28c1ea464bf386dcb2e5daaab5125d39ec0155eea926eb226835003fef52a8079ceb84e96ddecb30e0ad2ee994ed7258532fb2763f"
  }
}
[1G[0K⠙[1G[0K