[rerun] preview:intent:create-and-sign --state ./state/preview_rerun_20260506-084452/config-bootstrap.json --intent-type OracleUpdate --symbol ADA/USD --price 750000000 --source "DIA Oracle" --out ./state/preview_rerun_20260506-084452/intents/ada-usd.signed.json

> @protofire/dia-cardano-oracle-cli@0.1.0 cli
> tsx src/index.ts preview:intent:create-and-sign --state ./state/preview_rerun_20260506-084452/config-bootstrap.json --intent-type OracleUpdate --symbol ADA/USD --price 750000000 --source DIA Oracle --out ./state/preview_rerun_20260506-084452/intents/ada-usd.signed.json

[1G[0K[cli] Wrote JSON output to /home/manuelpadilla/sources/reposUbuntu/PROTOFIRE/DIA/dia-cardano-oracle/offchain/cli/state/preview_rerun_20260506-084452/intents/ada-usd.signed.json
{
  "intent": {
    "intentType": "OracleUpdate",
    "version": "1.0",
    "chainId": "100640",
    "nonce": "1778057945000",
    "expiry": "1778061545",
    "symbol": "ADA/USD",
    "price": "750000000",
    "timestamp": "1778057945",
    "source": "DIA Oracle",
    "signature": "0xf830473b1b4f4c34968b370a58b0284919d1e57832f4491afa1d2200de725d07707ba2814fb2032b9bcd8b0203994496bdb68c23149c17e7e647be4f4714c8f11c",
    "signer": "0x2b1c7eff297766569966b630a6862947a8e5285a"
  },
  "witness": {
    "signerPublicKey": "02d78ade9f8a9c064c8c588dba903df0cc0118596b9ec65f665dea1b448519f531",
    "signerAddress": "0x2b1c7eff297766569966b630a6862947a8e5285a",
    "intentHash": "ccda5d15f5da5649c696dedf9c70ae167b378d69da9fd6cd2f1919985690cf8f",
    "compactSignature": "f830473b1b4f4c34968b370a58b0284919d1e57832f4491afa1d2200de725d07707ba2814fb2032b9bcd8b0203994496bdb68c23149c17e7e647be4f4714c8f1"
  }
}
[1G[0K⠙[1G[0K