[rerun] preview:intent:create-and-sign --state ./state/preview_rerun_20260506-084452/config-bootstrap.json --intent-type OracleUpdate --symbol USDT/USD --price 100001234 --source "DIA Oracle" --out ./state/preview_rerun_20260506-084452/intents/usdt-usd.signed.json

> @protofire/dia-cardano-oracle-cli@0.1.0 cli
> tsx src/index.ts preview:intent:create-and-sign --state ./state/preview_rerun_20260506-084452/config-bootstrap.json --intent-type OracleUpdate --symbol USDT/USD --price 100001234 --source DIA Oracle --out ./state/preview_rerun_20260506-084452/intents/usdt-usd.signed.json

[1G[0K[cli] Wrote JSON output to /home/manuelpadilla/sources/reposUbuntu/PROTOFIRE/DIA/dia-cardano-oracle/offchain/cli/state/preview_rerun_20260506-084452/intents/usdt-usd.signed.json
{
  "intent": {
    "intentType": "OracleUpdate",
    "version": "1.0",
    "chainId": "100640",
    "nonce": "1778058023000",
    "expiry": "1778061623",
    "symbol": "USDT/USD",
    "price": "100001234",
    "timestamp": "1778058023",
    "source": "DIA Oracle",
    "signature": "0x175b4e8f12dfa36289176d50670e3b61450ec133626f3ec53a4bd008de87b9c456e3a88318fae0dbce4e71c2de771c6f42989040f189c8d4d10feb15e4601c3f1c",
    "signer": "0x2b1c7eff297766569966b630a6862947a8e5285a"
  },
  "witness": {
    "signerPublicKey": "02d78ade9f8a9c064c8c588dba903df0cc0118596b9ec65f665dea1b448519f531",
    "signerAddress": "0x2b1c7eff297766569966b630a6862947a8e5285a",
    "intentHash": "e1f6f54c9e0f8ae40a69530a29fabcf03c51e68048437932d557c691b755456f",
    "compactSignature": "175b4e8f12dfa36289176d50670e3b61450ec133626f3ec53a4bd008de87b9c456e3a88318fae0dbce4e71c2de771c6f42989040f189c8d4d10feb15e4601c3f"
  }
}
[1G[0K⠙[1G[0K