[rerun] preview:intent:create-and-sign --state ./state/preview_rerun_20260506-084452/config-bootstrap.json --intent-type OracleUpdate --symbol SOL/USD --price 18500000000 --source "DIA Oracle" --out ./state/preview_rerun_20260506-084452/intents/sol-usd.signed.json

> @protofire/dia-cardano-oracle-cli@0.1.0 cli
> tsx src/index.ts preview:intent:create-and-sign --state ./state/preview_rerun_20260506-084452/config-bootstrap.json --intent-type OracleUpdate --symbol SOL/USD --price 18500000000 --source DIA Oracle --out ./state/preview_rerun_20260506-084452/intents/sol-usd.signed.json

[1G[0K[cli] Wrote JSON output to /home/manuelpadilla/sources/reposUbuntu/PROTOFIRE/DIA/dia-cardano-oracle/offchain/cli/state/preview_rerun_20260506-084452/intents/sol-usd.signed.json
{
  "intent": {
    "intentType": "OracleUpdate",
    "version": "1.0",
    "chainId": "100640",
    "nonce": "1778058224000",
    "expiry": "1778061824",
    "symbol": "SOL/USD",
    "price": "18500000000",
    "timestamp": "1778058224",
    "source": "DIA Oracle",
    "signature": "0xd6a444f431d8f49cdf17214467635f706ab86f9f13fdb18dbde1049050ad671356e6416e6cd2532ca3793cc00ab2647bb5390621ff2a2fd82aa7ce86dcbcbd7e1b",
    "signer": "0x2b1c7eff297766569966b630a6862947a8e5285a"
  },
  "witness": {
    "signerPublicKey": "02d78ade9f8a9c064c8c588dba903df0cc0118596b9ec65f665dea1b448519f531",
    "signerAddress": "0x2b1c7eff297766569966b630a6862947a8e5285a",
    "intentHash": "df0d1a64546795d4aa3ef435449fe87315bb3b1679888946ef9b7615a3b83229",
    "compactSignature": "d6a444f431d8f49cdf17214467635f706ab86f9f13fdb18dbde1049050ad671356e6416e6cd2532ca3793cc00ab2647bb5390621ff2a2fd82aa7ce86dcbcbd7e"
  }
}
[1G[0K⠙[1G[0K