
> @protofire/dia-cardano-oracle-cli@0.1.0 cli
> tsx src/index.ts preview:update --intent ./state/preview_rerun_20260506-084452/intents/bnb-usd.signed.json --protocol-state ./state/preview_rerun_20260506-084452/config-bootstrap.json --client-state ./state/preview_rerun_20260506-084452/clients/client-a.json --state ./state/preview_rerun_20260506-084452/clients/client-a/pairs/bnb-usd.json

[1G[0K[preview:update] Loading signed intent from /home/manuelpadilla/sources/reposUbuntu/PROTOFIRE/DIA/dia-cardano-oracle/offchain/cli/state/preview_rerun_20260506-084452/intents/bnb-usd.signed.json
[preview:update] Loading client and protocol state
[preview:update] Connecting to Preview and selecting the configured wallet
[preview:update] Building Preview oracle update transaction
[preview:update] Tx resources: fee=0.697843 ADA (697843 lovelace), cpu=727038683, mem=1871968
[preview:update] Output[0] | addr=addr_test1wqfz...yf9twd | lovelace=5.000000 ADA (5000000) | assets=122d94207291...30b101=1 | datum=inline(95B)
[preview:update] Output[1] | addr=addr_test1wrvp...2kple9 | lovelace=35.000000 ADA (35000000) | assets=d81b5bea65f0...545f41=1 | datum=inline(19B)
[preview:update] Output[2] | addr=addr_test1qpgp...quxj3j | lovelace=5725.558103 ADA (5725558103)
[preview:update] Unsigned transaction ready: 3475da9c4bff95a5c9b824ec250a301d286bc3cb9dd482d4887e699cdf935e4d
[preview:update] Submitted transaction hash: 3475da9c4bff95a5c9b824ec250a301d286bc3cb9dd482d4887e699cdf935e4d
[preview:update] Confirmed by Blockfrost: oracle update transaction 3475da9c4bff95a5c9b824ec250a301d286bc3cb9dd482d4887e699cdf935e4d.
[cli] Wrote JSON output to /home/manuelpadilla/sources/reposUbuntu/PROTOFIRE/DIA/dia-cardano-oracle/offchain/cli/state/preview_rerun_20260506-084452/clients/client-a/pairs/bnb-usd.json
{
  "wallet": {
    "source": "seed",
    "address": "addr_test1qpgpsm75w7l9u6au7shqzsaulrtxz2gp6xw9zhun70es6tt4t3wsjavx26kmh586erf8xxhqc2y7urq5az32sjv56nyqquxj3j"
  },
  "pair": {
    "tokenName": "09da81653014451f3a86d96589f6a9e5d97b4e8236a461c7b2edbe1bab30b101",
    "pairId": "424e422f555344",
    "pairUnit": "122d94207291b7aa97efe85b4a23fe20c00dbdf7ec28d3604313ec2a09da81653014451f3a86d96589f6a9e5d97b4e8236a461c7b2edbe1bab30b101",
    "pairValidatorAddress": "addr_test1wqfzm9pqw2gm025hal59kj3rlcsvqrda7lkz35mqgvf7c2syf9twd"
  },
  "pairState": {
    "pairId": "424e422f555344",
    "price": "61500000000",
    "timestamp": "1778058320",
    "nonce": "1778058320000",
    "intentHash": "97763ec39e5ad7870091f9ba47538b6038ddeea9643b889cb59f0b3070b82734",
    "signer": "2b1c7eff297766569966b630a6862947a8e5285a",
    "minUtxoLovelace": "5000000",
    "intent": {
      "intentType": "OracleUpdate",
      "version": "1.0",
      "chainId": "100640",
      "nonce": "1778058320000",
      "expiry": "1778061920",
      "symbol": "BNB/USD",
      "price": "61500000000",
      "timestamp": "1778058320",
      "source": "DIA Oracle",
      "signature": "a2d49fb414a077a8bd9982dcab46bbbc062cc2864cea3757c6c4546075499ae4202d06a53ccec201d61ac471d577c8ebf82bf868f02839ba6ff3de37c48c655c1c",
      "signer": "0x2b1c7eff297766569966b630a6862947a8e5285a"
    }
  },
  "datum": {
    "pairCbor": "d8799f47424e422f5553441b0000000e51af87001a69fb04501b0000019dfc88d880582097763ec39e5ad7870091f9ba47538b6038ddeea9643b889cb59f0b3070b82734542b1c7eff297766569966b630a6862947a8e5285a1a004c4b40ff"
  },
  "transactions": [
    {
      "step": "preview:update",
      "submittedTxHash": "3475da9c4bff95a5c9b824ec250a301d286bc3cb9dd482d4887e699cdf935e4d",
      "confirmed": true
    }
  ]
}
[1G[0K⠙[1G[0K