[rerun] preview:intent:create-and-sign --state ./state/preview_rerun_20260506-084452/config-bootstrap.json --intent-type OracleUpdate --symbol BNB/USD --price 61500000000 --source "DIA Oracle" --out ./state/preview_rerun_20260506-084452/intents/bnb-usd.signed.json

> @protofire/dia-cardano-oracle-cli@0.1.0 cli
> tsx src/index.ts preview:intent:create-and-sign --state ./state/preview_rerun_20260506-084452/config-bootstrap.json --intent-type OracleUpdate --symbol BNB/USD --price 61500000000 --source DIA Oracle --out ./state/preview_rerun_20260506-084452/intents/bnb-usd.signed.json

[1G[0K[cli] Wrote JSON output to /home/manuelpadilla/sources/reposUbuntu/PROTOFIRE/DIA/dia-cardano-oracle/offchain/cli/state/preview_rerun_20260506-084452/intents/bnb-usd.signed.json
{
  "intent": {
    "intentType": "OracleUpdate",
    "version": "1.0",
    "chainId": "100640",
    "nonce": "1778058320000",
    "expiry": "1778061920",
    "symbol": "BNB/USD",
    "price": "61500000000",
    "timestamp": "1778058320",
    "source": "DIA Oracle",
    "signature": "0xa2d49fb414a077a8bd9982dcab46bbbc062cc2864cea3757c6c4546075499ae4202d06a53ccec201d61ac471d577c8ebf82bf868f02839ba6ff3de37c48c655c1c",
    "signer": "0x2b1c7eff297766569966b630a6862947a8e5285a"
  },
  "witness": {
    "signerPublicKey": "02d78ade9f8a9c064c8c588dba903df0cc0118596b9ec65f665dea1b448519f531",
    "signerAddress": "0x2b1c7eff297766569966b630a6862947a8e5285a",
    "intentHash": "97763ec39e5ad7870091f9ba47538b6038ddeea9643b889cb59f0b3070b82734",
    "compactSignature": "a2d49fb414a077a8bd9982dcab46bbbc062cc2864cea3757c6c4546075499ae4202d06a53ccec201d61ac471d577c8ebf82bf868f02839ba6ff3de37c48c655c"
  }
}
[1G[0K⠙[1G[0K