
> @protofire/dia-cardano-oracle-cli@0.1.0 cli
> tsx src/index.ts preview:update --intent ./state/preview_rerun_20260506-084452/intents/xrp-usd.signed.json --protocol-state ./state/preview_rerun_20260506-084452/config-bootstrap.json --client-state ./state/preview_rerun_20260506-084452/clients/client-a.json --state ./state/preview_rerun_20260506-084452/clients/client-a/pairs/xrp-usd.json

[1G[0K[preview:update] Loading signed intent from /home/manuelpadilla/sources/reposUbuntu/PROTOFIRE/DIA/dia-cardano-oracle/offchain/cli/state/preview_rerun_20260506-084452/intents/xrp-usd.signed.json
[preview:update] Loading client and protocol state
[preview:update] Connecting to Preview and selecting the configured wallet
[preview:update] Building Preview oracle update transaction
[preview:update] Tx resources: fee=0.697491 ADA (697491 lovelace), cpu=727038683, mem=1871968
[preview:update] Output[0] | addr=addr_test1wqfz...yf9twd | lovelace=5.000000 ADA (5000000) | assets=122d94207291...eed0bc=1 | datum=inline(91B)
[preview:update] Output[1] | addr=addr_test1wrvp...2kple9 | lovelace=35.000000 ADA (35000000) | assets=d81b5bea65f0...545f41=1 | datum=inline(19B)
[preview:update] Output[2] | addr=addr_test1qpgp...quxj3j | lovelace=5719.860612 ADA (5719860612)
[preview:update] Unsigned transaction ready: 830ada87d85f8c2608a253c1b248a245cdef323866efa8be55b96f5e6938eb0f
[preview:update] Submitted transaction hash: 830ada87d85f8c2608a253c1b248a245cdef323866efa8be55b96f5e6938eb0f
[preview:update] Confirmed by Blockfrost: oracle update transaction 830ada87d85f8c2608a253c1b248a245cdef323866efa8be55b96f5e6938eb0f.
[cli] Wrote JSON output to /home/manuelpadilla/sources/reposUbuntu/PROTOFIRE/DIA/dia-cardano-oracle/offchain/cli/state/preview_rerun_20260506-084452/clients/client-a/pairs/xrp-usd.json
{
  "wallet": {
    "source": "seed",
    "address": "addr_test1qpgpsm75w7l9u6au7shqzsaulrtxz2gp6xw9zhun70es6tt4t3wsjavx26kmh586erf8xxhqc2y7urq5az32sjv56nyqquxj3j"
  },
  "pair": {
    "tokenName": "bac7b9f5648596883156b7004ce94ebb55cc5049bd65b93188cd724e9feed0bc",
    "pairId": "5852502f555344",
    "pairUnit": "122d94207291b7aa97efe85b4a23fe20c00dbdf7ec28d3604313ec2abac7b9f5648596883156b7004ce94ebb55cc5049bd65b93188cd724e9feed0bc",
    "pairValidatorAddress": "addr_test1wqfzm9pqw2gm025hal59kj3rlcsvqrda7lkz35mqgvf7c2syf9twd"
  },
  "pairState": {
    "pairId": "5852502f555344",
    "price": "520000000",
    "timestamp": "1778058421",
    "nonce": "1778058421000",
    "intentHash": "0af56b93b4d2e61babd9ce62c36fcaf93fa1f344298190868eed84a49d33a8b9",
    "signer": "2b1c7eff297766569966b630a6862947a8e5285a",
    "minUtxoLovelace": "5000000",
    "intent": {
      "intentType": "OracleUpdate",
      "version": "1.0",
      "chainId": "100640",
      "nonce": "1778058421000",
      "expiry": "1778062021",
      "symbol": "XRP/USD",
      "price": "520000000",
      "timestamp": "1778058421",
      "source": "DIA Oracle",
      "signature": "6520775790996bc740baa5f2e6182bd2a7a3f22459f20bbe45df3ba1ad50543226fe9662a65a06051d65b4a1e7fffd4bf01f3aabb693d243ef270c26539131b01c",
      "signer": "0x2b1c7eff297766569966b630a6862947a8e5285a"
    }
  },
  "datum": {
    "pairCbor": "d8799f475852502f5553441a1efe92001a69fb04b51b0000019dfc8a630858200af56b93b4d2e61babd9ce62c36fcaf93fa1f344298190868eed84a49d33a8b9542b1c7eff297766569966b630a6862947a8e5285a1a004c4b40ff"
  },
  "transactions": [
    {
      "step": "preview:update",
      "submittedTxHash": "830ada87d85f8c2608a253c1b248a245cdef323866efa8be55b96f5e6938eb0f",
      "confirmed": true
    }
  ]
}
[1G[0K⠙[1G[0K