
> @protofire/dia-cardano-oracle-cli@0.1.0 cli
> tsx src/index.ts preview:update --intent ./state/preview_rerun_20260506-084452/intents/matic-usd.signed.json --protocol-state ./state/preview_rerun_20260506-084452/config-bootstrap.json --client-state ./state/preview_rerun_20260506-084452/clients/client-a.json --state ./state/preview_rerun_20260506-084452/clients/client-a/pairs/matic-usd.json

[1G[0K[preview:update] Loading signed intent from /home/manuelpadilla/sources/reposUbuntu/PROTOFIRE/DIA/dia-cardano-oracle/offchain/cli/state/preview_rerun_20260506-084452/intents/matic-usd.signed.json
[preview:update] Loading client and protocol state
[preview:update] Connecting to Preview and selecting the configured wallet
[preview:update] Building Preview oracle update transaction
[preview:update] Tx resources: fee=0.697677 ADA (697677 lovelace), cpu=727184612, mem=1871968
[preview:update] Output[0] | addr=addr_test1wqfz...yf9twd | lovelace=5.000000 ADA (5000000) | assets=122d94207291...57e571=1 | datum=inline(93B)
[preview:update] Output[1] | addr=addr_test1wrvp...2kple9 | lovelace=35.000000 ADA (35000000) | assets=d81b5bea65f0...545f41=1 | datum=inline(19B)
[preview:update] Output[2] | addr=addr_test1qpgp...quxj3j | lovelace=5714.162935 ADA (5714162935)
[preview:update] Unsigned transaction ready: 09bf42c7dbe432e853937b64b39dbfd9027eeb094df625576c6c8731f10c0d87
[preview:update] Submitted transaction hash: 09bf42c7dbe432e853937b64b39dbfd9027eeb094df625576c6c8731f10c0d87
[preview:update] Confirmed by Blockfrost: oracle update transaction 09bf42c7dbe432e853937b64b39dbfd9027eeb094df625576c6c8731f10c0d87.
[cli] Wrote JSON output to /home/manuelpadilla/sources/reposUbuntu/PROTOFIRE/DIA/dia-cardano-oracle/offchain/cli/state/preview_rerun_20260506-084452/clients/client-a/pairs/matic-usd.json
{
  "wallet": {
    "source": "seed",
    "address": "addr_test1qpgpsm75w7l9u6au7shqzsaulrtxz2gp6xw9zhun70es6tt4t3wsjavx26kmh586erf8xxhqc2y7urq5az32sjv56nyqquxj3j"
  },
  "pair": {
    "tokenName": "d2a1402553abe60aecdea3464be08e7ced64530fea0989b8fdfd49351157e571",
    "pairId": "4d415449432f555344",
    "pairUnit": "122d94207291b7aa97efe85b4a23fe20c00dbdf7ec28d3604313ec2ad2a1402553abe60aecdea3464be08e7ced64530fea0989b8fdfd49351157e571",
    "pairValidatorAddress": "addr_test1wqfzm9pqw2gm025hal59kj3rlcsvqrda7lkz35mqgvf7c2syf9twd"
  },
  "pairState": {
    "pairId": "4d415449432f555344",
    "price": "980000000",
    "timestamp": "1778058511",
    "nonce": "1778058511000",
    "intentHash": "bbc545a5ca91de7020b4b90b39f148ad95eabcd42d077dd35fccd7358822c324",
    "signer": "2b1c7eff297766569966b630a6862947a8e5285a",
    "minUtxoLovelace": "5000000",
    "intent": {
      "intentType": "OracleUpdate",
      "version": "1.0",
      "chainId": "100640",
      "nonce": "1778058511000",
      "expiry": "1778062111",
      "symbol": "MATIC/USD",
      "price": "980000000",
      "timestamp": "1778058511",
      "source": "DIA Oracle",
      "signature": "b8459258d42e8bba143d6cce239aa2119cfe39fc1fa251a37eb7a94ddc7d73d67bb682127469c0dc6f3a0a9d3aeb56549b1ec64cb8a12b94fd58de12a89797a21c",
      "signer": "0x2b1c7eff297766569966b630a6862947a8e5285a"
    }
  },
  "datum": {
    "pairCbor": "d8799f494d415449432f5553441a3a699d001a69fb050f1b0000019dfc8bc2985820bbc545a5ca91de7020b4b90b39f148ad95eabcd42d077dd35fccd7358822c324542b1c7eff297766569966b630a6862947a8e5285a1a004c4b40ff"
  },
  "transactions": [
    {
      "step": "preview:update",
      "submittedTxHash": "09bf42c7dbe432e853937b64b39dbfd9027eeb094df625576c6c8731f10c0d87",
      "confirmed": true
    }
  ]
}
[1G[0K⠙[1G[0K