[rerun] preview:intent:create-and-sign --state ./state/preview_rerun_20260506-084452/config-bootstrap.json --intent-type OracleUpdate --symbol MATIC/USD --price 980000000 --source "DIA Oracle" --out ./state/preview_rerun_20260506-084452/intents/matic-usd.signed.json

> @protofire/dia-cardano-oracle-cli@0.1.0 cli
> tsx src/index.ts preview:intent:create-and-sign --state ./state/preview_rerun_20260506-084452/config-bootstrap.json --intent-type OracleUpdate --symbol MATIC/USD --price 980000000 --source DIA Oracle --out ./state/preview_rerun_20260506-084452/intents/matic-usd.signed.json

[1G[0K[cli] Wrote JSON output to /home/manuelpadilla/sources/reposUbuntu/PROTOFIRE/DIA/dia-cardano-oracle/offchain/cli/state/preview_rerun_20260506-084452/intents/matic-usd.signed.json
{
  "intent": {
    "intentType": "OracleUpdate",
    "version": "1.0",
    "chainId": "100640",
    "nonce": "1778058511000",
    "expiry": "1778062111",
    "symbol": "MATIC/USD",
    "price": "980000000",
    "timestamp": "1778058511",
    "source": "DIA Oracle",
    "signature": "0xb8459258d42e8bba143d6cce239aa2119cfe39fc1fa251a37eb7a94ddc7d73d67bb682127469c0dc6f3a0a9d3aeb56549b1ec64cb8a12b94fd58de12a89797a21c",
    "signer": "0x2b1c7eff297766569966b630a6862947a8e5285a"
  },
  "witness": {
    "signerPublicKey": "02d78ade9f8a9c064c8c588dba903df0cc0118596b9ec65f665dea1b448519f531",
    "signerAddress": "0x2b1c7eff297766569966b630a6862947a8e5285a",
    "intentHash": "bbc545a5ca91de7020b4b90b39f148ad95eabcd42d077dd35fccd7358822c324",
    "compactSignature": "b8459258d42e8bba143d6cce239aa2119cfe39fc1fa251a37eb7a94ddc7d73d67bb682127469c0dc6f3a0a9d3aeb56549b1ec64cb8a12b94fd58de12a89797a2"
  }
}
[1G[0K⠙[1G[0K