
> @protofire/dia-cardano-oracle-cli@0.1.0 cli
> tsx src/index.ts preview:update --intent ./state/preview_rerun_20260506-084452/intents/dot-usd.signed.json --protocol-state ./state/preview_rerun_20260506-084452/config-bootstrap.json --client-state ./state/preview_rerun_20260506-084452/clients/client-a.json --state ./state/preview_rerun_20260506-084452/clients/client-a/pairs/dot-usd.json

[1G[0K[preview:update] Loading signed intent from /home/manuelpadilla/sources/reposUbuntu/PROTOFIRE/DIA/dia-cardano-oracle/offchain/cli/state/preview_rerun_20260506-084452/intents/dot-usd.signed.json
[preview:update] Loading client and protocol state
[preview:update] Connecting to Preview and selecting the configured wallet
[preview:update] Building Preview oracle update transaction
[preview:update] Tx resources: fee=0.697491 ADA (697491 lovelace), cpu=727038683, mem=1871968
[preview:update] Output[0] | addr=addr_test1wqfz...yf9twd | lovelace=5.000000 ADA (5000000) | assets=122d94207291...52daee=1 | datum=inline(91B)
[preview:update] Output[1] | addr=addr_test1wrvp...2kple9 | lovelace=35.000000 ADA (35000000) | assets=d81b5bea65f0...545f41=1 | datum=inline(19B)
[preview:update] Output[2] | addr=addr_test1qpgp...quxj3j | lovelace=5708.465444 ADA (5708465444)
[preview:update] Unsigned transaction ready: 47d93be1eb3a317b001e6d3458a88e844d945775251aab7089e1c83ac761ea59
[preview:update] Submitted transaction hash: 47d93be1eb3a317b001e6d3458a88e844d945775251aab7089e1c83ac761ea59
[preview:update] Confirmed by Blockfrost: oracle update transaction 47d93be1eb3a317b001e6d3458a88e844d945775251aab7089e1c83ac761ea59.
[cli] Wrote JSON output to /home/manuelpadilla/sources/reposUbuntu/PROTOFIRE/DIA/dia-cardano-oracle/offchain/cli/state/preview_rerun_20260506-084452/clients/client-a/pairs/dot-usd.json
{
  "wallet": {
    "source": "seed",
    "address": "addr_test1qpgpsm75w7l9u6au7shqzsaulrtxz2gp6xw9zhun70es6tt4t3wsjavx26kmh586erf8xxhqc2y7urq5az32sjv56nyqquxj3j"
  },
  "pair": {
    "tokenName": "ff3f796230b336b4e5c8d3af0440cbe0346a64cdab5e9cba4a8e2f476152daee",
    "pairId": "444f542f555344",
    "pairUnit": "122d94207291b7aa97efe85b4a23fe20c00dbdf7ec28d3604313ec2aff3f796230b336b4e5c8d3af0440cbe0346a64cdab5e9cba4a8e2f476152daee",
    "pairValidatorAddress": "addr_test1wqfzm9pqw2gm025hal59kj3rlcsvqrda7lkz35mqgvf7c2syf9twd"
  },
  "pairState": {
    "pairId": "444f542f555344",
    "price": "420000000",
    "timestamp": "1778058601",
    "nonce": "1778058601000",
    "intentHash": "bb52c654d06a9c3847aab1ef680a647be3714593a8c7e55b0781079d71af7191",
    "signer": "2b1c7eff297766569966b630a6862947a8e5285a",
    "minUtxoLovelace": "5000000",
    "intent": {
      "intentType": "OracleUpdate",
      "version": "1.0",
      "chainId": "100640",
      "nonce": "1778058601000",
      "expiry": "1778062201",
      "symbol": "DOT/USD",
      "price": "420000000",
      "timestamp": "1778058601",
      "source": "DIA Oracle",
      "signature": "2bc76a6379477b83995d3ce087c55fd0c494fa046b2737b2e93ba475ab77bbb95bbcc26fa7cc4d4bfee969c33ef3cd9d7760851bd44630280c0ef3807d7833d51b",
      "signer": "0x2b1c7eff297766569966b630a6862947a8e5285a"
    }
  },
  "datum": {
    "pairCbor": "d8799f47444f542f5553441a1908b1001a69fb05691b0000019dfc8d22285820bb52c654d06a9c3847aab1ef680a647be3714593a8c7e55b0781079d71af7191542b1c7eff297766569966b630a6862947a8e5285a1a004c4b40ff"
  },
  "transactions": [
    {
      "step": "preview:update",
      "submittedTxHash": "47d93be1eb3a317b001e6d3458a88e844d945775251aab7089e1c83ac761ea59",
      "confirmed": true
    }
  ]
}
[1G[0K⠙[1G[0K