
> @protofire/dia-cardano-oracle-cli@0.1.0 cli
> tsx src/index.ts preview:settle --protocol-state ./state/preview_rerun_20260506-084452/config-bootstrap.json --client-state ./state/preview_rerun_20260506-084452/clients/client-a.json

[1G[0K[preview:settle] Loading protocol state from /home/manuelpadilla/sources/reposUbuntu/PROTOFIRE/DIA/dia-cardano-oracle/offchain/cli/state/preview_rerun_20260506-084452/config-bootstrap.json
[preview:settle] Loading client state from /home/manuelpadilla/sources/reposUbuntu/PROTOFIRE/DIA/dia-cardano-oracle/offchain/cli/state/preview_rerun_20260506-084452/clients/client-a.json
[preview:settle] Connecting to Preview and selecting the configured wallet
[preview:settle] Settling 34000000 lovelace from receiver to payment hook
[preview:settle] Building Preview settle transaction
[preview:settle] Tx resources: fee=0.758937 ADA (758937 lovelace), cpu=557457897, mem=1733173
[preview:settle] Output[0] | addr=addr_test1wrvp...2kple9 | lovelace=31.000000 ADA (31000000) | assets=d81b5bea65f0...545f41=1 | datum=inline(15B)
[preview:settle] Output[1] | addr=addr_test1wzg5...qzw693 | lovelace=39.000000 ADA (39000000) | assets=914f87959f8a...4f4f4b=1 | datum=inline(100B)
[preview:settle] Output[2] | addr=addr_test1qpgp...quxj3j | lovelace=5675.169932 ADA (5675169932)
[preview:settle] Unsigned transaction ready: bdc9013a867ee35fc4913d7289d7517f8ee010fa0c30d020c1bc324860ba6b0b
[preview:settle] Submitted transaction hash: bdc9013a867ee35fc4913d7289d7517f8ee010fa0c30d020c1bc324860ba6b0b
[preview:settle] Confirmed by Blockfrost: settle transaction bdc9013a867ee35fc4913d7289d7517f8ee010fa0c30d020c1bc324860ba6b0b.
{
  "wallet": {
    "source": "seed",
    "address": "addr_test1qpgpsm75w7l9u6au7shqzsaulrtxz2gp6xw9zhun70es6tt4t3wsjavx26kmh586erf8xxhqc2y7urq5az32sjv56nyqquxj3j"
  },
  "settledReceivers": [
    {
      "clientId": "client-a",
      "receiverUnit": "d81b5bea65f09a6a52e1e3e0cc27620ae4b1a89b4be964fee9fff74f4449415f52454345495645525f434c49454e545f41",
      "drainedLovelace": "34000000"
    }
  ],
  "totalSettledLovelace": "34000000",
  "transactions": [
    {
      "step": "preview:settle",
      "submittedTxHash": "bdc9013a867ee35fc4913d7289d7517f8ee010fa0c30d020c1bc324860ba6b0b",
      "confirmed": true
    }
  ]
}
[1G[0K⠙[1G[0K