
> @protofire/dia-cardano-oracle-cli@0.1.0 cli
> tsx src/index.ts preview:update --intent ./state/preview/intents/eth-usd.signed.json --min-utxo-lovelace 5000000 --protocol-state ./state/preview/config-bootstrap.json --client-state ./state/preview/clients/client-a.json --state ./state/preview/clients/client-a/pairs/eth-usd.json

[preview:update] Loading signed intent from /home/manuelpadilla/sources/reposUbuntu/PROTOFIRE/DIA/dia-cardano-oracle/offchain/cli/state/preview/intents/eth-usd.signed.json
[preview:update] Loading client and protocol state
[preview:update] Connecting to Preview and selecting the configured wallet
[preview:update] Building Preview oracle update transaction
[preview:update] Unsigned transaction ready: 407c49a5f10c15c105ee7c368a6133a03f3c1b808f1fd254d1b2a7082cd3449f
[preview:update] Submitted transaction hash: 407c49a5f10c15c105ee7c368a6133a03f3c1b808f1fd254d1b2a7082cd3449f
[cli] Wrote JSON output to /home/manuelpadilla/sources/reposUbuntu/PROTOFIRE/DIA/dia-cardano-oracle/offchain/cli/state/preview/clients/client-a/pairs/eth-usd.json
{
  "wallet": {
    "source": "seed",
    "address": "addr_test1qpgpsm75w7l9u6au7shqzsaulrtxz2gp6xw9zhun70es6tt4t3wsjavx26kmh586erf8xxhqc2y7urq5az32sjv56nyqquxj3j"
  },
  "pair": {
    "tokenName": "3d7739c2406edbe3bb594b8f762cf67a2c889a162f2234dc17841f61d33849f4",
    "pairId": "4554482f555344",
    "pairUnit": "d4ab2fa2ff14e1045358dfbad03382a4e46f569dcc78bdfe93a02d0b3d7739c2406edbe3bb594b8f762cf67a2c889a162f2234dc17841f61d33849f4",
    "pairValidatorAddress": "addr_test1wr22ktazlu2wzpzntr0m45pns2jwgm6knhx83007jwsz6zctjx355",
    "stateUtxo": {
      "txHash": "407c49a5f10c15c105ee7c368a6133a03f3c1b808f1fd254d1b2a7082cd3449f",
      "outputIndex": 0
    }
  },
  "pairState": {
    "pairId": "4554482f555344",
    "price": "350000000000",
    "timestamp": "1777879036",
    "nonce": "1777879036650",
    "intentHash": "e58ee36d6164f925cdc5ecc3dfb4ceb29e4bc585c8e80a8da260ea1cf24ea621",
    "signer": "2b1c7eff297766569966b630a6862947a8e5285a",
    "minUtxoLovelace": "5000000",
    "intent": {
      "intentType": "OracleUpdate",
      "version": "1.0",
      "chainId": "100640",
      "nonce": "1777879036650",
      "expiry": "1777882636",
      "symbol": "ETH/USD",
      "price": "350000000000",
      "timestamp": "1777879036",
      "source": "DIA Oracle",
      "signature": "cc81c6ff014622023951c48317b13ccf9035dd89e8c972910e0a233ff58c269b4971ad10a309f770112bc73d704b0ffbb32da85429d4f3cced181b6bdb1b19aa1b",
      "signer": "0x2b1c7eff297766569966b630a6862947a8e5285a"
    }
  },
  "datum": {
    "pairCbor": "d8799f474554482f5553441b000000517da02c001a69f847fc1b0000019df1d932ea5820e58ee36d6164f925cdc5ecc3dfb4ceb29e4bc585c8e80a8da260ea1cf24ea621542b1c7eff297766569966b630a6862947a8e5285a1a004c4b40ff"
  },
  "transactions": [
    {
      "step": "preview:update",
      "submittedTxHash": "407c49a5f10c15c105ee7c368a6133a03f3c1b808f1fd254d1b2a7082cd3449f",
      "confirmed": true
    }
  ]
}
