
> @protofire/dia-cardano-oracle-cli@0.1.0 cli
> tsx src/index.ts preview:update --intent ./state/preview/intents/dai-usd.signed.json --min-utxo-lovelace 5000000 --protocol-state ./state/preview/config-bootstrap.json --client-state ./state/preview/clients/client-a.json --state ./state/preview/clients/client-a/pairs/dai-usd.json

[preview:update] Loading signed intent from /home/manuelpadilla/sources/reposUbuntu/PROTOFIRE/DIA/dia-cardano-oracle/offchain/cli/state/preview/intents/dai-usd.signed.json
[preview:update] Loading client and protocol state
[preview:update] Connecting to Preview and selecting the configured wallet
[preview:update] Building Preview oracle update transaction
[preview:update] Unsigned transaction ready: 6b2a6364980188608e88f02ca905be69e96d67a8aaef1ba9b6c6ae2365f25d31
[preview:update] Submitted transaction hash: 6b2a6364980188608e88f02ca905be69e96d67a8aaef1ba9b6c6ae2365f25d31
[cli] Wrote JSON output to /home/manuelpadilla/sources/reposUbuntu/PROTOFIRE/DIA/dia-cardano-oracle/offchain/cli/state/preview/clients/client-a/pairs/dai-usd.json
{
  "wallet": {
    "source": "seed",
    "address": "addr_test1qpgpsm75w7l9u6au7shqzsaulrtxz2gp6xw9zhun70es6tt4t3wsjavx26kmh586erf8xxhqc2y7urq5az32sjv56nyqquxj3j"
  },
  "pair": {
    "tokenName": "0ae6401fc15363e085cf3d2f90ae10566e797d8686ab048ba30f5914c7ff2852",
    "pairId": "4441492f555344",
    "pairUnit": "d4ab2fa2ff14e1045358dfbad03382a4e46f569dcc78bdfe93a02d0b0ae6401fc15363e085cf3d2f90ae10566e797d8686ab048ba30f5914c7ff2852",
    "pairValidatorAddress": "addr_test1wr22ktazlu2wzpzntr0m45pns2jwgm6knhx83007jwsz6zctjx355",
    "stateUtxo": {
      "txHash": "6b2a6364980188608e88f02ca905be69e96d67a8aaef1ba9b6c6ae2365f25d31",
      "outputIndex": 0
    }
  },
  "pairState": {
    "pairId": "4441492f555344",
    "price": "100012000",
    "timestamp": "1777879166",
    "nonce": "1777879166873",
    "intentHash": "dd381fbc07f1ce31ade9b9722e08dd7252f122015ea6c9ceee18e5b6d4458619",
    "signer": "2b1c7eff297766569966b630a6862947a8e5285a",
    "minUtxoLovelace": "5000000",
    "intent": {
      "intentType": "OracleUpdate",
      "version": "1.0",
      "chainId": "100640",
      "nonce": "1777879166873",
      "expiry": "1777882766",
      "symbol": "DAI/USD",
      "price": "100012000",
      "timestamp": "1777879166",
      "source": "DIA Oracle",
      "signature": "5942f8ba85b7569d7656ba50a33baca001c247c10e8a0aa247b35b596cc2c901580b4e00ffbe23b8015851b5fb11528b07b89a2e969d6394b1259fba0964c5191c",
      "signer": "0x2b1c7eff297766569966b630a6862947a8e5285a"
    }
  },
  "datum": {
    "pairCbor": "d8799f474441492f5553441a05f60fe01a69f8487e1b0000019df1db2f995820dd381fbc07f1ce31ade9b9722e08dd7252f122015ea6c9ceee18e5b6d4458619542b1c7eff297766569966b630a6862947a8e5285a1a004c4b40ff"
  },
  "transactions": [
    {
      "step": "preview:update",
      "submittedTxHash": "6b2a6364980188608e88f02ca905be69e96d67a8aaef1ba9b6c6ae2365f25d31",
      "confirmed": true
    }
  ]
}
