
> @protofire/dia-cardano-oracle-cli@0.1.0 cli
> tsx src/index.ts preview:update --intent ./state/preview/intents/sol-usd.signed.json --min-utxo-lovelace 5000000 --protocol-state ./state/preview/config-bootstrap.json --client-state ./state/preview/clients/client-a.json --state ./state/preview/clients/client-a/pairs/sol-usd.json

[preview:update] Loading signed intent from /home/manuelpadilla/sources/reposUbuntu/PROTOFIRE/DIA/dia-cardano-oracle/offchain/cli/state/preview/intents/sol-usd.signed.json
[preview:update] Loading client and protocol state
[preview:update] Connecting to Preview and selecting the configured wallet
[preview:update] Building Preview oracle update transaction
[preview:update] Unsigned transaction ready: c8149192530b2566908ee5f46c73844276f30731580bf470eccf7e4ebbd2e670
[preview:update] Submitted transaction hash: c8149192530b2566908ee5f46c73844276f30731580bf470eccf7e4ebbd2e670
[cli] Wrote JSON output to /home/manuelpadilla/sources/reposUbuntu/PROTOFIRE/DIA/dia-cardano-oracle/offchain/cli/state/preview/clients/client-a/pairs/sol-usd.json
{
  "wallet": {
    "source": "seed",
    "address": "addr_test1qpgpsm75w7l9u6au7shqzsaulrtxz2gp6xw9zhun70es6tt4t3wsjavx26kmh586erf8xxhqc2y7urq5az32sjv56nyqquxj3j"
  },
  "pair": {
    "tokenName": "396545cb87b0103c8ddb5ff4329eeff88e2aef114f76b0807b21ce3d68bbbe64",
    "pairId": "534f4c2f555344",
    "pairUnit": "d4ab2fa2ff14e1045358dfbad03382a4e46f569dcc78bdfe93a02d0b396545cb87b0103c8ddb5ff4329eeff88e2aef114f76b0807b21ce3d68bbbe64",
    "pairValidatorAddress": "addr_test1wr22ktazlu2wzpzntr0m45pns2jwgm6knhx83007jwsz6zctjx355",
    "stateUtxo": {
      "txHash": "c8149192530b2566908ee5f46c73844276f30731580bf470eccf7e4ebbd2e670",
      "outputIndex": 0
    }
  },
  "pairState": {
    "pairId": "534f4c2f555344",
    "price": "18500000000",
    "timestamp": "1777879206",
    "nonce": "1777879206579",
    "intentHash": "361e586c80a18fa73a9cb92ae43c0f462de84a32d93994158b4654073ccf547a",
    "signer": "2b1c7eff297766569966b630a6862947a8e5285a",
    "minUtxoLovelace": "5000000",
    "intent": {
      "intentType": "OracleUpdate",
      "version": "1.0",
      "chainId": "100640",
      "nonce": "1777879206579",
      "expiry": "1777882806",
      "symbol": "SOL/USD",
      "price": "18500000000",
      "timestamp": "1777879206",
      "source": "DIA Oracle",
      "signature": "1fc0716c989b348aceb23d6fb7ffed6c3e7110751d3d097fcb591dc9ac44a9cf36841c5a04ed7e9e82684cb3e640678edd01a509ddd9ec7610357f60615feeb31c",
      "signer": "0x2b1c7eff297766569966b630a6862947a8e5285a"
    }
  },
  "datum": {
    "pairCbor": "d8799f47534f4c2f5553441b000000044eaf99001a69f848a61b0000019df1dbcab35820361e586c80a18fa73a9cb92ae43c0f462de84a32d93994158b4654073ccf547a542b1c7eff297766569966b630a6862947a8e5285a1a004c4b40ff"
  },
  "transactions": [
    {
      "step": "preview:update",
      "submittedTxHash": "c8149192530b2566908ee5f46c73844276f30731580bf470eccf7e4ebbd2e670",
      "confirmed": true
    }
  ]
}
