
> @protofire/dia-cardano-oracle-cli@0.1.0 cli
> tsx src/index.ts preview:update --intent ./state/preview/intents/dot-usd.signed.json --min-utxo-lovelace 5000000 --protocol-state ./state/preview/config-bootstrap.json --client-state ./state/preview/clients/client-a.json --state ./state/preview/clients/client-a/pairs/dot-usd.json

[preview:update] Loading signed intent from /home/manuelpadilla/sources/reposUbuntu/PROTOFIRE/DIA/dia-cardano-oracle/offchain/cli/state/preview/intents/dot-usd.signed.json
[preview:update] Loading client and protocol state
[preview:update] Connecting to Preview and selecting the configured wallet
[preview:update] Building Preview oracle update transaction
[preview:update] Unsigned transaction ready: 77f627a7cb575596c58124c096735169b5aaef3872ccd2d57d2013b194478303
[preview:update] Submitted transaction hash: 77f627a7cb575596c58124c096735169b5aaef3872ccd2d57d2013b194478303
[cli] Wrote JSON output to /home/manuelpadilla/sources/reposUbuntu/PROTOFIRE/DIA/dia-cardano-oracle/offchain/cli/state/preview/clients/client-a/pairs/dot-usd.json
{
  "wallet": {
    "source": "seed",
    "address": "addr_test1qpgpsm75w7l9u6au7shqzsaulrtxz2gp6xw9zhun70es6tt4t3wsjavx26kmh586erf8xxhqc2y7urq5az32sjv56nyqquxj3j"
  },
  "pair": {
    "tokenName": "ff3f796230b336b4e5c8d3af0440cbe0346a64cdab5e9cba4a8e2f476152daee",
    "pairId": "444f542f555344",
    "pairUnit": "d4ab2fa2ff14e1045358dfbad03382a4e46f569dcc78bdfe93a02d0bff3f796230b336b4e5c8d3af0440cbe0346a64cdab5e9cba4a8e2f476152daee",
    "pairValidatorAddress": "addr_test1wr22ktazlu2wzpzntr0m45pns2jwgm6knhx83007jwsz6zctjx355",
    "stateUtxo": {
      "txHash": "77f627a7cb575596c58124c096735169b5aaef3872ccd2d57d2013b194478303",
      "outputIndex": 0
    }
  },
  "pairState": {
    "pairId": "444f542f555344",
    "price": "42000000",
    "timestamp": "1777879452",
    "nonce": "1777879452135",
    "intentHash": "b1d6aaa3b9525bbbb4ba20cd6ffd8c675147ec5c6093055448aa2e8c394dfed0",
    "signer": "2b1c7eff297766569966b630a6862947a8e5285a",
    "minUtxoLovelace": "5000000",
    "intent": {
      "intentType": "OracleUpdate",
      "version": "1.0",
      "chainId": "100640",
      "nonce": "1777879452135",
      "expiry": "1777883052",
      "symbol": "DOT/USD",
      "price": "42000000",
      "timestamp": "1777879452",
      "source": "DIA Oracle",
      "signature": "02a487ebbf5e80a5a299eca2aba23da575a58f907c8139e6bf1dbc2e64863a1843f89ae6ad2f541f990d3f004829886b834df978940838be11b71191e48ded311b",
      "signer": "0x2b1c7eff297766569966b630a6862947a8e5285a"
    }
  },
  "datum": {
    "pairCbor": "d8799f47444f542f5553441a0280de801a69f8499c1b0000019df1df89e75820b1d6aaa3b9525bbbb4ba20cd6ffd8c675147ec5c6093055448aa2e8c394dfed0542b1c7eff297766569966b630a6862947a8e5285a1a004c4b40ff"
  },
  "transactions": [
    {
      "step": "preview:update",
      "submittedTxHash": "77f627a7cb575596c58124c096735169b5aaef3872ccd2d57d2013b194478303",
      "confirmed": true
    }
  ]
}
