
> @protofire/dia-cardano-oracle-cli@0.1.0 cli
> tsx src/index.ts preview:update --intent ./state/preview/intents/btc-usd.signed.json --min-utxo-lovelace 5000000 --protocol-state ./state/preview/config-bootstrap.json --client-state ./state/preview/clients/client-a.json --state ./state/preview/clients/client-a/pairs/btc-usd.json

[preview:update] Loading signed intent from /home/manuelpadilla/sources/reposUbuntu/PROTOFIRE/DIA/dia-cardano-oracle/offchain/cli/state/preview/intents/btc-usd.signed.json
[preview:update] Loading client and protocol state
[preview:update] Connecting to Preview and selecting the configured wallet
[preview:update] Building Preview oracle update transaction
[preview:update] Unsigned transaction ready: 0fc6bf5bcdd6a27819cc7521e2e8259ea7be78a3199b17fb7c4cb2de93d9179f
[preview:update] Submitted transaction hash: 0fc6bf5bcdd6a27819cc7521e2e8259ea7be78a3199b17fb7c4cb2de93d9179f
[cli] Wrote JSON output to /home/manuelpadilla/sources/reposUbuntu/PROTOFIRE/DIA/dia-cardano-oracle/offchain/cli/state/preview/clients/client-a/pairs/btc-usd.json
{
  "wallet": {
    "source": "seed",
    "address": "addr_test1qpgpsm75w7l9u6au7shqzsaulrtxz2gp6xw9zhun70es6tt4t3wsjavx26kmh586erf8xxhqc2y7urq5az32sjv56nyqquxj3j"
  },
  "pair": {
    "tokenName": "8a3859b168b77160150b13c200392328254c3758f082050fd7ec5c340ac2a497",
    "pairId": "4254432f555344",
    "pairUnit": "d4ab2fa2ff14e1045358dfbad03382a4e46f569dcc78bdfe93a02d0b8a3859b168b77160150b13c200392328254c3758f082050fd7ec5c340ac2a497",
    "pairValidatorAddress": "addr_test1wr22ktazlu2wzpzntr0m45pns2jwgm6knhx83007jwsz6zctjx355",
    "stateUtxo": {
      "txHash": "0fc6bf5bcdd6a27819cc7521e2e8259ea7be78a3199b17fb7c4cb2de93d9179f",
      "outputIndex": 0
    }
  },
  "pairState": {
    "pairId": "4254432f555344",
    "price": "6000000000000",
    "timestamp": "1777879006",
    "nonce": "1777879006205",
    "intentHash": "f5ccf720a424a5cc1a71c64a5d8e356de17d4c8aa87a562795d79ae6ec51c334",
    "signer": "2b1c7eff297766569966b630a6862947a8e5285a",
    "minUtxoLovelace": "5000000",
    "intent": {
      "intentType": "OracleUpdate",
      "version": "1.0",
      "chainId": "100640",
      "nonce": "1777879006205",
      "expiry": "1777882606",
      "symbol": "BTC/USD",
      "price": "6000000000000",
      "timestamp": "1777879006",
      "source": "DIA Oracle",
      "signature": "5c9089a1d4d1bdc0543eeb5ec674ef693315e414d7b2a0e23c06112688936d905cc7e3fc5b3c3083bc0e3d08143302f1802dab6ac372cce6f4f1e349cbcbc8e51b",
      "signer": "0x2b1c7eff297766569966b630a6862947a8e5285a"
    }
  },
  "datum": {
    "pairCbor": "d8799f474254432f5553441b00000574fbde60001a69f847de1b0000019df1d8bbfd5820f5ccf720a424a5cc1a71c64a5d8e356de17d4c8aa87a562795d79ae6ec51c334542b1c7eff297766569966b630a6862947a8e5285a1a004c4b40ff"
  },
  "transactions": [
    {
      "step": "preview:update",
      "submittedTxHash": "0fc6bf5bcdd6a27819cc7521e2e8259ea7be78a3199b17fb7c4cb2de93d9179f",
      "confirmed": true
    }
  ]
}
