
> @protofire/dia-cardano-oracle-cli@0.1.0 cli
> tsx src/index.ts preview:update --intent ./state/preview/intents/ada-usd.signed.json --min-utxo-lovelace 5000000 --protocol-state ./state/preview/config-bootstrap.json --client-state ./state/preview/clients/client-a.json --state ./state/preview/clients/client-a/pairs/ada-usd.json

[preview:update] Loading signed intent from /home/manuelpadilla/sources/reposUbuntu/PROTOFIRE/DIA/dia-cardano-oracle/offchain/cli/state/preview/intents/ada-usd.signed.json
[preview:update] Loading client and protocol state
[preview:update] Connecting to Preview and selecting the configured wallet
[preview:update] Building Preview oracle update transaction
[preview:update] Unsigned transaction ready: ddae0b30ce9f60cd8f6c972c616e075316971d4cddb1b20cc34acfbd111e144c
[preview:update] Submitted transaction hash: ddae0b30ce9f60cd8f6c972c616e075316971d4cddb1b20cc34acfbd111e144c
[cli] Wrote JSON output to /home/manuelpadilla/sources/reposUbuntu/PROTOFIRE/DIA/dia-cardano-oracle/offchain/cli/state/preview/clients/client-a/pairs/ada-usd.json
{
  "wallet": {
    "source": "seed",
    "address": "addr_test1qpgpsm75w7l9u6au7shqzsaulrtxz2gp6xw9zhun70es6tt4t3wsjavx26kmh586erf8xxhqc2y7urq5az32sjv56nyqquxj3j"
  },
  "pair": {
    "tokenName": "04e5366fb69cdc906d0e8841d641628f09a50f7618e944de5cdb7a26b95e32b4",
    "pairId": "4144412f555344",
    "pairUnit": "d4ab2fa2ff14e1045358dfbad03382a4e46f569dcc78bdfe93a02d0b04e5366fb69cdc906d0e8841d641628f09a50f7618e944de5cdb7a26b95e32b4",
    "pairValidatorAddress": "addr_test1wr22ktazlu2wzpzntr0m45pns2jwgm6knhx83007jwsz6zctjx355",
    "stateUtxo": {
      "txHash": "ddae0b30ce9f60cd8f6c972c616e075316971d4cddb1b20cc34acfbd111e144c",
      "outputIndex": 0
    }
  },
  "pairState": {
    "pairId": "4144412f555344",
    "price": "45000000",
    "timestamp": "1777879081",
    "nonce": "1777879081815",
    "intentHash": "1701949381edfa8f96983a08b705db6ece6b42d3283335a9e525d3bb1d31a5a7",
    "signer": "2b1c7eff297766569966b630a6862947a8e5285a",
    "minUtxoLovelace": "5000000",
    "intent": {
      "intentType": "OracleUpdate",
      "version": "1.0",
      "chainId": "100640",
      "nonce": "1777879081815",
      "expiry": "1777882681",
      "symbol": "ADA/USD",
      "price": "45000000",
      "timestamp": "1777879081",
      "source": "DIA Oracle",
      "signature": "d0e9e73986bb9016036d3a3723e9a47d043c35d328d8ff0db5db3d0efce7be630d1f1a59c56babe858e6736cc6feaab8b4a676da185254439e07c5f728f8ee301c",
      "signer": "0x2b1c7eff297766569966b630a6862947a8e5285a"
    }
  },
  "datum": {
    "pairCbor": "d8799f474144412f5553441a02aea5401a69f848291b0000019df1d9e35758201701949381edfa8f96983a08b705db6ece6b42d3283335a9e525d3bb1d31a5a7542b1c7eff297766569966b630a6862947a8e5285a1a004c4b40ff"
  },
  "transactions": [
    {
      "step": "preview:update",
      "submittedTxHash": "ddae0b30ce9f60cd8f6c972c616e075316971d4cddb1b20cc34acfbd111e144c",
      "confirmed": true
    }
  ]
}
