
> @protofire/dia-cardano-oracle-cli@0.1.0 cli
> tsx src/index.ts preview:settle --protocol-state ./state/preview/config-bootstrap.json --client-state ./state/preview/clients/client-a.json

[preview:settle] Loading protocol state from /home/manuelpadilla/sources/reposUbuntu/PROTOFIRE/DIA/dia-cardano-oracle/offchain/cli/state/preview/config-bootstrap.json
[preview:settle] Loading client state from /home/manuelpadilla/sources/reposUbuntu/PROTOFIRE/DIA/dia-cardano-oracle/offchain/cli/state/preview/clients/client-a.json
[preview:settle] Connecting to Preview and selecting the configured wallet
[preview:settle] Settling 42000000 lovelace from receiver to payment hook
[preview:settle] Building Preview settle transaction
[preview:settle] Unsigned transaction ready: 8e996d89368739ca80ef4620db713a8e44de1b828c8f17d71a443dd58e187791
[preview:settle] Submitted transaction hash: 8e996d89368739ca80ef4620db713a8e44de1b828c8f17d71a443dd58e187791
{
  "wallet": {
    "source": "seed",
    "address": "addr_test1qpgpsm75w7l9u6au7shqzsaulrtxz2gp6xw9zhun70es6tt4t3wsjavx26kmh586erf8xxhqc2y7urq5az32sjv56nyqquxj3j"
  },
  "settledReceivers": [
    {
      "clientId": "client-a",
      "receiverUnit": "88d18b98f41f20a1808340ab03a30f1700c631d6a899e37b7ddb8a324449415f52454345495645525f434c49454e545f41",
      "drainedLovelace": "42000000"
    }
  ],
  "totalSettledLovelace": "42000000",
  "transactions": [
    {
      "step": "preview:settle",
      "submittedTxHash": "8e996d89368739ca80ef4620db713a8e44de1b828c8f17d71a443dd58e187791",
      "confirmed": true
    }
  ]
}
